TpTrace Verbose: 0 : 37132, 1, 2025/11/02, 20:03:32.704, 713377560861, testhost.net472.exe, Version: 17.14.1-release-25302-01 Current process architecture: X64
TpTrace Verbose: 0 : 37132, 1, 2025/11/02, 20:03:32.706, 713377583115, testhost.net472.exe, Runtime location: C:\Windows\Microsoft.NET\Framework64\v4.0.30319
TpTrace Information: 0 : 37132, 1, 2025/11/02, 20:03:32.708, 713377597059, testhost.net472.exe, DefaultEngineInvoker.Invoke: Testhost process started with args :[--port, 59250],[--endpoint, 127.0.0.1:059250],[--role, client],[--parentprocessid, 15376],[--diag, C:\Users\Dante Salvador\OneDrive\Documents\Task\order-submission-system\diag-mstest.host.25-11-02_20-03-32_50980_5.log],[--tracelevel, 4],[--telemetryoptedin, false]
TpTrace Information: 0 : 37132, 1, 2025/11/02, 20:03:32.709, 713377604008, testhost.net472.exe, DefaultEngineInvoker: Using Application Configuration: '<?xml version="1.0" encoding="utf-8"?>
<configuration>
  <startup useLegacyV2RuntimeActivationPolicy="true">
    <supportedRuntime version="v4.0" sku=".NETFramework,Version=v4.0" />
  </startup>
  <runtime>
    <legacyUnhandledExceptionPolicy enabled="1" />
    <legacyCorruptedStateExceptionsPolicy enabled="true" />
    <!-- To get stacktrace information for portable and embedded pdbs when net472 installed on machine.
          More details https://github.com/dotnet/designs/blob/master/accepted/diagnostics/debugging-with-symbols-and-sources.md#stack-traces -->
    <AppContextSwitchOverrides value="Switch.System.Diagnostics.IgnorePortablePDBsInStackTraces=false" />
    <assemblyBinding xmlns="urn:schemas-microsoft-com:asm.v1">
      <probing privatePath="Extensions" />
      <!-- Test adapters compiled against version 11-14, need to be redirected to version 15. -->
      <dependentAssembly>
        <assemblyIdentity name="Microsoft.VisualStudio.TestPlatform.ObjectModel" publicKeyToken="b03f5f7f11d50a3a" culture="neutral" />
        <bindingRedirect oldVersion="11.0.0.0-14.0.0.0" newVersion="15.0.0.0" />
      </dependentAssembly>
      <dependentAssembly>
        <assemblyIdentity name="Microsoft.VisualStudio.TestWindow.Interfaces" publicKeyToken="b03f5f7f11d50a3a" culture="neutral" />
        <bindingRedirect oldVersion="11.0.0.0-16.0.0.0" newVersion="17.0.0.0" />
      </dependentAssembly>
      <dependentAssembly>
        <assemblyIdentity name="Microsoft.VisualStudio.QualityTools.UnitTestFramework" publicKeyToken="b03f5f7f11d50a3a" culture="neutral" />
        <bindingRedirect oldVersion="10.1.0.0" newVersion="10.0.0.0" />
      </dependentAssembly>
      <dependentAssembly>
        <assemblyIdentity name="Microsoft.VisualStudio.QualityTools.Resource" publicKeyToken="b03f5f7f11d50a3a" culture="neutral" />
        <bindingRedirect oldVersion="10.0.0.0-16.0.0.0" newVersion="17.0.0.0" />
      </dependentAssembly>
      <dependentAssembly>
        <assemblyIdentity name="Microsoft.VisualStudio.QualityTools.ControllerObject" publicKeyToken="b03f5f7f11d50a3a" culture="neutral" />
        <bindingRedirect oldVersion="10.0.0.0-16.0.0.0" newVersion="17.0.0.0" />
      </dependentAssembly>
      <dependentAssembly>
        <assemblyIdentity name="Microsoft.VisualStudio.QualityTools.ExecutionCommon" publicKeyToken="b03f5f7f11d50a3a" culture="neutral" />
        <bindingRedirect oldVersion="10.0.0.0-16.0.0.0" newVersion="17.0.0.0" />
      </dependentAssembly>
      <dependentAssembly>
        <assemblyIdentity name="Microsoft.VisualStudio.QualityTools.Common" publicKeyToken="b03f5f7f11d50a3a" culture="neutral" />
        <bindingRedirect oldVersion="10.0.0.0-16.0.0.0" newVersion="17.0.0.0" />
      </dependentAssembly>
      <dependentAssembly>
        <assemblyIdentity name="Microsoft.VisualStudio.QualityTools.Tips.UnitTest.ObjectModel" publicKeyToken="b03f5f7f11d50a3a" culture="neutral" />
        <bindingRedirect oldVersion="10.0.0.0-16.0.0.0" newVersion="17.0.0.0" />
      </dependentAssembly>
      <dependentAssembly>
        <!-- Microsoft.Extensions.DependencyModel depends on version 9.0.0, and newer versions of that nuget don't support all the frameworks we need anymore. -->
        <assemblyIdentity name="Newtonsoft.Json" publicKeyToken="30ad4fe6b2a6aeed" culture="neutral" />
        <bindingRedirect oldVersion="9.0.0.0-13.0.0.0" newVersion="13.0.0.0" />
      </dependentAssembly>
      <dependentAssembly>
        <assemblyIdentity name="Microsoft.Extensions.FileSystemGlobbing" publicKeyToken="adb9793829ddae60" culture="neutral" />
        <bindingRedirect oldVersion="1.0.0.0-2.0.0.0" newVersion="2.0.0.0" />
      </dependentAssembly>
      <dependentAssembly>
        <assemblyIdentity name="System.Runtime.CompilerServices.Unsafe" publicKeyToken="b03f5f7f11d50a3a" culture="neutral" />
        <bindingRedirect oldVersion="1.0.0.0-6.0.0.0" newVersion="6.0.0.0" />
      </dependentAssembly>
      <dependentAssembly>
        <assemblyIdentity name="System.Collections.Immutable" publicKeyToken="b03f5f7f11d50a3a" culture="neutral" />
        <bindingRedirect oldVersion="1.0.0.0-8.0.0.0" newVersion="8.0.0.0" />
      </dependentAssembly>
      <dependentAssembly>
        <assemblyIdentity name="System.Reflection.Metadata" publicKeyToken="b03f5f7f11d50a3a" culture="neutral" />
        <bindingRedirect oldVersion="1.0.0.0-8.0.0.0" newVersion="8.0.0.0" />
      </dependentAssembly>
    </assemblyBinding>
  </runtime>
  <system.diagnostics>
    <switches>
      <add name="TpTraceLevel" value="0" />
    </switches>
  </system.diagnostics>
  <appSettings>
    <!--<add key="ExecutionThreadApartmentState" value ="MTA"/>-->
    <!--<add key="TraceLogMaxFileSizeInKb" value ="10240"/>-->
    <!-- MsTest Adapter Specific AppSettings -->
    <!-- This flag is added to support test execution for net35 tests through TMI adapter. -->
    <add key="TestProjectRetargetTo35Allowed" value="true" />
  </appSettings>
</configuration>'
TpTrace Information: 0 : 37132, 1, 2025/11/02, 20:03:32.709, 713377611596, testhost.net472.exe, DefaultEngineInvoker.SetParentProcessExitCallback: Monitoring parent process with id: '15376'
TpTrace Information: 0 : 37132, 1, 2025/11/02, 20:03:32.720, 713377718881, testhost.net472.exe, DefaultEngineInvoker.GetConnectionInfo: Initialize communication on endpoint address: '127.0.0.1:059250'
TpTrace Information: 0 : 37132, 1, 2025/11/02, 20:03:32.725, 713377772310, testhost.net472.exe, SocketClient.Start: connecting to server endpoint: 127.0.0.1:059250
TpTrace Information: 0 : 37132, 1, 2025/11/02, 20:03:32.728, 713377794322, testhost.net472.exe, DefaultEngineInvoker.Invoke: Start Request Processing.
TpTrace Information: 0 : 37132, 8, 2025/11/02, 20:03:32.750, 713378022795, testhost.net472.exe, SocketClient.OnServerConnected: connected to server endpoint: 127.0.0.1:059250
TpTrace Information: 0 : 37132, 6, 2025/11/02, 20:03:32.757, 713378098070, testhost.net472.exe, DefaultEngineInvoker.StartProcessingAsync: Connected to vstest.console, Starting process requests.
TpTrace Verbose: 0 : 37132, 8, 2025/11/02, 20:03:32.758, 713378099077, testhost.net472.exe, MulticastDelegateUtilities.SafeInvoke: SocketClient: ServerConnected: Invoking callback 1/1 for Microsoft.VisualStudio.TestPlatform.CommunicationUtilities.TestRequestHandler., took 3 ms.
TpTrace Verbose: 0 : 37132, 8, 2025/11/02, 20:03:32.758, 713378099859, testhost.net472.exe, Connected to server, and starting MessageLoopAsync
TpTrace Verbose: 0 : 37132, 8, 2025/11/02, 20:03:32.760, 713378120857, testhost.net472.exe, TcpClientExtensions.MessageLoopAsync: Polling on remoteEndPoint: 127.0.0.1:59250 localEndPoint: 127.0.0.1:59251 after 0 ms
TpTrace Verbose: 0 : 37132, 8, 2025/11/02, 20:03:32.776, 713378279475, testhost.net472.exe, TcpClientExtensions.MessageLoopAsync: NotifyDataAvailable remoteEndPoint: 127.0.0.1:59250 localEndPoint: 127.0.0.1:59251
TpTrace Information: 0 : 37132, 8, 2025/11/02, 20:03:32.782, 713378341392, testhost.net472.exe, TestRequestHandler.OnMessageReceived: received message: (ProtocolVersion) -> {"MessageType":"ProtocolVersion","Payload":7}
TpTrace Verbose: 0 : 37132, 8, 2025/11/02, 20:03:32.812, 713378640356, testhost.net472.exe, TestRequestHandler.SendData: sending data from testhost: {"Version":7,"MessageType":"TestSession.Message","Payload":{"MessageLevel":0,"Message":"Logging TestHost Diagnostics in file: C:\\Users\\Dante Salvador\\OneDrive\\Documents\\Task\\order-submission-system\\diag-mstest.host.25-11-02_20-03-32_50980_5.log"}}
TpTrace Verbose: 0 : 37132, 8, 2025/11/02, 20:03:32.812, 713378642952, testhost.net472.exe, MulticastDelegateUtilities.SafeInvoke: LengthPrefixCommunicationChannel: MessageReceived: Invoking callback 1/1 for Microsoft.VisualStudio.TestPlatform.CommunicationUtilities.TestRequestHandler., took 35 ms.
TpTrace Verbose: 0 : 37132, 8, 2025/11/02, 20:03:32.812, 713378643545, testhost.net472.exe, TcpClientExtensions.MessageLoopAsync: Polling on remoteEndPoint: 127.0.0.1:59250 localEndPoint: 127.0.0.1:59251 after 52 ms
TpTrace Verbose: 0 : 37132, 8, 2025/11/02, 20:03:32.816, 713378680652, testhost.net472.exe, TcpClientExtensions.MessageLoopAsync: NotifyDataAvailable remoteEndPoint: 127.0.0.1:59250 localEndPoint: 127.0.0.1:59251
TpTrace Information: 0 : 37132, 8, 2025/11/02, 20:03:32.816, 713378682460, testhost.net472.exe, TestRequestHandler.OnMessageReceived: received message: (TestExecution.Initialize) -> {"Version":7,"MessageType":"TestExecution.Initialize","Payload":["C:\\Program Files\\dotnet\\sdk\\9.0.304\\Extensions\\Microsoft.Diagnostics.NETCore.Client.dll","C:\\Program Files\\dotnet\\sdk\\9.0.304\\Extensions\\Microsoft.TestPlatform.Extensions.BlameDataCollector.dll","C:\\Program Files\\dotnet\\sdk\\9.0.304\\Extensions\\Microsoft.TestPlatform.Extensions.EventLogCollector.dll","C:\\Program Files\\dotnet\\sdk\\9.0.304\\Extensions\\Microsoft.TestPlatform.TestHostRuntimeProvider.dll","C:\\Program Files\\dotnet\\sdk\\9.0.304\\Extensions\\Microsoft.VisualStudio.TestPlatform.Extensions.Html.TestLogger.dll","C:\\Program Files\\dotnet\\sdk\\9.0.304\\Extensions\\Microsoft.VisualStudio.TestPlatform.Extensions.Trx.TestLogger.dll","C:\\Users\\Dante Salvador\\OneDrive\\Documents\\Task\\order-submission-system\\tests\\OrderSubmissionSystem.Application.Tests\\bin\\Debug\\net472\\Microsoft.VisualStudio.TestPlatform.MSTest.TestAdapter.dll"]}
TpTrace Verbose: 0 : 37132, 8, 2025/11/02, 20:03:32.820, 713378719174, testhost.net472.exe, MulticastDelegateUtilities.SafeInvoke: LengthPrefixCommunicationChannel: MessageReceived: Invoking callback 1/1 for Microsoft.VisualStudio.TestPlatform.CommunicationUtilities.TestRequestHandler., took 3 ms.
TpTrace Verbose: 0 : 37132, 8, 2025/11/02, 20:03:32.820, 713378720257, testhost.net472.exe, TcpClientExtensions.MessageLoopAsync: Polling on remoteEndPoint: 127.0.0.1:59250 localEndPoint: 127.0.0.1:59251 after 7 ms
TpTrace Information: 0 : 37132, 3, 2025/11/02, 20:03:32.820, 713378725510, testhost.net472.exe, TestRequestHandler.OnMessageReceived: Running job 'TestExecution.Initialize'.
TpTrace Verbose: 0 : 37132, 8, 2025/11/02, 20:03:32.825, 713378764038, testhost.net472.exe, TcpClientExtensions.MessageLoopAsync: NotifyDataAvailable remoteEndPoint: 127.0.0.1:59250 localEndPoint: 127.0.0.1:59251
TpTrace Information: 0 : 37132, 8, 2025/11/02, 20:03:32.825, 713378765635, testhost.net472.exe, TestRequestHandler.OnMessageReceived: received message: (TestExecution.StartWithSources) -> {"Version":7,"MessageType":"TestExecution.StartWithSources","Payload":{"AdapterSourceMap":{"_none_":["C:\\Users\\Dante Salvador\\OneDrive\\Documents\\Task\\order-submission-system\\tests\\OrderSubmissionSystem.Application.Tests\\bin\\Debug\\net472\\OrderSubmissionSystem.Application.Tests.dll"]},"RunSettings":"<RunSettings>\r\n  <RunConfiguration>\r\n    <ResultsDirectory>C:\\Users\\Dante Salvador\\OneDrive\\Documents\\Task\\order-submission-system\\tests\\OrderSubmissionSystem.Application.Tests\\TestResults</ResultsDirectory>\r\n    <TargetFrameworkVersion>.NETFramework,Version=v4.7.2</TargetFrameworkVersion>\r\n    <DesignMode>False</DesignMode>\r\n    <CollectSourceInformation>False</CollectSourceInformation>\r\n  </RunConfiguration>\r\n  <LoggerRunSettings>\r\n    <Loggers>\r\n      <Logger friendlyName=\"Console\" assemblyQualifiedName=\"Microsoft.VisualStudio.TestPlatform.CommandLine.Internal.ConsoleLogger, vstest.console, Version=15.0.0.0, Culture=neutral, PublicKeyToken=b03f5f7f11d50a3a\" codeBase=\"C:\\Program Files\\dotnet\\sdk\\9.0.304\\vstest.console.dll\" enabled=\"True\">\r\n        <Configuration>\r\n          <Verbosity>minimal</Verbosity>\r\n        </Configuration>\r\n      </Logger>\r\n    </Loggers>\r\n  </LoggerRunSettings>\r\n</RunSettings>","TestExecutionContext":{"FrequencyOfRunStatsChangeEvent":10,"RunStatsChangeEventTimeout":"00:00:01.5000000","InIsolation":false,"KeepAlive":false,"AreTestCaseLevelEventsRequired":false,"IsDebug":false,"TestCaseFilter":null,"FilterOptions":null},"Package":null}}
TpTrace Verbose: 0 : 37132, 3, 2025/11/02, 20:03:32.827, 713378793749, testhost.net472.exe, TestExecutorService: Loading the extensions
TpTrace Verbose: 0 : 37132, 3, 2025/11/02, 20:03:32.830, 713378824032, testhost.net472.exe, TestPluginCache.DiscoverTestExtensions: finding test extensions in assemblies ends with: TestAdapter.dll TPluginInfo: Microsoft.VisualStudio.TestPlatform.Common.ExtensionFramework.Utilities.TestExecutorPluginInformation TExtension: Microsoft.VisualStudio.TestPlatform.ObjectModel.Adapter.ITestExecutor
TpTrace Verbose: 0 : 37132, 3, 2025/11/02, 20:03:32.832, 713378844282, testhost.net472.exe, TestPluginCache.GetExtensionPaths: Filtered extension paths: 
TpTrace Verbose: 0 : 37132, 3, 2025/11/02, 20:03:32.832, 713378845642, testhost.net472.exe, TestPluginCache.GetExtensionPaths: Added default extension paths: C:\Program Files\dotnet\sdk\9.0.304\Extensions\Microsoft.Diagnostics.NETCore.Client.dll
C:\Program Files\dotnet\sdk\9.0.304\Extensions\Microsoft.TestPlatform.Extensions.BlameDataCollector.dll
C:\Program Files\dotnet\sdk\9.0.304\Extensions\Microsoft.TestPlatform.Extensions.EventLogCollector.dll
C:\Program Files\dotnet\sdk\9.0.304\Extensions\Microsoft.TestPlatform.TestHostRuntimeProvider.dll
C:\Program Files\dotnet\sdk\9.0.304\Extensions\Microsoft.VisualStudio.TestPlatform.Extensions.Html.TestLogger.dll
C:\Program Files\dotnet\sdk\9.0.304\Extensions\Microsoft.VisualStudio.TestPlatform.Extensions.Trx.TestLogger.dll
C:\Users\Dante Salvador\OneDrive\Documents\Task\order-submission-system\tests\OrderSubmissionSystem.Application.Tests\bin\Debug\net472\Microsoft.VisualStudio.TestPlatform.MSTest.TestAdapter.dll
TpTrace Verbose: 0 : 37132, 3, 2025/11/02, 20:03:32.832, 713378846047, testhost.net472.exe, TestPluginCache.GetExtensionPaths: Added unfilterableExtensionPaths: 
TpTrace Information: 0 : 37132, 3, 2025/11/02, 20:03:32.833, 713378860551, testhost.net472.exe, AssemblyResolver.ctor: Creating AssemblyResolver with searchDirectories C:\Program Files\dotnet\sdk\9.0.304\Extensions,C:\Users\Dante Salvador\OneDrive\Documents\Task\order-submission-system\tests\OrderSubmissionSystem.Application.Tests\bin\Debug\net472,C:\Program Files\dotnet\sdk\9.0.304\TestHostNetFramework
TpTrace Verbose: 0 : 37132, 8, 2025/11/02, 20:03:32.833, 713378863221, testhost.net472.exe, MulticastDelegateUtilities.SafeInvoke: LengthPrefixCommunicationChannel: MessageReceived: Invoking callback 1/1 for Microsoft.VisualStudio.TestPlatform.CommunicationUtilities.TestRequestHandler., took 9 ms.
TpTrace Verbose: 0 : 37132, 8, 2025/11/02, 20:03:32.833, 713378864267, testhost.net472.exe, TcpClientExtensions.MessageLoopAsync: Polling on remoteEndPoint: 127.0.0.1:59250 localEndPoint: 127.0.0.1:59251 after 14 ms
TpTrace Verbose: 0 : 37132, 3, 2025/11/02, 20:03:32.835, 713378866061, testhost.net472.exe, TestPluginCache.DiscoverTestExtensions: Discovering the extensions using extension path.
TpTrace Verbose: 0 : 37132, 3, 2025/11/02, 20:03:32.835, 713378866882, testhost.net472.exe, TestPluginCache.GetExtensionPaths: Filtered extension paths: 
TpTrace Verbose: 0 : 37132, 3, 2025/11/02, 20:03:32.835, 713378867276, testhost.net472.exe, TestPluginCache.GetExtensionPaths: Added default extension paths: C:\Program Files\dotnet\sdk\9.0.304\Extensions\Microsoft.Diagnostics.NETCore.Client.dll
C:\Program Files\dotnet\sdk\9.0.304\Extensions\Microsoft.TestPlatform.Extensions.BlameDataCollector.dll
C:\Program Files\dotnet\sdk\9.0.304\Extensions\Microsoft.TestPlatform.Extensions.EventLogCollector.dll
C:\Program Files\dotnet\sdk\9.0.304\Extensions\Microsoft.TestPlatform.TestHostRuntimeProvider.dll
C:\Program Files\dotnet\sdk\9.0.304\Extensions\Microsoft.VisualStudio.TestPlatform.Extensions.Html.TestLogger.dll
C:\Program Files\dotnet\sdk\9.0.304\Extensions\Microsoft.VisualStudio.TestPlatform.Extensions.Trx.TestLogger.dll
C:\Users\Dante Salvador\OneDrive\Documents\Task\order-submission-system\tests\OrderSubmissionSystem.Application.Tests\bin\Debug\net472\Microsoft.VisualStudio.TestPlatform.MSTest.TestAdapter.dll
TpTrace Verbose: 0 : 37132, 3, 2025/11/02, 20:03:32.835, 713378868142, testhost.net472.exe, TestPluginCache.GetExtensionPaths: Added unfilterableExtensionPaths: 
TpTrace Verbose: 0 : 37132, 3, 2025/11/02, 20:03:32.835, 713378868626, testhost.net472.exe, TestPluginCache.DiscoverTestExtensions: Discovering the extensions using allExtensionPaths: C:\Program Files\dotnet\sdk\9.0.304\Extensions\Microsoft.Diagnostics.NETCore.Client.dll
C:\Program Files\dotnet\sdk\9.0.304\Extensions\Microsoft.TestPlatform.Extensions.BlameDataCollector.dll
C:\Program Files\dotnet\sdk\9.0.304\Extensions\Microsoft.TestPlatform.Extensions.EventLogCollector.dll
C:\Program Files\dotnet\sdk\9.0.304\Extensions\Microsoft.TestPlatform.TestHostRuntimeProvider.dll
C:\Program Files\dotnet\sdk\9.0.304\Extensions\Microsoft.VisualStudio.TestPlatform.Extensions.Html.TestLogger.dll
C:\Program Files\dotnet\sdk\9.0.304\Extensions\Microsoft.VisualStudio.TestPlatform.Extensions.Trx.TestLogger.dll
C:\Users\Dante Salvador\OneDrive\Documents\Task\order-submission-system\tests\OrderSubmissionSystem.Application.Tests\bin\Debug\net472\Microsoft.VisualStudio.TestPlatform.MSTest.TestAdapter.dll
TpTrace Information: 0 : 37132, 3, 2025/11/02, 20:03:32.836, 713378878471, testhost.net472.exe, AssemblyResolver.AddSearchDirectories: Adding more searchDirectories C:\Program Files\dotnet\sdk\9.0.304\Extensions,C:\Program Files\dotnet\sdk\9.0.304\TestHostNetFramework
TpTrace Information: 0 : 37132, 3, 2025/11/02, 20:03:32.836, 713378879574, testhost.net472.exe, AssemblyResolver.AddSearchDirectories: Adding more searchDirectories C:\Program Files\dotnet\sdk\9.0.304\Extensions,C:\Program Files\dotnet\sdk\9.0.304\TestHostNetFramework
TpTrace Information: 0 : 37132, 3, 2025/11/02, 20:03:32.836, 713378879867, testhost.net472.exe, AssemblyResolver.AddSearchDirectories: Adding more searchDirectories C:\Program Files\dotnet\sdk\9.0.304\Extensions,C:\Program Files\dotnet\sdk\9.0.304\TestHostNetFramework
TpTrace Information: 0 : 37132, 3, 2025/11/02, 20:03:32.836, 713378880188, testhost.net472.exe, AssemblyResolver.AddSearchDirectories: Adding more searchDirectories C:\Program Files\dotnet\sdk\9.0.304\Extensions,C:\Program Files\dotnet\sdk\9.0.304\TestHostNetFramework
TpTrace Information: 0 : 37132, 3, 2025/11/02, 20:03:32.836, 713378880487, testhost.net472.exe, AssemblyResolver.AddSearchDirectories: Adding more searchDirectories C:\Program Files\dotnet\sdk\9.0.304\Extensions,C:\Program Files\dotnet\sdk\9.0.304\TestHostNetFramework
TpTrace Information: 0 : 37132, 3, 2025/11/02, 20:03:32.836, 713378880729, testhost.net472.exe, AssemblyResolver.AddSearchDirectories: Adding more searchDirectories C:\Program Files\dotnet\sdk\9.0.304\Extensions,C:\Program Files\dotnet\sdk\9.0.304\TestHostNetFramework
TpTrace Information: 0 : 37132, 3, 2025/11/02, 20:03:32.836, 713378881027, testhost.net472.exe, AssemblyResolver.AddSearchDirectories: Adding more searchDirectories C:\Users\Dante Salvador\OneDrive\Documents\Task\order-submission-system\tests\OrderSubmissionSystem.Application.Tests\bin\Debug\net472,C:\Program Files\dotnet\sdk\9.0.304\TestHostNetFramework
TpTrace Information: 0 : 37132, 3, 2025/11/02, 20:03:32.842, 713378935565, testhost.net472.exe, AssemblyResolver.OnResolve: Microsoft.Diagnostics.NETCore.Client: Resolving assembly.
TpTrace Information: 0 : 37132, 3, 2025/11/02, 20:03:32.842, 713378937019, testhost.net472.exe, AssemblyResolver.OnResolve: Microsoft.Diagnostics.NETCore.Client: Searching in: 'C:\Program Files\dotnet\sdk\9.0.304\Extensions'.
TpTrace Information: 0 : 37132, 3, 2025/11/02, 20:03:32.843, 713378947007, testhost.net472.exe, AssemblyResolver.OnResolve: Microsoft.Diagnostics.NETCore.Client: Loading assembly 'C:\Program Files\dotnet\sdk\9.0.304\Extensions\Microsoft.Diagnostics.NETCore.Client.dll'.
TpTrace Information: 0 : 37132, 3, 2025/11/02, 20:03:32.853, 713379051128, testhost.net472.exe, AssemblyResolver.OnResolve: Resolved assembly: Microsoft.Diagnostics.NETCore.Client, from path: C:\Program Files\dotnet\sdk\9.0.304\Extensions\Microsoft.Diagnostics.NETCore.Client.dll
TpTrace Verbose: 0 : 37132, 3, 2025/11/02, 20:03:32.881, 713379326821, testhost.net472.exe, MetadataReaderExtensionsHelper: Discovering extensions inside assembly 'Microsoft.Diagnostics.NETCore.Client, Version=0.2.12.17301, Culture=neutral, PublicKeyToken=31bf3856ad364e35' file path 'C:\Program Files\dotnet\sdk\9.0.304\Extensions\Microsoft.Diagnostics.NETCore.Client.dll'
TpTrace Information: 0 : 37132, 3, 2025/11/02, 20:03:32.966, 713380178383, testhost.net472.exe, AssemblyResolver.OnResolve: Microsoft.Bcl.AsyncInterfaces, Version=6.0.0.0, Culture=neutral, PublicKeyToken=cc7b13ffcd2ddd51: Resolving assembly.
TpTrace Information: 0 : 37132, 3, 2025/11/02, 20:03:32.966, 713380179892, testhost.net472.exe, AssemblyResolver.OnResolve: Microsoft.Bcl.AsyncInterfaces, Version=6.0.0.0, Culture=neutral, PublicKeyToken=cc7b13ffcd2ddd51: Searching in: 'C:\Program Files\dotnet\sdk\9.0.304\Extensions'.
TpTrace Information: 0 : 37132, 3, 2025/11/02, 20:03:32.966, 713380180772, testhost.net472.exe, AssemblyResolver.OnResolve: Microsoft.Bcl.AsyncInterfaces, Version=6.0.0.0, Culture=neutral, PublicKeyToken=cc7b13ffcd2ddd51: Assembly path does not exist: 'C:\Program Files\dotnet\sdk\9.0.304\Extensions\Microsoft.Bcl.AsyncInterfaces.dll', returning.
TpTrace Information: 0 : 37132, 3, 2025/11/02, 20:03:32.966, 713380181337, testhost.net472.exe, AssemblyResolver.OnResolve: Microsoft.Bcl.AsyncInterfaces, Version=6.0.0.0, Culture=neutral, PublicKeyToken=cc7b13ffcd2ddd51: Assembly path does not exist: 'C:\Program Files\dotnet\sdk\9.0.304\Extensions\Microsoft.Bcl.AsyncInterfaces.exe', returning.
TpTrace Information: 0 : 37132, 3, 2025/11/02, 20:03:32.966, 713380181657, testhost.net472.exe, AssemblyResolver.OnResolve: Microsoft.Bcl.AsyncInterfaces, Version=6.0.0.0, Culture=neutral, PublicKeyToken=cc7b13ffcd2ddd51: Searching in: 'C:\Users\Dante Salvador\OneDrive\Documents\Task\order-submission-system\tests\OrderSubmissionSystem.Application.Tests\bin\Debug\net472'.
TpTrace Information: 0 : 37132, 3, 2025/11/02, 20:03:32.967, 713380182494, testhost.net472.exe, AssemblyResolver.OnResolve: Microsoft.Bcl.AsyncInterfaces, Version=6.0.0.0, Culture=neutral, PublicKeyToken=cc7b13ffcd2ddd51: Assembly path does not exist: 'C:\Users\Dante Salvador\OneDrive\Documents\Task\order-submission-system\tests\OrderSubmissionSystem.Application.Tests\bin\Debug\net472\Microsoft.Bcl.AsyncInterfaces.dll', returning.
TpTrace Information: 0 : 37132, 3, 2025/11/02, 20:03:32.967, 713380183222, testhost.net472.exe, AssemblyResolver.OnResolve: Microsoft.Bcl.AsyncInterfaces, Version=6.0.0.0, Culture=neutral, PublicKeyToken=cc7b13ffcd2ddd51: Assembly path does not exist: 'C:\Users\Dante Salvador\OneDrive\Documents\Task\order-submission-system\tests\OrderSubmissionSystem.Application.Tests\bin\Debug\net472\Microsoft.Bcl.AsyncInterfaces.exe', returning.
TpTrace Information: 0 : 37132, 3, 2025/11/02, 20:03:32.967, 713380183508, testhost.net472.exe, AssemblyResolver.OnResolve: Microsoft.Bcl.AsyncInterfaces, Version=6.0.0.0, Culture=neutral, PublicKeyToken=cc7b13ffcd2ddd51: Searching in: 'C:\Program Files\dotnet\sdk\9.0.304\TestHostNetFramework'.
TpTrace Information: 0 : 37132, 3, 2025/11/02, 20:03:32.967, 713380184071, testhost.net472.exe, AssemblyResolver.OnResolve: Microsoft.Bcl.AsyncInterfaces, Version=6.0.0.0, Culture=neutral, PublicKeyToken=cc7b13ffcd2ddd51: Assembly path does not exist: 'C:\Program Files\dotnet\sdk\9.0.304\TestHostNetFramework\Microsoft.Bcl.AsyncInterfaces.dll', returning.
TpTrace Information: 0 : 37132, 3, 2025/11/02, 20:03:32.967, 713380184737, testhost.net472.exe, AssemblyResolver.OnResolve: Microsoft.Bcl.AsyncInterfaces, Version=6.0.0.0, Culture=neutral, PublicKeyToken=cc7b13ffcd2ddd51: Assembly path does not exist: 'C:\Program Files\dotnet\sdk\9.0.304\TestHostNetFramework\Microsoft.Bcl.AsyncInterfaces.exe', returning.
TpTrace Information: 0 : 37132, 3, 2025/11/02, 20:03:32.967, 713380185087, testhost.net472.exe, AssemblyResolver.OnResolve: Microsoft.Bcl.AsyncInterfaces, Version=6.0.0.0, Culture=neutral, PublicKeyToken=cc7b13ffcd2ddd51: Failed to load assembly.
TpTrace Verbose: 0 : 37132, 3, 2025/11/02, 20:03:32.968, 713380194442, testhost.net472.exe, CurrentDomainAssemblyResolve: Resolving assembly 'Microsoft.Bcl.AsyncInterfaces, Version=6.0.0.0, Culture=neutral, PublicKeyToken=cc7b13ffcd2ddd51'.
TpTrace Information: 0 : 37132, 3, 2025/11/02, 20:03:32.969, 713380214738, testhost.net472.exe, AssemblyResolver.OnResolve: Microsoft.Bcl.AsyncInterfaces, Version=6.0.0.0, Culture=neutral, PublicKeyToken=cc7b13ffcd2ddd51: Resolving assembly.
TpTrace Information: 0 : 37132, 3, 2025/11/02, 20:03:32.969, 713380216027, testhost.net472.exe, AssemblyResolver.OnResolve: Microsoft.Bcl.AsyncInterfaces, Version=6.0.0.0, Culture=neutral, PublicKeyToken=cc7b13ffcd2ddd51: Resolved from cache.
TpTrace Verbose: 0 : 37132, 3, 2025/11/02, 20:03:32.970, 713380216612, testhost.net472.exe, CurrentDomainAssemblyResolve: Resolving assembly 'Microsoft.Bcl.AsyncInterfaces, Version=6.0.0.0, Culture=neutral, PublicKeyToken=cc7b13ffcd2ddd51'.
TpTrace Verbose: 0 : 37132, 3, 2025/11/02, 20:03:32.970, 713380216849, testhost.net472.exe, CurrentDomainAssemblyResolve: Failed to resolve assembly 'Microsoft.Bcl.AsyncInterfaces, Version=6.0.0.0, Culture=neutral, PublicKeyToken=cc7b13ffcd2ddd51'.
TpTrace Verbose: 0 : 37132, 3, 2025/11/02, 20:03:32.970, 713380220216, testhost.net472.exe, CurrentDomainAssemblyResolve: Failed to resolve assembly 'Microsoft.Bcl.AsyncInterfaces, Version=6.0.0.0, Culture=neutral, PublicKeyToken=cc7b13ffcd2ddd51'.
TpTrace Information: 0 : 37132, 3, 2025/11/02, 20:03:32.974, 713380255429, testhost.net472.exe, AssemblyResolver.OnResolve: System.Threading.Tasks.Extensions, Version=4.2.0.1, Culture=neutral, PublicKeyToken=cc7b13ffcd2ddd51: Resolving assembly.
TpTrace Information: 0 : 37132, 3, 2025/11/02, 20:03:32.974, 713380256937, testhost.net472.exe, AssemblyResolver.OnResolve: System.Threading.Tasks.Extensions, Version=4.2.0.1, Culture=neutral, PublicKeyToken=cc7b13ffcd2ddd51: Searching in: 'C:\Program Files\dotnet\sdk\9.0.304\Extensions'.
TpTrace Information: 0 : 37132, 3, 2025/11/02, 20:03:32.974, 713380257893, testhost.net472.exe, AssemblyResolver.OnResolve: System.Threading.Tasks.Extensions, Version=4.2.0.1, Culture=neutral, PublicKeyToken=cc7b13ffcd2ddd51: Assembly path does not exist: 'C:\Program Files\dotnet\sdk\9.0.304\Extensions\System.Threading.Tasks.Extensions.dll', returning.
TpTrace Information: 0 : 37132, 3, 2025/11/02, 20:03:32.974, 713380258657, testhost.net472.exe, AssemblyResolver.OnResolve: System.Threading.Tasks.Extensions, Version=4.2.0.1, Culture=neutral, PublicKeyToken=cc7b13ffcd2ddd51: Assembly path does not exist: 'C:\Program Files\dotnet\sdk\9.0.304\Extensions\System.Threading.Tasks.Extensions.exe', returning.
TpTrace Information: 0 : 37132, 3, 2025/11/02, 20:03:32.974, 713380259173, testhost.net472.exe, AssemblyResolver.OnResolve: System.Threading.Tasks.Extensions, Version=4.2.0.1, Culture=neutral, PublicKeyToken=cc7b13ffcd2ddd51: Searching in: 'C:\Users\Dante Salvador\OneDrive\Documents\Task\order-submission-system\tests\OrderSubmissionSystem.Application.Tests\bin\Debug\net472'.
TpTrace Information: 0 : 37132, 3, 2025/11/02, 20:03:32.975, 713380264848, testhost.net472.exe, AssemblyResolver.OnResolve: System.Threading.Tasks.Extensions, Version=4.2.0.1, Culture=neutral, PublicKeyToken=cc7b13ffcd2ddd51: Loading assembly 'C:\Users\Dante Salvador\OneDrive\Documents\Task\order-submission-system\tests\OrderSubmissionSystem.Application.Tests\bin\Debug\net472\System.Threading.Tasks.Extensions.dll'.
TpTrace Error: 0 : 37132, 3, 2025/11/02, 20:03:32.989, 713380412370, testhost.net472.exe, AssemblyResolver.OnResolve: System.Threading.Tasks.Extensions, Version=4.2.0.1, Culture=neutral, PublicKeyToken=cc7b13ffcd2ddd51: Failed to load assembly. Reason:System.IO.FileLoadException: Could not load file or assembly 'file:///C:\Users\Dante Salvador\OneDrive\Documents\Task\order-submission-system\tests\OrderSubmissionSystem.Application.Tests\bin\Debug\net472\System.Threading.Tasks.Extensions.dll' or one of its dependencies. Operation is not supported. (Exception from HRESULT: 0x80131515)
File name: 'file:///C:\Users\Dante Salvador\OneDrive\Documents\Task\order-submission-system\tests\OrderSubmissionSystem.Application.Tests\bin\Debug\net472\System.Threading.Tasks.Extensions.dll' ---> System.NotSupportedException: An attempt was made to load an assembly from a network location which would have caused the assembly to be sandboxed in previous versions of the .NET Framework. This release of the .NET Framework does not enable CAS policy by default, so this load may be dangerous. If this load is not intended to sandbox the assembly, please enable the loadFromRemoteSources switch. See http://go.microsoft.com/fwlink/?LinkId=155569 for more information.
   at System.Reflection.RuntimeAssembly._nLoad(AssemblyName fileName, String codeBase, Evidence assemblySecurity, RuntimeAssembly locationHint, StackCrawlMark& stackMark, IntPtr pPrivHostBinder, Boolean throwOnFileNotFound, Boolean forIntrospection, Boolean suppressSecurityChecks)
   at System.Reflection.RuntimeAssembly.InternalLoadAssemblyName(AssemblyName assemblyRef, Evidence assemblySecurity, RuntimeAssembly reqAssembly, StackCrawlMark& stackMark, IntPtr pPrivHostBinder, Boolean throwOnFileNotFound, Boolean forIntrospection, Boolean suppressSecurityChecks)
   at System.Reflection.RuntimeAssembly.InternalLoadFrom(String assemblyFile, Evidence securityEvidence, Byte[] hashValue, AssemblyHashAlgorithm hashAlgorithm, Boolean forIntrospection, Boolean suppressSecurityChecks, StackCrawlMark& stackMark)
   at System.Reflection.Assembly.LoadFrom(String assemblyFile)
   at Microsoft.VisualStudio.TestPlatform.PlatformAbstractions.PlatformAssemblyLoadContext.LoadAssemblyFromPath(String assemblyPath) in /_/src/Microsoft.TestPlatform.PlatformAbstractions/net462/Runtime/PlatformAssemblyLoadContext.cs:line 23
   at Microsoft.VisualStudio.TestPlatform.Common.Utilities.AssemblyResolver.OnResolve(Object sender, AssemblyResolveEventArgs args) in /_/src/Microsoft.TestPlatform.Common/Utilities/AssemblyResolver.cs:line 179

 
TpTrace Warning: 0 : 37132, 3, 2025/11/02, 20:03:32.992, 713380449007, testhost.net472.exe, TestPluginDiscoverer: Failed to get types from assembly 'Microsoft.Diagnostics.NETCore.Client, Version=0.2.12.17301, Culture=neutral, PublicKeyToken=31bf3856ad364e35'. Error: System.Reflection.ReflectionTypeLoadException: Unable to load one or more of the requested types. Retrieve the LoaderExceptions property for more information.
   at System.Reflection.RuntimeModule.GetTypes(RuntimeModule module)
   at System.Reflection.RuntimeModule.GetTypes()
   at System.Reflection.Assembly.GetTypes()
   at Microsoft.VisualStudio.TestPlatform.Common.ExtensionFramework.TestPluginDiscoverer.GetTestExtensionsFromAssembly[TPluginInfo,TExtension](Assembly assembly, Dictionary`2 pluginInfos, String filePath) in /_/src/Microsoft.TestPlatform.Common/ExtensionFramework/TestPluginDiscoverer.cs:line 159
TpTrace Warning: 0 : 37132, 3, 2025/11/02, 20:03:32.993, 713380455623, testhost.net472.exe, LoaderExceptions: System.IO.FileNotFoundException: Could not load file or assembly 'Microsoft.Bcl.AsyncInterfaces, Version=6.0.0.0, Culture=neutral, PublicKeyToken=cc7b13ffcd2ddd51' or one of its dependencies. The system cannot find the file specified.
File name: 'Microsoft.Bcl.AsyncInterfaces, Version=6.0.0.0, Culture=neutral, PublicKeyToken=cc7b13ffcd2ddd51' ---> System.IO.FileNotFoundException: Could not load file or assembly 'Microsoft.Bcl.AsyncInterfaces, Version=6.0.0.0, Culture=neutral, PublicKeyToken=cc7b13ffcd2ddd51' or one of its dependencies. The system cannot find the file specified.
File name: 'Microsoft.Bcl.AsyncInterfaces, Version=6.0.0.0, Culture=neutral, PublicKeyToken=cc7b13ffcd2ddd51'
   at System.Reflection.RuntimeAssembly._nLoad(AssemblyName fileName, String codeBase, Evidence assemblySecurity, RuntimeAssembly locationHint, StackCrawlMark& stackMark, IntPtr pPrivHostBinder, Boolean throwOnFileNotFound, Boolean forIntrospection, Boolean suppressSecurityChecks)
   at System.Reflection.RuntimeAssembly.InternalLoadAssemblyName(AssemblyName assemblyRef, Evidence assemblySecurity, RuntimeAssembly reqAssembly, StackCrawlMark& stackMark, IntPtr pPrivHostBinder, Boolean throwOnFileNotFound, Boolean forIntrospection, Boolean suppressSecurityChecks)
   at System.Reflection.Assembly.Load(AssemblyName assemblyRef)
   at Microsoft.VisualStudio.TestPlatform.Common.ExtensionFramework.TestPluginCache.CurrentDomainAssemblyResolve(Object sender, AssemblyResolveEventArgs args) in /_/src/Microsoft.TestPlatform.Common/ExtensionFramework/TestPluginCache.cs:line 514
   at System.AppDomain.OnAssemblyResolveEvent(RuntimeAssembly assembly, String assemblyFullName)

WRN: Assembly binding logging is turned OFF.
To enable assembly bind failure logging, set the registry value [HKLM\Software\Microsoft\Fusion!EnableLog] (DWORD) to 1.
Note: There is some performance penalty associated with assembly bind failure logging.
To turn this feature off, remove the registry value [HKLM\Software\Microsoft\Fusion!EnableLog].



TpTrace Warning: 0 : 37132, 3, 2025/11/02, 20:03:32.994, 713380458111, testhost.net472.exe, LoaderExceptions: System.IO.FileNotFoundException: Could not load file or assembly 'Microsoft.Bcl.AsyncInterfaces, Version=6.0.0.0, Culture=neutral, PublicKeyToken=cc7b13ffcd2ddd51' or one of its dependencies. The system cannot find the file specified.
File name: 'Microsoft.Bcl.AsyncInterfaces, Version=6.0.0.0, Culture=neutral, PublicKeyToken=cc7b13ffcd2ddd51'
   at System.Reflection.RuntimeAssembly._nLoad(AssemblyName fileName, String codeBase, Evidence assemblySecurity, RuntimeAssembly locationHint, StackCrawlMark& stackMark, IntPtr pPrivHostBinder, Boolean throwOnFileNotFound, Boolean forIntrospection, Boolean suppressSecurityChecks)
   at System.Reflection.RuntimeAssembly.InternalLoadAssemblyName(AssemblyName assemblyRef, Evidence assemblySecurity, RuntimeAssembly reqAssembly, StackCrawlMark& stackMark, IntPtr pPrivHostBinder, Boolean throwOnFileNotFound, Boolean forIntrospection, Boolean suppressSecurityChecks)
   at System.Reflection.Assembly.Load(AssemblyName assemblyRef)
   at Microsoft.VisualStudio.TestPlatform.Common.ExtensionFramework.TestPluginCache.CurrentDomainAssemblyResolve(Object sender, AssemblyResolveEventArgs args) in /_/src/Microsoft.TestPlatform.Common/ExtensionFramework/TestPluginCache.cs:line 514
   at System.AppDomain.OnAssemblyResolveEvent(RuntimeAssembly assembly, String assemblyFullName)

WRN: Assembly binding logging is turned OFF.
To enable assembly bind failure logging, set the registry value [HKLM\Software\Microsoft\Fusion!EnableLog] (DWORD) to 1.
Note: There is some performance penalty associated with assembly bind failure logging.
To turn this feature off, remove the registry value [HKLM\Software\Microsoft\Fusion!EnableLog].

TpTrace Warning: 0 : 37132, 3, 2025/11/02, 20:03:32.994, 713380459869, testhost.net472.exe, LoaderExceptions: System.IO.FileLoadException: Could not load file or assembly 'System.Threading.Tasks.Extensions, Version=4.2.0.1, Culture=neutral, PublicKeyToken=cc7b13ffcd2ddd51' or one of its dependencies. Operation is not supported. (Exception from HRESULT: 0x80131515)
File name: 'System.Threading.Tasks.Extensions, Version=4.2.0.1, Culture=neutral, PublicKeyToken=cc7b13ffcd2ddd51' ---> System.IO.FileLoadException: Could not load file or assembly 'file:///C:\Users\Dante Salvador\OneDrive\Documents\Task\order-submission-system\tests\OrderSubmissionSystem.Application.Tests\bin\Debug\net472\System.Threading.Tasks.Extensions.dll' or one of its dependencies. Operation is not supported. (Exception from HRESULT: 0x80131515)
File name: 'file:///C:\Users\Dante Salvador\OneDrive\Documents\Task\order-submission-system\tests\OrderSubmissionSystem.Application.Tests\bin\Debug\net472\System.Threading.Tasks.Extensions.dll' ---> System.NotSupportedException: An attempt was made to load an assembly from a network location which would have caused the assembly to be sandboxed in previous versions of the .NET Framework. This release of the .NET Framework does not enable CAS policy by default, so this load may be dangerous. If this load is not intended to sandbox the assembly, please enable the loadFromRemoteSources switch. See http://go.microsoft.com/fwlink/?LinkId=155569 for more information.
   at System.Reflection.RuntimeAssembly._nLoad(AssemblyName fileName, String codeBase, Evidence assemblySecurity, RuntimeAssembly locationHint, StackCrawlMark& stackMark, IntPtr pPrivHostBinder, Boolean throwOnFileNotFound, Boolean forIntrospection, Boolean suppressSecurityChecks)
   at System.Reflection.RuntimeAssembly.InternalLoadAssemblyName(AssemblyName assemblyRef, Evidence assemblySecurity, RuntimeAssembly reqAssembly, StackCrawlMark& stackMark, IntPtr pPrivHostBinder, Boolean throwOnFileNotFound, Boolean forIntrospection, Boolean suppressSecurityChecks)
   at System.Reflection.RuntimeAssembly.InternalLoadFrom(String assemblyFile, Evidence securityEvidence, Byte[] hashValue, AssemblyHashAlgorithm hashAlgorithm, Boolean forIntrospection, Boolean suppressSecurityChecks, StackCrawlMark& stackMark)
   at System.Reflection.Assembly.LoadFrom(String assemblyFile)
   at Microsoft.VisualStudio.TestPlatform.PlatformAbstractions.PlatformAssemblyLoadContext.LoadAssemblyFromPath(String assemblyPath) in /_/src/Microsoft.TestPlatform.PlatformAbstractions/net462/Runtime/PlatformAssemblyLoadContext.cs:line 23
   at Microsoft.VisualStudio.TestPlatform.Common.Utilities.AssemblyResolver.OnResolve(Object sender, AssemblyResolveEventArgs args) in /_/src/Microsoft.TestPlatform.Common/Utilities/AssemblyResolver.cs:line 202
   at System.AppDomain.OnAssemblyResolveEvent(RuntimeAssembly assembly, String assemblyFullName)




TpTrace Warning: 0 : 37132, 3, 2025/11/02, 20:03:32.994, 713380461423, testhost.net472.exe, LoaderExceptions: System.IO.FileLoadException: Could not load file or assembly 'file:///C:\Users\Dante Salvador\OneDrive\Documents\Task\order-submission-system\tests\OrderSubmissionSystem.Application.Tests\bin\Debug\net472\System.Threading.Tasks.Extensions.dll' or one of its dependencies. Operation is not supported. (Exception from HRESULT: 0x80131515)
File name: 'file:///C:\Users\Dante Salvador\OneDrive\Documents\Task\order-submission-system\tests\OrderSubmissionSystem.Application.Tests\bin\Debug\net472\System.Threading.Tasks.Extensions.dll' ---> System.NotSupportedException: An attempt was made to load an assembly from a network location which would have caused the assembly to be sandboxed in previous versions of the .NET Framework. This release of the .NET Framework does not enable CAS policy by default, so this load may be dangerous. If this load is not intended to sandbox the assembly, please enable the loadFromRemoteSources switch. See http://go.microsoft.com/fwlink/?LinkId=155569 for more information.
   at System.Reflection.RuntimeAssembly._nLoad(AssemblyName fileName, String codeBase, Evidence assemblySecurity, RuntimeAssembly locationHint, StackCrawlMark& stackMark, IntPtr pPrivHostBinder, Boolean throwOnFileNotFound, Boolean forIntrospection, Boolean suppressSecurityChecks)
   at System.Reflection.RuntimeAssembly.InternalLoadAssemblyName(AssemblyName assemblyRef, Evidence assemblySecurity, RuntimeAssembly reqAssembly, StackCrawlMark& stackMark, IntPtr pPrivHostBinder, Boolean throwOnFileNotFound, Boolean forIntrospection, Boolean suppressSecurityChecks)
   at System.Reflection.RuntimeAssembly.InternalLoadFrom(String assemblyFile, Evidence securityEvidence, Byte[] hashValue, AssemblyHashAlgorithm hashAlgorithm, Boolean forIntrospection, Boolean suppressSecurityChecks, StackCrawlMark& stackMark)
   at System.Reflection.Assembly.LoadFrom(String assemblyFile)
   at Microsoft.VisualStudio.TestPlatform.PlatformAbstractions.PlatformAssemblyLoadContext.LoadAssemblyFromPath(String assemblyPath) in /_/src/Microsoft.TestPlatform.PlatformAbstractions/net462/Runtime/PlatformAssemblyLoadContext.cs:line 23
   at Microsoft.VisualStudio.TestPlatform.Common.Utilities.AssemblyResolver.OnResolve(Object sender, AssemblyResolveEventArgs args) in /_/src/Microsoft.TestPlatform.Common/Utilities/AssemblyResolver.cs:line 202
   at System.AppDomain.OnAssemblyResolveEvent(RuntimeAssembly assembly, String assemblyFullName)


TpTrace Warning: 0 : 37132, 3, 2025/11/02, 20:03:32.994, 713380462896, testhost.net472.exe, LoaderExceptions: System.IO.FileLoadException: Could not load file or assembly 'file:///C:\Users\Dante Salvador\OneDrive\Documents\Task\order-submission-system\tests\OrderSubmissionSystem.Application.Tests\bin\Debug\net472\System.Threading.Tasks.Extensions.dll' or one of its dependencies. Operation is not supported. (Exception from HRESULT: 0x80131515)
File name: 'file:///C:\Users\Dante Salvador\OneDrive\Documents\Task\order-submission-system\tests\OrderSubmissionSystem.Application.Tests\bin\Debug\net472\System.Threading.Tasks.Extensions.dll' ---> System.NotSupportedException: An attempt was made to load an assembly from a network location which would have caused the assembly to be sandboxed in previous versions of the .NET Framework. This release of the .NET Framework does not enable CAS policy by default, so this load may be dangerous. If this load is not intended to sandbox the assembly, please enable the loadFromRemoteSources switch. See http://go.microsoft.com/fwlink/?LinkId=155569 for more information.
   at System.Reflection.RuntimeAssembly._nLoad(AssemblyName fileName, String codeBase, Evidence assemblySecurity, RuntimeAssembly locationHint, StackCrawlMark& stackMark, IntPtr pPrivHostBinder, Boolean throwOnFileNotFound, Boolean forIntrospection, Boolean suppressSecurityChecks)
   at System.Reflection.RuntimeAssembly.InternalLoadAssemblyName(AssemblyName assemblyRef, Evidence assemblySecurity, RuntimeAssembly reqAssembly, StackCrawlMark& stackMark, IntPtr pPrivHostBinder, Boolean throwOnFileNotFound, Boolean forIntrospection, Boolean suppressSecurityChecks)
   at System.Reflection.RuntimeAssembly.InternalLoadFrom(String assemblyFile, Evidence securityEvidence, Byte[] hashValue, AssemblyHashAlgorithm hashAlgorithm, Boolean forIntrospection, Boolean suppressSecurityChecks, StackCrawlMark& stackMark)
   at System.Reflection.Assembly.LoadFrom(String assemblyFile)
   at Microsoft.VisualStudio.TestPlatform.PlatformAbstractions.PlatformAssemblyLoadContext.LoadAssemblyFromPath(String assemblyPath) in /_/src/Microsoft.TestPlatform.PlatformAbstractions/net462/Runtime/PlatformAssemblyLoadContext.cs:line 23
   at Microsoft.VisualStudio.TestPlatform.Common.Utilities.AssemblyResolver.OnResolve(Object sender, AssemblyResolveEventArgs args) in /_/src/Microsoft.TestPlatform.Common/Utilities/AssemblyResolver.cs:line 202
   at System.AppDomain.OnAssemblyResolveEvent(RuntimeAssembly assembly, String assemblyFullName)


TpTrace Warning: 0 : 37132, 3, 2025/11/02, 20:03:32.994, 713380464502, testhost.net472.exe, LoaderExceptions: System.IO.FileLoadException: Could not load file or assembly 'file:///C:\Users\Dante Salvador\OneDrive\Documents\Task\order-submission-system\tests\OrderSubmissionSystem.Application.Tests\bin\Debug\net472\System.Threading.Tasks.Extensions.dll' or one of its dependencies. Operation is not supported. (Exception from HRESULT: 0x80131515)
File name: 'file:///C:\Users\Dante Salvador\OneDrive\Documents\Task\order-submission-system\tests\OrderSubmissionSystem.Application.Tests\bin\Debug\net472\System.Threading.Tasks.Extensions.dll' ---> System.NotSupportedException: An attempt was made to load an assembly from a network location which would have caused the assembly to be sandboxed in previous versions of the .NET Framework. This release of the .NET Framework does not enable CAS policy by default, so this load may be dangerous. If this load is not intended to sandbox the assembly, please enable the loadFromRemoteSources switch. See http://go.microsoft.com/fwlink/?LinkId=155569 for more information.
   at System.Reflection.RuntimeAssembly._nLoad(AssemblyName fileName, String codeBase, Evidence assemblySecurity, RuntimeAssembly locationHint, StackCrawlMark& stackMark, IntPtr pPrivHostBinder, Boolean throwOnFileNotFound, Boolean forIntrospection, Boolean suppressSecurityChecks)
   at System.Reflection.RuntimeAssembly.InternalLoadAssemblyName(AssemblyName assemblyRef, Evidence assemblySecurity, RuntimeAssembly reqAssembly, StackCrawlMark& stackMark, IntPtr pPrivHostBinder, Boolean throwOnFileNotFound, Boolean forIntrospection, Boolean suppressSecurityChecks)
   at System.Reflection.RuntimeAssembly.InternalLoadFrom(String assemblyFile, Evidence securityEvidence, Byte[] hashValue, AssemblyHashAlgorithm hashAlgorithm, Boolean forIntrospection, Boolean suppressSecurityChecks, StackCrawlMark& stackMark)
   at System.Reflection.Assembly.LoadFrom(String assemblyFile)
   at Microsoft.VisualStudio.TestPlatform.PlatformAbstractions.PlatformAssemblyLoadContext.LoadAssemblyFromPath(String assemblyPath) in /_/src/Microsoft.TestPlatform.PlatformAbstractions/net462/Runtime/PlatformAssemblyLoadContext.cs:line 23
   at Microsoft.VisualStudio.TestPlatform.Common.Utilities.AssemblyResolver.OnResolve(Object sender, AssemblyResolveEventArgs args) in /_/src/Microsoft.TestPlatform.Common/Utilities/AssemblyResolver.cs:line 202
   at System.AppDomain.OnAssemblyResolveEvent(RuntimeAssembly assembly, String assemblyFullName)


TpTrace Warning: 0 : 37132, 3, 2025/11/02, 20:03:32.994, 713380465922, testhost.net472.exe, LoaderExceptions: System.IO.FileLoadException: Could not load file or assembly 'file:///C:\Users\Dante Salvador\OneDrive\Documents\Task\order-submission-system\tests\OrderSubmissionSystem.Application.Tests\bin\Debug\net472\System.Threading.Tasks.Extensions.dll' or one of its dependencies. Operation is not supported. (Exception from HRESULT: 0x80131515)
File name: 'file:///C:\Users\Dante Salvador\OneDrive\Documents\Task\order-submission-system\tests\OrderSubmissionSystem.Application.Tests\bin\Debug\net472\System.Threading.Tasks.Extensions.dll' ---> System.NotSupportedException: An attempt was made to load an assembly from a network location which would have caused the assembly to be sandboxed in previous versions of the .NET Framework. This release of the .NET Framework does not enable CAS policy by default, so this load may be dangerous. If this load is not intended to sandbox the assembly, please enable the loadFromRemoteSources switch. See http://go.microsoft.com/fwlink/?LinkId=155569 for more information.
   at System.Reflection.RuntimeAssembly._nLoad(AssemblyName fileName, String codeBase, Evidence assemblySecurity, RuntimeAssembly locationHint, StackCrawlMark& stackMark, IntPtr pPrivHostBinder, Boolean throwOnFileNotFound, Boolean forIntrospection, Boolean suppressSecurityChecks)
   at System.Reflection.RuntimeAssembly.InternalLoadAssemblyName(AssemblyName assemblyRef, Evidence assemblySecurity, RuntimeAssembly reqAssembly, StackCrawlMark& stackMark, IntPtr pPrivHostBinder, Boolean throwOnFileNotFound, Boolean forIntrospection, Boolean suppressSecurityChecks)
   at System.Reflection.RuntimeAssembly.InternalLoadFrom(String assemblyFile, Evidence securityEvidence, Byte[] hashValue, AssemblyHashAlgorithm hashAlgorithm, Boolean forIntrospection, Boolean suppressSecurityChecks, StackCrawlMark& stackMark)
   at System.Reflection.Assembly.LoadFrom(String assemblyFile)
   at Microsoft.VisualStudio.TestPlatform.PlatformAbstractions.PlatformAssemblyLoadContext.LoadAssemblyFromPath(String assemblyPath) in /_/src/Microsoft.TestPlatform.PlatformAbstractions/net462/Runtime/PlatformAssemblyLoadContext.cs:line 23
   at Microsoft.VisualStudio.TestPlatform.Common.Utilities.AssemblyResolver.OnResolve(Object sender, AssemblyResolveEventArgs args) in /_/src/Microsoft.TestPlatform.Common/Utilities/AssemblyResolver.cs:line 202
   at System.AppDomain.OnAssemblyResolveEvent(RuntimeAssembly assembly, String assemblyFullName)


TpTrace Information: 0 : 37132, 3, 2025/11/02, 20:03:32.996, 713380485920, testhost.net472.exe, AssemblyResolver.OnResolve: Microsoft.TestPlatform.Extensions.BlameDataCollector: Resolving assembly.
TpTrace Information: 0 : 37132, 3, 2025/11/02, 20:03:32.996, 713380486998, testhost.net472.exe, AssemblyResolver.OnResolve: Microsoft.TestPlatform.Extensions.BlameDataCollector: Searching in: 'C:\Program Files\dotnet\sdk\9.0.304\Extensions'.
TpTrace Information: 0 : 37132, 3, 2025/11/02, 20:03:32.997, 713380490857, testhost.net472.exe, AssemblyResolver.OnResolve: Microsoft.TestPlatform.Extensions.BlameDataCollector: Loading assembly 'C:\Program Files\dotnet\sdk\9.0.304\Extensions\Microsoft.TestPlatform.Extensions.BlameDataCollector.dll'.
TpTrace Information: 0 : 37132, 3, 2025/11/02, 20:03:32.999, 713380515392, testhost.net472.exe, AssemblyResolver.OnResolve: Resolved assembly: Microsoft.TestPlatform.Extensions.BlameDataCollector, from path: C:\Program Files\dotnet\sdk\9.0.304\Extensions\Microsoft.TestPlatform.Extensions.BlameDataCollector.dll
TpTrace Verbose: 0 : 37132, 3, 2025/11/02, 20:03:32.999, 713380517303, testhost.net472.exe, MetadataReaderExtensionsHelper: Discovering extensions inside assembly 'Microsoft.TestPlatform.Extensions.BlameDataCollector, Version=15.0.0.0, Culture=neutral, PublicKeyToken=b03f5f7f11d50a3a' file path 'C:\Program Files\dotnet\sdk\9.0.304\Extensions\Microsoft.TestPlatform.Extensions.BlameDataCollector.dll'
TpTrace Information: 0 : 37132, 3, 2025/11/02, 20:03:33.007, 713380593290, testhost.net472.exe, AssemblyResolver.OnResolve: Microsoft.TestPlatform.Extensions.EventLogCollector: Resolving assembly.
TpTrace Information: 0 : 37132, 3, 2025/11/02, 20:03:33.007, 713380594343, testhost.net472.exe, AssemblyResolver.OnResolve: Microsoft.TestPlatform.Extensions.EventLogCollector: Searching in: 'C:\Program Files\dotnet\sdk\9.0.304\Extensions'.
TpTrace Information: 0 : 37132, 3, 2025/11/02, 20:03:33.008, 713380599013, testhost.net472.exe, AssemblyResolver.OnResolve: Microsoft.TestPlatform.Extensions.EventLogCollector: Loading assembly 'C:\Program Files\dotnet\sdk\9.0.304\Extensions\Microsoft.TestPlatform.Extensions.EventLogCollector.dll'.
TpTrace Information: 0 : 37132, 3, 2025/11/02, 20:03:33.010, 713380619721, testhost.net472.exe, AssemblyResolver.OnResolve: Resolved assembly: Microsoft.TestPlatform.Extensions.EventLogCollector, from path: C:\Program Files\dotnet\sdk\9.0.304\Extensions\Microsoft.TestPlatform.Extensions.EventLogCollector.dll
TpTrace Verbose: 0 : 37132, 3, 2025/11/02, 20:03:33.010, 713380621571, testhost.net472.exe, MetadataReaderExtensionsHelper: Discovering extensions inside assembly 'Microsoft.TestPlatform.Extensions.EventLogCollector, Version=15.0.0.0, Culture=neutral, PublicKeyToken=b03f5f7f11d50a3a' file path 'C:\Program Files\dotnet\sdk\9.0.304\Extensions\Microsoft.TestPlatform.Extensions.EventLogCollector.dll'
TpTrace Information: 0 : 37132, 3, 2025/11/02, 20:03:33.012, 713380645060, testhost.net472.exe, AssemblyResolver.OnResolve: Microsoft.TestPlatform.TestHostRuntimeProvider: Resolving assembly.
TpTrace Information: 0 : 37132, 3, 2025/11/02, 20:03:33.013, 713380646361, testhost.net472.exe, AssemblyResolver.OnResolve: Microsoft.TestPlatform.TestHostRuntimeProvider: Searching in: 'C:\Program Files\dotnet\sdk\9.0.304\Extensions'.
TpTrace Information: 0 : 37132, 3, 2025/11/02, 20:03:33.013, 713380651163, testhost.net472.exe, AssemblyResolver.OnResolve: Microsoft.TestPlatform.TestHostRuntimeProvider: Loading assembly 'C:\Program Files\dotnet\sdk\9.0.304\Extensions\Microsoft.TestPlatform.TestHostRuntimeProvider.dll'.
TpTrace Information: 0 : 37132, 3, 2025/11/02, 20:03:33.015, 713380673080, testhost.net472.exe, AssemblyResolver.OnResolve: Resolved assembly: Microsoft.TestPlatform.TestHostRuntimeProvider, from path: C:\Program Files\dotnet\sdk\9.0.304\Extensions\Microsoft.TestPlatform.TestHostRuntimeProvider.dll
TpTrace Verbose: 0 : 37132, 3, 2025/11/02, 20:03:33.016, 713380675717, testhost.net472.exe, MetadataReaderExtensionsHelper: Discovering extensions inside assembly 'Microsoft.TestPlatform.TestHostRuntimeProvider, Version=15.0.0.0, Culture=neutral, PublicKeyToken=b03f5f7f11d50a3a' file path 'C:\Program Files\dotnet\sdk\9.0.304\Extensions\Microsoft.TestPlatform.TestHostRuntimeProvider.dll'
TpTrace Information: 0 : 37132, 3, 2025/11/02, 20:03:33.019, 713380715715, testhost.net472.exe, AssemblyResolver.OnResolve: Microsoft.VisualStudio.TestPlatform.Extensions.Html.TestLogger: Resolving assembly.
TpTrace Information: 0 : 37132, 3, 2025/11/02, 20:03:33.019, 713380717066, testhost.net472.exe, AssemblyResolver.OnResolve: Microsoft.VisualStudio.TestPlatform.Extensions.Html.TestLogger: Searching in: 'C:\Program Files\dotnet\sdk\9.0.304\Extensions'.
TpTrace Information: 0 : 37132, 3, 2025/11/02, 20:03:33.020, 713380721008, testhost.net472.exe, AssemblyResolver.OnResolve: Microsoft.VisualStudio.TestPlatform.Extensions.Html.TestLogger: Loading assembly 'C:\Program Files\dotnet\sdk\9.0.304\Extensions\Microsoft.VisualStudio.TestPlatform.Extensions.Html.TestLogger.dll'.
TpTrace Information: 0 : 37132, 3, 2025/11/02, 20:03:33.023, 713380748586, testhost.net472.exe, AssemblyResolver.OnResolve: Resolved assembly: Microsoft.VisualStudio.TestPlatform.Extensions.Html.TestLogger, from path: C:\Program Files\dotnet\sdk\9.0.304\Extensions\Microsoft.VisualStudio.TestPlatform.Extensions.Html.TestLogger.dll
TpTrace Verbose: 0 : 37132, 3, 2025/11/02, 20:03:33.023, 713380750735, testhost.net472.exe, MetadataReaderExtensionsHelper: Discovering extensions inside assembly 'Microsoft.VisualStudio.TestPlatform.Extensions.Html.TestLogger, Version=15.0.0.0, Culture=neutral, PublicKeyToken=b03f5f7f11d50a3a' file path 'C:\Program Files\dotnet\sdk\9.0.304\Extensions\Microsoft.VisualStudio.TestPlatform.Extensions.Html.TestLogger.dll'
TpTrace Information: 0 : 37132, 3, 2025/11/02, 20:03:33.026, 713380776121, testhost.net472.exe, AssemblyResolver.OnResolve: Microsoft.VisualStudio.TestPlatform.Extensions.Trx.TestLogger: Resolving assembly.
TpTrace Information: 0 : 37132, 3, 2025/11/02, 20:03:33.026, 713380777249, testhost.net472.exe, AssemblyResolver.OnResolve: Microsoft.VisualStudio.TestPlatform.Extensions.Trx.TestLogger: Searching in: 'C:\Program Files\dotnet\sdk\9.0.304\Extensions'.
TpTrace Information: 0 : 37132, 3, 2025/11/02, 20:03:33.027, 713380790462, testhost.net472.exe, AssemblyResolver.OnResolve: Microsoft.VisualStudio.TestPlatform.Extensions.Trx.TestLogger: Loading assembly 'C:\Program Files\dotnet\sdk\9.0.304\Extensions\Microsoft.VisualStudio.TestPlatform.Extensions.Trx.TestLogger.dll'.
TpTrace Information: 0 : 37132, 3, 2025/11/02, 20:03:33.030, 713380817418, testhost.net472.exe, AssemblyResolver.OnResolve: Resolved assembly: Microsoft.VisualStudio.TestPlatform.Extensions.Trx.TestLogger, from path: C:\Program Files\dotnet\sdk\9.0.304\Extensions\Microsoft.VisualStudio.TestPlatform.Extensions.Trx.TestLogger.dll
TpTrace Verbose: 0 : 37132, 3, 2025/11/02, 20:03:33.030, 713380819443, testhost.net472.exe, MetadataReaderExtensionsHelper: Discovering extensions inside assembly 'Microsoft.VisualStudio.TestPlatform.Extensions.Trx.TestLogger, Version=15.0.0.0, Culture=neutral, PublicKeyToken=b03f5f7f11d50a3a' file path 'C:\Program Files\dotnet\sdk\9.0.304\Extensions\Microsoft.VisualStudio.TestPlatform.Extensions.Trx.TestLogger.dll'
TpTrace Information: 0 : 37132, 3, 2025/11/02, 20:03:33.033, 713380844828, testhost.net472.exe, AssemblyResolver.OnResolve: Microsoft.VisualStudio.TestPlatform.MSTest.TestAdapter: Resolving assembly.
TpTrace Information: 0 : 37132, 3, 2025/11/02, 20:03:33.033, 713380845792, testhost.net472.exe, AssemblyResolver.OnResolve: Microsoft.VisualStudio.TestPlatform.MSTest.TestAdapter: Searching in: 'C:\Program Files\dotnet\sdk\9.0.304\Extensions'.
TpTrace Information: 0 : 37132, 3, 2025/11/02, 20:03:33.033, 713380846623, testhost.net472.exe, AssemblyResolver.OnResolve: Microsoft.VisualStudio.TestPlatform.MSTest.TestAdapter: Assembly path does not exist: 'C:\Program Files\dotnet\sdk\9.0.304\Extensions\Microsoft.VisualStudio.TestPlatform.MSTest.TestAdapter.dll', returning.
TpTrace Information: 0 : 37132, 3, 2025/11/02, 20:03:33.033, 713380847295, testhost.net472.exe, AssemblyResolver.OnResolve: Microsoft.VisualStudio.TestPlatform.MSTest.TestAdapter: Assembly path does not exist: 'C:\Program Files\dotnet\sdk\9.0.304\Extensions\Microsoft.VisualStudio.TestPlatform.MSTest.TestAdapter.exe', returning.
TpTrace Information: 0 : 37132, 3, 2025/11/02, 20:03:33.033, 713380847604, testhost.net472.exe, AssemblyResolver.OnResolve: Microsoft.VisualStudio.TestPlatform.MSTest.TestAdapter: Searching in: 'C:\Users\Dante Salvador\OneDrive\Documents\Task\order-submission-system\tests\OrderSubmissionSystem.Application.Tests\bin\Debug\net472'.
TpTrace Information: 0 : 37132, 3, 2025/11/02, 20:03:33.034, 713380852923, testhost.net472.exe, AssemblyResolver.OnResolve: Microsoft.VisualStudio.TestPlatform.MSTest.TestAdapter: Loading assembly 'C:\Users\Dante Salvador\OneDrive\Documents\Task\order-submission-system\tests\OrderSubmissionSystem.Application.Tests\bin\Debug\net472\Microsoft.VisualStudio.TestPlatform.MSTest.TestAdapter.dll'.
TpTrace Error: 0 : 37132, 3, 2025/11/02, 20:03:33.049, 713381011124, testhost.net472.exe, AssemblyResolver.OnResolve: Microsoft.VisualStudio.TestPlatform.MSTest.TestAdapter: Failed to load assembly. Reason:System.IO.FileLoadException: Could not load file or assembly 'file:///C:\Users\Dante Salvador\OneDrive\Documents\Task\order-submission-system\tests\OrderSubmissionSystem.Application.Tests\bin\Debug\net472\Microsoft.VisualStudio.TestPlatform.MSTest.TestAdapter.dll' or one of its dependencies. Operation is not supported. (Exception from HRESULT: 0x80131515)
File name: 'file:///C:\Users\Dante Salvador\OneDrive\Documents\Task\order-submission-system\tests\OrderSubmissionSystem.Application.Tests\bin\Debug\net472\Microsoft.VisualStudio.TestPlatform.MSTest.TestAdapter.dll' ---> System.NotSupportedException: An attempt was made to load an assembly from a network location which would have caused the assembly to be sandboxed in previous versions of the .NET Framework. This release of the .NET Framework does not enable CAS policy by default, so this load may be dangerous. If this load is not intended to sandbox the assembly, please enable the loadFromRemoteSources switch. See http://go.microsoft.com/fwlink/?LinkId=155569 for more information.
   at System.Reflection.RuntimeAssembly._nLoad(AssemblyName fileName, String codeBase, Evidence assemblySecurity, RuntimeAssembly locationHint, StackCrawlMark& stackMark, IntPtr pPrivHostBinder, Boolean throwOnFileNotFound, Boolean forIntrospection, Boolean suppressSecurityChecks)
   at System.Reflection.RuntimeAssembly.InternalLoadAssemblyName(AssemblyName assemblyRef, Evidence assemblySecurity, RuntimeAssembly reqAssembly, StackCrawlMark& stackMark, IntPtr pPrivHostBinder, Boolean throwOnFileNotFound, Boolean forIntrospection, Boolean suppressSecurityChecks)
   at System.Reflection.RuntimeAssembly.InternalLoadFrom(String assemblyFile, Evidence securityEvidence, Byte[] hashValue, AssemblyHashAlgorithm hashAlgorithm, Boolean forIntrospection, Boolean suppressSecurityChecks, StackCrawlMark& stackMark)
   at System.Reflection.Assembly.LoadFrom(String assemblyFile)
   at Microsoft.VisualStudio.TestPlatform.PlatformAbstractions.PlatformAssemblyLoadContext.LoadAssemblyFromPath(String assemblyPath) in /_/src/Microsoft.TestPlatform.PlatformAbstractions/net462/Runtime/PlatformAssemblyLoadContext.cs:line 23
   at Microsoft.VisualStudio.TestPlatform.Common.Utilities.AssemblyResolver.OnResolve(Object sender, AssemblyResolveEventArgs args) in /_/src/Microsoft.TestPlatform.Common/Utilities/AssemblyResolver.cs:line 179

 
TpTrace Warning: 0 : 37132, 3, 2025/11/02, 20:03:33.050, 713381020977, testhost.net472.exe, TestPluginDiscoverer-FileLoadException: Failed to load extensions from file 'C:\Users\Dante Salvador\OneDrive\Documents\Task\order-submission-system\tests\OrderSubmissionSystem.Application.Tests\bin\Debug\net472\Microsoft.VisualStudio.TestPlatform.MSTest.TestAdapter.dll'.  Skipping test extension scan for this file.  Error: System.IO.FileLoadException: Could not load file or assembly 'Microsoft.VisualStudio.TestPlatform.MSTest.TestAdapter' or one of its dependencies. Operation is not supported. (Exception from HRESULT: 0x80131515)
File name: 'Microsoft.VisualStudio.TestPlatform.MSTest.TestAdapter' ---> System.IO.FileLoadException: Could not load file or assembly 'file:///C:\Users\Dante Salvador\OneDrive\Documents\Task\order-submission-system\tests\OrderSubmissionSystem.Application.Tests\bin\Debug\net472\Microsoft.VisualStudio.TestPlatform.MSTest.TestAdapter.dll' or one of its dependencies. Operation is not supported. (Exception from HRESULT: 0x80131515)
File name: 'file:///C:\Users\Dante Salvador\OneDrive\Documents\Task\order-submission-system\tests\OrderSubmissionSystem.Application.Tests\bin\Debug\net472\Microsoft.VisualStudio.TestPlatform.MSTest.TestAdapter.dll' ---> System.NotSupportedException: An attempt was made to load an assembly from a network location which would have caused the assembly to be sandboxed in previous versions of the .NET Framework. This release of the .NET Framework does not enable CAS policy by default, so this load may be dangerous. If this load is not intended to sandbox the assembly, please enable the loadFromRemoteSources switch. See http://go.microsoft.com/fwlink/?LinkId=155569 for more information.
   at System.Reflection.RuntimeAssembly._nLoad(AssemblyName fileName, String codeBase, Evidence assemblySecurity, RuntimeAssembly locationHint, StackCrawlMark& stackMark, IntPtr pPrivHostBinder, Boolean throwOnFileNotFound, Boolean forIntrospection, Boolean suppressSecurityChecks)
   at System.Reflection.RuntimeAssembly.InternalLoadAssemblyName(AssemblyName assemblyRef, Evidence assemblySecurity, RuntimeAssembly reqAssembly, StackCrawlMark& stackMark, IntPtr pPrivHostBinder, Boolean throwOnFileNotFound, Boolean forIntrospection, Boolean suppressSecurityChecks)
   at System.Reflection.RuntimeAssembly.InternalLoadFrom(String assemblyFile, Evidence securityEvidence, Byte[] hashValue, AssemblyHashAlgorithm hashAlgorithm, Boolean forIntrospection, Boolean suppressSecurityChecks, StackCrawlMark& stackMark)
   at System.Reflection.Assembly.LoadFrom(String assemblyFile)
   at Microsoft.VisualStudio.TestPlatform.PlatformAbstractions.PlatformAssemblyLoadContext.LoadAssemblyFromPath(String assemblyPath) in /_/src/Microsoft.TestPlatform.PlatformAbstractions/net462/Runtime/PlatformAssemblyLoadContext.cs:line 23
   at Microsoft.VisualStudio.TestPlatform.Common.Utilities.AssemblyResolver.OnResolve(Object sender, AssemblyResolveEventArgs args) in /_/src/Microsoft.TestPlatform.Common/Utilities/AssemblyResolver.cs:line 202
   at System.AppDomain.OnAssemblyResolveEvent(RuntimeAssembly assembly, String assemblyFullName)


   at System.Reflection.RuntimeAssembly._nLoad(AssemblyName fileName, String codeBase, Evidence assemblySecurity, RuntimeAssembly locationHint, StackCrawlMark& stackMark, IntPtr pPrivHostBinder, Boolean throwOnFileNotFound, Boolean forIntrospection, Boolean suppressSecurityChecks)
   at System.Reflection.RuntimeAssembly.InternalLoadAssemblyName(AssemblyName assemblyRef, Evidence assemblySecurity, RuntimeAssembly reqAssembly, StackCrawlMark& stackMark, IntPtr pPrivHostBinder, Boolean throwOnFileNotFound, Boolean forIntrospection, Boolean suppressSecurityChecks)
   at System.Reflection.Assembly.Load(AssemblyName assemblyRef)
   at Microsoft.VisualStudio.TestPlatform.Common.ExtensionFramework.TestPluginDiscoverer.GetTestExtensionsFromFiles[TPluginInfo,TExtension](String[] files, Dictionary`2 pluginInfos) in /_/src/Microsoft.TestPlatform.Common/ExtensionFramework/TestPluginDiscoverer.cs:line 95


TpTrace Warning: 0 : 37132, 3, 2025/11/02, 20:03:33.051, 713381030694, testhost.net472.exe, Failed to load extensions from file 'C:\Users\Dante Salvador\OneDrive\Documents\Task\order-submission-system\tests\OrderSubmissionSystem.Application.Tests\bin\Debug\net472\Microsoft.VisualStudio.TestPlatform.MSTest.TestAdapter.dll'. Please use /diag for more information.
TpTrace Verbose: 0 : 37132, 3, 2025/11/02, 20:03:33.051, 713381032559, testhost.net472.exe, TestRequestHandler.SendData: sending data from testhost: {"Version":7,"MessageType":"TestSession.Message","Payload":{"MessageLevel":1,"Message":"Failed to load extensions from file 'C:\\Users\\Dante Salvador\\OneDrive\\Documents\\Task\\order-submission-system\\tests\\OrderSubmissionSystem.Application.Tests\\bin\\Debug\\net472\\Microsoft.VisualStudio.TestPlatform.MSTest.TestAdapter.dll'. Please use /diag for more information."}}
TpTrace Verbose: 0 : 37132, 3, 2025/11/02, 20:03:33.051, 713381034079, testhost.net472.exe, MulticastDelegateUtilities.SafeInvoke: TestRunMessageLoggerProxy.SendMessage: Invoking callback 1/1 for Microsoft.VisualStudio.TestPlatform.CrossPlatEngine.Execution.ExecutionManager., took 0 ms.
TpTrace Verbose: 0 : 37132, 3, 2025/11/02, 20:03:33.055, 713381078538, testhost.net472.exe, TestPluginCache: Discovered the extensions using extension path ''.
TpTrace Verbose: 0 : 37132, 3, 2025/11/02, 20:03:33.058, 713381098983, testhost.net472.exe, TestPluginCache: Discoverers are ''.
TpTrace Verbose: 0 : 37132, 3, 2025/11/02, 20:03:33.058, 713381100331, testhost.net472.exe, TestPluginCache: Executors are ''.
TpTrace Verbose: 0 : 37132, 3, 2025/11/02, 20:03:33.058, 713381100743, testhost.net472.exe, TestPluginCache: Executors2 are ''.
TpTrace Verbose: 0 : 37132, 3, 2025/11/02, 20:03:33.058, 713381101028, testhost.net472.exe, TestPluginCache: Setting providers are ''.
TpTrace Verbose: 0 : 37132, 3, 2025/11/02, 20:03:33.058, 713381101390, testhost.net472.exe, TestPluginCache: Loggers are ''.
TpTrace Verbose: 0 : 37132, 3, 2025/11/02, 20:03:33.058, 713381101622, testhost.net472.exe, TestPluginCache: TestHosts are ''.
TpTrace Verbose: 0 : 37132, 3, 2025/11/02, 20:03:33.058, 713381101836, testhost.net472.exe, TestPluginCache: DataCollectors are ''.
TpTrace Verbose: 0 : 37132, 3, 2025/11/02, 20:03:33.061, 713381134965, testhost.net472.exe, TestPluginCache.DiscoverTestExtensions: finding test extensions in assemblies ends with: TestAdapter.dll TPluginInfo: Microsoft.VisualStudio.TestPlatform.Common.ExtensionFramework.Utilities.TestExecutorPluginInformation2 TExtension: Microsoft.VisualStudio.TestPlatform.ObjectModel.Adapter.ITestExecutor2
TpTrace Verbose: 0 : 37132, 3, 2025/11/02, 20:03:33.062, 713381139238, testhost.net472.exe, TestPluginCache.GetExtensionPaths: Filtered extension paths: 
TpTrace Verbose: 0 : 37132, 3, 2025/11/02, 20:03:33.062, 713381139922, testhost.net472.exe, TestPluginCache.GetExtensionPaths: Added default extension paths: C:\Program Files\dotnet\sdk\9.0.304\Extensions\Microsoft.Diagnostics.NETCore.Client.dll
C:\Program Files\dotnet\sdk\9.0.304\Extensions\Microsoft.TestPlatform.Extensions.BlameDataCollector.dll
C:\Program Files\dotnet\sdk\9.0.304\Extensions\Microsoft.TestPlatform.Extensions.EventLogCollector.dll
C:\Program Files\dotnet\sdk\9.0.304\Extensions\Microsoft.TestPlatform.TestHostRuntimeProvider.dll
C:\Program Files\dotnet\sdk\9.0.304\Extensions\Microsoft.VisualStudio.TestPlatform.Extensions.Html.TestLogger.dll
C:\Program Files\dotnet\sdk\9.0.304\Extensions\Microsoft.VisualStudio.TestPlatform.Extensions.Trx.TestLogger.dll
C:\Users\Dante Salvador\OneDrive\Documents\Task\order-submission-system\tests\OrderSubmissionSystem.Application.Tests\bin\Debug\net472\Microsoft.VisualStudio.TestPlatform.MSTest.TestAdapter.dll
TpTrace Verbose: 0 : 37132, 3, 2025/11/02, 20:03:33.062, 713381140331, testhost.net472.exe, TestPluginCache.GetExtensionPaths: Added unfilterableExtensionPaths: 
TpTrace Information: 0 : 37132, 3, 2025/11/02, 20:03:33.062, 713381141864, testhost.net472.exe, AssemblyResolver.AddSearchDirectories: Adding more searchDirectories C:\Program Files\dotnet\sdk\9.0.304\Extensions,C:\Users\Dante Salvador\OneDrive\Documents\Task\order-submission-system\tests\OrderSubmissionSystem.Application.Tests\bin\Debug\net472,C:\Program Files\dotnet\sdk\9.0.304\TestHostNetFramework
TpTrace Verbose: 0 : 37132, 3, 2025/11/02, 20:03:33.062, 713381143032, testhost.net472.exe, TestPluginCache.DiscoverTestExtensions: Discovering the extensions using extension path.
TpTrace Verbose: 0 : 37132, 3, 2025/11/02, 20:03:33.062, 713381143510, testhost.net472.exe, TestPluginCache.GetExtensionPaths: Filtered extension paths: 
TpTrace Verbose: 0 : 37132, 3, 2025/11/02, 20:03:33.062, 713381143826, testhost.net472.exe, TestPluginCache.GetExtensionPaths: Added default extension paths: C:\Program Files\dotnet\sdk\9.0.304\Extensions\Microsoft.Diagnostics.NETCore.Client.dll
C:\Program Files\dotnet\sdk\9.0.304\Extensions\Microsoft.TestPlatform.Extensions.BlameDataCollector.dll
C:\Program Files\dotnet\sdk\9.0.304\Extensions\Microsoft.TestPlatform.Extensions.EventLogCollector.dll
C:\Program Files\dotnet\sdk\9.0.304\Extensions\Microsoft.TestPlatform.TestHostRuntimeProvider.dll
C:\Program Files\dotnet\sdk\9.0.304\Extensions\Microsoft.VisualStudio.TestPlatform.Extensions.Html.TestLogger.dll
C:\Program Files\dotnet\sdk\9.0.304\Extensions\Microsoft.VisualStudio.TestPlatform.Extensions.Trx.TestLogger.dll
C:\Users\Dante Salvador\OneDrive\Documents\Task\order-submission-system\tests\OrderSubmissionSystem.Application.Tests\bin\Debug\net472\Microsoft.VisualStudio.TestPlatform.MSTest.TestAdapter.dll
TpTrace Verbose: 0 : 37132, 3, 2025/11/02, 20:03:33.062, 713381144250, testhost.net472.exe, TestPluginCache.GetExtensionPaths: Added unfilterableExtensionPaths: 
TpTrace Verbose: 0 : 37132, 3, 2025/11/02, 20:03:33.062, 713381144573, testhost.net472.exe, TestPluginCache.DiscoverTestExtensions: Discovering the extensions using allExtensionPaths: C:\Program Files\dotnet\sdk\9.0.304\Extensions\Microsoft.Diagnostics.NETCore.Client.dll
C:\Program Files\dotnet\sdk\9.0.304\Extensions\Microsoft.TestPlatform.Extensions.BlameDataCollector.dll
C:\Program Files\dotnet\sdk\9.0.304\Extensions\Microsoft.TestPlatform.Extensions.EventLogCollector.dll
C:\Program Files\dotnet\sdk\9.0.304\Extensions\Microsoft.TestPlatform.TestHostRuntimeProvider.dll
C:\Program Files\dotnet\sdk\9.0.304\Extensions\Microsoft.VisualStudio.TestPlatform.Extensions.Html.TestLogger.dll
C:\Program Files\dotnet\sdk\9.0.304\Extensions\Microsoft.VisualStudio.TestPlatform.Extensions.Trx.TestLogger.dll
C:\Users\Dante Salvador\OneDrive\Documents\Task\order-submission-system\tests\OrderSubmissionSystem.Application.Tests\bin\Debug\net472\Microsoft.VisualStudio.TestPlatform.MSTest.TestAdapter.dll
TpTrace Information: 0 : 37132, 3, 2025/11/02, 20:03:33.062, 713381145441, testhost.net472.exe, AssemblyResolver.AddSearchDirectories: Adding more searchDirectories C:\Program Files\dotnet\sdk\9.0.304\Extensions,C:\Program Files\dotnet\sdk\9.0.304\TestHostNetFramework
TpTrace Information: 0 : 37132, 3, 2025/11/02, 20:03:33.063, 713381146092, testhost.net472.exe, AssemblyResolver.AddSearchDirectories: Adding more searchDirectories C:\Program Files\dotnet\sdk\9.0.304\Extensions,C:\Program Files\dotnet\sdk\9.0.304\TestHostNetFramework
TpTrace Information: 0 : 37132, 3, 2025/11/02, 20:03:33.063, 713381146490, testhost.net472.exe, AssemblyResolver.AddSearchDirectories: Adding more searchDirectories C:\Program Files\dotnet\sdk\9.0.304\Extensions,C:\Program Files\dotnet\sdk\9.0.304\TestHostNetFramework
TpTrace Information: 0 : 37132, 3, 2025/11/02, 20:03:33.063, 713381147053, testhost.net472.exe, AssemblyResolver.AddSearchDirectories: Adding more searchDirectories C:\Program Files\dotnet\sdk\9.0.304\Extensions,C:\Program Files\dotnet\sdk\9.0.304\TestHostNetFramework
TpTrace Information: 0 : 37132, 3, 2025/11/02, 20:03:33.063, 713381147525, testhost.net472.exe, AssemblyResolver.AddSearchDirectories: Adding more searchDirectories C:\Program Files\dotnet\sdk\9.0.304\Extensions,C:\Program Files\dotnet\sdk\9.0.304\TestHostNetFramework
TpTrace Information: 0 : 37132, 3, 2025/11/02, 20:03:33.063, 713381148003, testhost.net472.exe, AssemblyResolver.AddSearchDirectories: Adding more searchDirectories C:\Program Files\dotnet\sdk\9.0.304\Extensions,C:\Program Files\dotnet\sdk\9.0.304\TestHostNetFramework
TpTrace Information: 0 : 37132, 3, 2025/11/02, 20:03:33.063, 713381148662, testhost.net472.exe, AssemblyResolver.AddSearchDirectories: Adding more searchDirectories C:\Users\Dante Salvador\OneDrive\Documents\Task\order-submission-system\tests\OrderSubmissionSystem.Application.Tests\bin\Debug\net472,C:\Program Files\dotnet\sdk\9.0.304\TestHostNetFramework
TpTrace Verbose: 0 : 37132, 3, 2025/11/02, 20:03:33.063, 713381150241, testhost.net472.exe, MetadataReaderExtensionsHelper: Discovering extensions inside assembly 'Microsoft.Diagnostics.NETCore.Client, Version=0.2.12.17301, Culture=neutral, PublicKeyToken=31bf3856ad364e35' file path 'C:\Program Files\dotnet\sdk\9.0.304\Extensions\Microsoft.Diagnostics.NETCore.Client.dll'
TpTrace Warning: 0 : 37132, 3, 2025/11/02, 20:03:33.065, 713381166356, testhost.net472.exe, TestPluginDiscoverer: Failed to get types from assembly 'Microsoft.Diagnostics.NETCore.Client, Version=0.2.12.17301, Culture=neutral, PublicKeyToken=31bf3856ad364e35'. Error: System.Reflection.ReflectionTypeLoadException: Unable to load one or more of the requested types. Retrieve the LoaderExceptions property for more information.
   at System.Reflection.RuntimeModule.GetTypes(RuntimeModule module)
   at System.Reflection.RuntimeModule.GetTypes()
   at System.Reflection.Assembly.GetTypes()
   at Microsoft.VisualStudio.TestPlatform.Common.ExtensionFramework.TestPluginDiscoverer.GetTestExtensionsFromAssembly[TPluginInfo,TExtension](Assembly assembly, Dictionary`2 pluginInfos, String filePath) in /_/src/Microsoft.TestPlatform.Common/ExtensionFramework/TestPluginDiscoverer.cs:line 159
TpTrace Warning: 0 : 37132, 3, 2025/11/02, 20:03:33.065, 713381168844, testhost.net472.exe, LoaderExceptions: System.IO.FileNotFoundException: Could not load file or assembly 'Microsoft.Bcl.AsyncInterfaces, Version=6.0.0.0, Culture=neutral, PublicKeyToken=cc7b13ffcd2ddd51' or one of its dependencies. The system cannot find the file specified.
File name: 'Microsoft.Bcl.AsyncInterfaces, Version=6.0.0.0, Culture=neutral, PublicKeyToken=cc7b13ffcd2ddd51'
   at System.Reflection.RuntimeAssembly._nLoad(AssemblyName fileName, String codeBase, Evidence assemblySecurity, RuntimeAssembly locationHint, StackCrawlMark& stackMark, IntPtr pPrivHostBinder, Boolean throwOnFileNotFound, Boolean forIntrospection, Boolean suppressSecurityChecks)
   at System.Reflection.RuntimeAssembly.InternalLoadAssemblyName(AssemblyName assemblyRef, Evidence assemblySecurity, RuntimeAssembly reqAssembly, StackCrawlMark& stackMark, IntPtr pPrivHostBinder, Boolean throwOnFileNotFound, Boolean forIntrospection, Boolean suppressSecurityChecks)
   at System.Reflection.Assembly.Load(AssemblyName assemblyRef)
   at Microsoft.VisualStudio.TestPlatform.Common.ExtensionFramework.TestPluginCache.CurrentDomainAssemblyResolve(Object sender, AssemblyResolveEventArgs args) in /_/src/Microsoft.TestPlatform.Common/ExtensionFramework/TestPluginCache.cs:line 514
   at System.AppDomain.OnAssemblyResolveEvent(RuntimeAssembly assembly, String assemblyFullName)

WRN: Assembly binding logging is turned OFF.
To enable assembly bind failure logging, set the registry value [HKLM\Software\Microsoft\Fusion!EnableLog] (DWORD) to 1.
Note: There is some performance penalty associated with assembly bind failure logging.
To turn this feature off, remove the registry value [HKLM\Software\Microsoft\Fusion!EnableLog].

TpTrace Warning: 0 : 37132, 3, 2025/11/02, 20:03:33.065, 713381170051, testhost.net472.exe, LoaderExceptions: System.IO.FileNotFoundException: Could not load file or assembly 'Microsoft.Bcl.AsyncInterfaces, Version=6.0.0.0, Culture=neutral, PublicKeyToken=cc7b13ffcd2ddd51' or one of its dependencies. The system cannot find the file specified.
File name: 'Microsoft.Bcl.AsyncInterfaces, Version=6.0.0.0, Culture=neutral, PublicKeyToken=cc7b13ffcd2ddd51'
   at System.Reflection.RuntimeAssembly._nLoad(AssemblyName fileName, String codeBase, Evidence assemblySecurity, RuntimeAssembly locationHint, StackCrawlMark& stackMark, IntPtr pPrivHostBinder, Boolean throwOnFileNotFound, Boolean forIntrospection, Boolean suppressSecurityChecks)
   at System.Reflection.RuntimeAssembly.InternalLoadAssemblyName(AssemblyName assemblyRef, Evidence assemblySecurity, RuntimeAssembly reqAssembly, StackCrawlMark& stackMark, IntPtr pPrivHostBinder, Boolean throwOnFileNotFound, Boolean forIntrospection, Boolean suppressSecurityChecks)
   at System.Reflection.Assembly.Load(AssemblyName assemblyRef)
   at Microsoft.VisualStudio.TestPlatform.Common.ExtensionFramework.TestPluginCache.CurrentDomainAssemblyResolve(Object sender, AssemblyResolveEventArgs args) in /_/src/Microsoft.TestPlatform.Common/ExtensionFramework/TestPluginCache.cs:line 514
   at System.AppDomain.OnAssemblyResolveEvent(RuntimeAssembly assembly, String assemblyFullName)

WRN: Assembly binding logging is turned OFF.
To enable assembly bind failure logging, set the registry value [HKLM\Software\Microsoft\Fusion!EnableLog] (DWORD) to 1.
Note: There is some performance penalty associated with assembly bind failure logging.
To turn this feature off, remove the registry value [HKLM\Software\Microsoft\Fusion!EnableLog].

TpTrace Warning: 0 : 37132, 3, 2025/11/02, 20:03:33.065, 713381171641, testhost.net472.exe, LoaderExceptions: System.IO.FileLoadException: Could not load file or assembly 'file:///C:\Users\Dante Salvador\OneDrive\Documents\Task\order-submission-system\tests\OrderSubmissionSystem.Application.Tests\bin\Debug\net472\System.Threading.Tasks.Extensions.dll' or one of its dependencies. Operation is not supported. (Exception from HRESULT: 0x80131515)
File name: 'file:///C:\Users\Dante Salvador\OneDrive\Documents\Task\order-submission-system\tests\OrderSubmissionSystem.Application.Tests\bin\Debug\net472\System.Threading.Tasks.Extensions.dll' ---> System.NotSupportedException: An attempt was made to load an assembly from a network location which would have caused the assembly to be sandboxed in previous versions of the .NET Framework. This release of the .NET Framework does not enable CAS policy by default, so this load may be dangerous. If this load is not intended to sandbox the assembly, please enable the loadFromRemoteSources switch. See http://go.microsoft.com/fwlink/?LinkId=155569 for more information.
   at System.Reflection.RuntimeAssembly._nLoad(AssemblyName fileName, String codeBase, Evidence assemblySecurity, RuntimeAssembly locationHint, StackCrawlMark& stackMark, IntPtr pPrivHostBinder, Boolean throwOnFileNotFound, Boolean forIntrospection, Boolean suppressSecurityChecks)
   at System.Reflection.RuntimeAssembly.InternalLoadAssemblyName(AssemblyName assemblyRef, Evidence assemblySecurity, RuntimeAssembly reqAssembly, StackCrawlMark& stackMark, IntPtr pPrivHostBinder, Boolean throwOnFileNotFound, Boolean forIntrospection, Boolean suppressSecurityChecks)
   at System.Reflection.RuntimeAssembly.InternalLoadFrom(String assemblyFile, Evidence securityEvidence, Byte[] hashValue, AssemblyHashAlgorithm hashAlgorithm, Boolean forIntrospection, Boolean suppressSecurityChecks, StackCrawlMark& stackMark)
   at System.Reflection.Assembly.LoadFrom(String assemblyFile)
   at Microsoft.VisualStudio.TestPlatform.PlatformAbstractions.PlatformAssemblyLoadContext.LoadAssemblyFromPath(String assemblyPath) in /_/src/Microsoft.TestPlatform.PlatformAbstractions/net462/Runtime/PlatformAssemblyLoadContext.cs:line 23
   at Microsoft.VisualStudio.TestPlatform.Common.Utilities.AssemblyResolver.OnResolve(Object sender, AssemblyResolveEventArgs args) in /_/src/Microsoft.TestPlatform.Common/Utilities/AssemblyResolver.cs:line 202
   at System.AppDomain.OnAssemblyResolveEvent(RuntimeAssembly assembly, String assemblyFullName)


TpTrace Warning: 0 : 37132, 3, 2025/11/02, 20:03:33.065, 713381173255, testhost.net472.exe, LoaderExceptions: System.IO.FileLoadException: Could not load file or assembly 'file:///C:\Users\Dante Salvador\OneDrive\Documents\Task\order-submission-system\tests\OrderSubmissionSystem.Application.Tests\bin\Debug\net472\System.Threading.Tasks.Extensions.dll' or one of its dependencies. Operation is not supported. (Exception from HRESULT: 0x80131515)
File name: 'file:///C:\Users\Dante Salvador\OneDrive\Documents\Task\order-submission-system\tests\OrderSubmissionSystem.Application.Tests\bin\Debug\net472\System.Threading.Tasks.Extensions.dll' ---> System.NotSupportedException: An attempt was made to load an assembly from a network location which would have caused the assembly to be sandboxed in previous versions of the .NET Framework. This release of the .NET Framework does not enable CAS policy by default, so this load may be dangerous. If this load is not intended to sandbox the assembly, please enable the loadFromRemoteSources switch. See http://go.microsoft.com/fwlink/?LinkId=155569 for more information.
   at System.Reflection.RuntimeAssembly._nLoad(AssemblyName fileName, String codeBase, Evidence assemblySecurity, RuntimeAssembly locationHint, StackCrawlMark& stackMark, IntPtr pPrivHostBinder, Boolean throwOnFileNotFound, Boolean forIntrospection, Boolean suppressSecurityChecks)
   at System.Reflection.RuntimeAssembly.InternalLoadAssemblyName(AssemblyName assemblyRef, Evidence assemblySecurity, RuntimeAssembly reqAssembly, StackCrawlMark& stackMark, IntPtr pPrivHostBinder, Boolean throwOnFileNotFound, Boolean forIntrospection, Boolean suppressSecurityChecks)
   at System.Reflection.RuntimeAssembly.InternalLoadFrom(String assemblyFile, Evidence securityEvidence, Byte[] hashValue, AssemblyHashAlgorithm hashAlgorithm, Boolean forIntrospection, Boolean suppressSecurityChecks, StackCrawlMark& stackMark)
   at System.Reflection.Assembly.LoadFrom(String assemblyFile)
   at Microsoft.VisualStudio.TestPlatform.PlatformAbstractions.PlatformAssemblyLoadContext.LoadAssemblyFromPath(String assemblyPath) in /_/src/Microsoft.TestPlatform.PlatformAbstractions/net462/Runtime/PlatformAssemblyLoadContext.cs:line 23
   at Microsoft.VisualStudio.TestPlatform.Common.Utilities.AssemblyResolver.OnResolve(Object sender, AssemblyResolveEventArgs args) in /_/src/Microsoft.TestPlatform.Common/Utilities/AssemblyResolver.cs:line 202
   at System.AppDomain.OnAssemblyResolveEvent(RuntimeAssembly assembly, String assemblyFullName)


TpTrace Warning: 0 : 37132, 3, 2025/11/02, 20:03:33.065, 713381174808, testhost.net472.exe, LoaderExceptions: System.IO.FileLoadException: Could not load file or assembly 'file:///C:\Users\Dante Salvador\OneDrive\Documents\Task\order-submission-system\tests\OrderSubmissionSystem.Application.Tests\bin\Debug\net472\System.Threading.Tasks.Extensions.dll' or one of its dependencies. Operation is not supported. (Exception from HRESULT: 0x80131515)
File name: 'file:///C:\Users\Dante Salvador\OneDrive\Documents\Task\order-submission-system\tests\OrderSubmissionSystem.Application.Tests\bin\Debug\net472\System.Threading.Tasks.Extensions.dll' ---> System.NotSupportedException: An attempt was made to load an assembly from a network location which would have caused the assembly to be sandboxed in previous versions of the .NET Framework. This release of the .NET Framework does not enable CAS policy by default, so this load may be dangerous. If this load is not intended to sandbox the assembly, please enable the loadFromRemoteSources switch. See http://go.microsoft.com/fwlink/?LinkId=155569 for more information.
   at System.Reflection.RuntimeAssembly._nLoad(AssemblyName fileName, String codeBase, Evidence assemblySecurity, RuntimeAssembly locationHint, StackCrawlMark& stackMark, IntPtr pPrivHostBinder, Boolean throwOnFileNotFound, Boolean forIntrospection, Boolean suppressSecurityChecks)
   at System.Reflection.RuntimeAssembly.InternalLoadAssemblyName(AssemblyName assemblyRef, Evidence assemblySecurity, RuntimeAssembly reqAssembly, StackCrawlMark& stackMark, IntPtr pPrivHostBinder, Boolean throwOnFileNotFound, Boolean forIntrospection, Boolean suppressSecurityChecks)
   at System.Reflection.RuntimeAssembly.InternalLoadFrom(String assemblyFile, Evidence securityEvidence, Byte[] hashValue, AssemblyHashAlgorithm hashAlgorithm, Boolean forIntrospection, Boolean suppressSecurityChecks, StackCrawlMark& stackMark)
   at System.Reflection.Assembly.LoadFrom(String assemblyFile)
   at Microsoft.VisualStudio.TestPlatform.PlatformAbstractions.PlatformAssemblyLoadContext.LoadAssemblyFromPath(String assemblyPath) in /_/src/Microsoft.TestPlatform.PlatformAbstractions/net462/Runtime/PlatformAssemblyLoadContext.cs:line 23
   at Microsoft.VisualStudio.TestPlatform.Common.Utilities.AssemblyResolver.OnResolve(Object sender, AssemblyResolveEventArgs args) in /_/src/Microsoft.TestPlatform.Common/Utilities/AssemblyResolver.cs:line 202
   at System.AppDomain.OnAssemblyResolveEvent(RuntimeAssembly assembly, String assemblyFullName)


TpTrace Warning: 0 : 37132, 3, 2025/11/02, 20:03:33.065, 713381176254, testhost.net472.exe, LoaderExceptions: System.IO.FileLoadException: Could not load file or assembly 'file:///C:\Users\Dante Salvador\OneDrive\Documents\Task\order-submission-system\tests\OrderSubmissionSystem.Application.Tests\bin\Debug\net472\System.Threading.Tasks.Extensions.dll' or one of its dependencies. Operation is not supported. (Exception from HRESULT: 0x80131515)
File name: 'file:///C:\Users\Dante Salvador\OneDrive\Documents\Task\order-submission-system\tests\OrderSubmissionSystem.Application.Tests\bin\Debug\net472\System.Threading.Tasks.Extensions.dll' ---> System.NotSupportedException: An attempt was made to load an assembly from a network location which would have caused the assembly to be sandboxed in previous versions of the .NET Framework. This release of the .NET Framework does not enable CAS policy by default, so this load may be dangerous. If this load is not intended to sandbox the assembly, please enable the loadFromRemoteSources switch. See http://go.microsoft.com/fwlink/?LinkId=155569 for more information.
   at System.Reflection.RuntimeAssembly._nLoad(AssemblyName fileName, String codeBase, Evidence assemblySecurity, RuntimeAssembly locationHint, StackCrawlMark& stackMark, IntPtr pPrivHostBinder, Boolean throwOnFileNotFound, Boolean forIntrospection, Boolean suppressSecurityChecks)
   at System.Reflection.RuntimeAssembly.InternalLoadAssemblyName(AssemblyName assemblyRef, Evidence assemblySecurity, RuntimeAssembly reqAssembly, StackCrawlMark& stackMark, IntPtr pPrivHostBinder, Boolean throwOnFileNotFound, Boolean forIntrospection, Boolean suppressSecurityChecks)
   at System.Reflection.RuntimeAssembly.InternalLoadFrom(String assemblyFile, Evidence securityEvidence, Byte[] hashValue, AssemblyHashAlgorithm hashAlgorithm, Boolean forIntrospection, Boolean suppressSecurityChecks, StackCrawlMark& stackMark)
   at System.Reflection.Assembly.LoadFrom(String assemblyFile)
   at Microsoft.VisualStudio.TestPlatform.PlatformAbstractions.PlatformAssemblyLoadContext.LoadAssemblyFromPath(String assemblyPath) in /_/src/Microsoft.TestPlatform.PlatformAbstractions/net462/Runtime/PlatformAssemblyLoadContext.cs:line 23
   at Microsoft.VisualStudio.TestPlatform.Common.Utilities.AssemblyResolver.OnResolve(Object sender, AssemblyResolveEventArgs args) in /_/src/Microsoft.TestPlatform.Common/Utilities/AssemblyResolver.cs:line 202
   at System.AppDomain.OnAssemblyResolveEvent(RuntimeAssembly assembly, String assemblyFullName)


TpTrace Warning: 0 : 37132, 3, 2025/11/02, 20:03:33.065, 713381177835, testhost.net472.exe, LoaderExceptions: System.IO.FileLoadException: Could not load file or assembly 'file:///C:\Users\Dante Salvador\OneDrive\Documents\Task\order-submission-system\tests\OrderSubmissionSystem.Application.Tests\bin\Debug\net472\System.Threading.Tasks.Extensions.dll' or one of its dependencies. Operation is not supported. (Exception from HRESULT: 0x80131515)
File name: 'file:///C:\Users\Dante Salvador\OneDrive\Documents\Task\order-submission-system\tests\OrderSubmissionSystem.Application.Tests\bin\Debug\net472\System.Threading.Tasks.Extensions.dll' ---> System.NotSupportedException: An attempt was made to load an assembly from a network location which would have caused the assembly to be sandboxed in previous versions of the .NET Framework. This release of the .NET Framework does not enable CAS policy by default, so this load may be dangerous. If this load is not intended to sandbox the assembly, please enable the loadFromRemoteSources switch. See http://go.microsoft.com/fwlink/?LinkId=155569 for more information.
   at System.Reflection.RuntimeAssembly._nLoad(AssemblyName fileName, String codeBase, Evidence assemblySecurity, RuntimeAssembly locationHint, StackCrawlMark& stackMark, IntPtr pPrivHostBinder, Boolean throwOnFileNotFound, Boolean forIntrospection, Boolean suppressSecurityChecks)
   at System.Reflection.RuntimeAssembly.InternalLoadAssemblyName(AssemblyName assemblyRef, Evidence assemblySecurity, RuntimeAssembly reqAssembly, StackCrawlMark& stackMark, IntPtr pPrivHostBinder, Boolean throwOnFileNotFound, Boolean forIntrospection, Boolean suppressSecurityChecks)
   at System.Reflection.RuntimeAssembly.InternalLoadFrom(String assemblyFile, Evidence securityEvidence, Byte[] hashValue, AssemblyHashAlgorithm hashAlgorithm, Boolean forIntrospection, Boolean suppressSecurityChecks, StackCrawlMark& stackMark)
   at System.Reflection.Assembly.LoadFrom(String assemblyFile)
   at Microsoft.VisualStudio.TestPlatform.PlatformAbstractions.PlatformAssemblyLoadContext.LoadAssemblyFromPath(String assemblyPath) in /_/src/Microsoft.TestPlatform.PlatformAbstractions/net462/Runtime/PlatformAssemblyLoadContext.cs:line 23
   at Microsoft.VisualStudio.TestPlatform.Common.Utilities.AssemblyResolver.OnResolve(Object sender, AssemblyResolveEventArgs args) in /_/src/Microsoft.TestPlatform.Common/Utilities/AssemblyResolver.cs:line 202
   at System.AppDomain.OnAssemblyResolveEvent(RuntimeAssembly assembly, String assemblyFullName)


TpTrace Verbose: 0 : 37132, 3, 2025/11/02, 20:03:33.066, 713381179900, testhost.net472.exe, MetadataReaderExtensionsHelper: Discovering extensions inside assembly 'Microsoft.TestPlatform.Extensions.BlameDataCollector, Version=15.0.0.0, Culture=neutral, PublicKeyToken=b03f5f7f11d50a3a' file path 'C:\Program Files\dotnet\sdk\9.0.304\Extensions\Microsoft.TestPlatform.Extensions.BlameDataCollector.dll'
TpTrace Verbose: 0 : 37132, 3, 2025/11/02, 20:03:33.067, 713381189994, testhost.net472.exe, MetadataReaderExtensionsHelper: Discovering extensions inside assembly 'Microsoft.TestPlatform.Extensions.EventLogCollector, Version=15.0.0.0, Culture=neutral, PublicKeyToken=b03f5f7f11d50a3a' file path 'C:\Program Files\dotnet\sdk\9.0.304\Extensions\Microsoft.TestPlatform.Extensions.EventLogCollector.dll'
TpTrace Verbose: 0 : 37132, 3, 2025/11/02, 20:03:33.067, 713381197902, testhost.net472.exe, MetadataReaderExtensionsHelper: Discovering extensions inside assembly 'Microsoft.TestPlatform.TestHostRuntimeProvider, Version=15.0.0.0, Culture=neutral, PublicKeyToken=b03f5f7f11d50a3a' file path 'C:\Program Files\dotnet\sdk\9.0.304\Extensions\Microsoft.TestPlatform.TestHostRuntimeProvider.dll'
TpTrace Verbose: 0 : 37132, 3, 2025/11/02, 20:03:33.069, 713381206888, testhost.net472.exe, MetadataReaderExtensionsHelper: Discovering extensions inside assembly 'Microsoft.VisualStudio.TestPlatform.Extensions.Html.TestLogger, Version=15.0.0.0, Culture=neutral, PublicKeyToken=b03f5f7f11d50a3a' file path 'C:\Program Files\dotnet\sdk\9.0.304\Extensions\Microsoft.VisualStudio.TestPlatform.Extensions.Html.TestLogger.dll'
TpTrace Verbose: 0 : 37132, 3, 2025/11/02, 20:03:33.070, 713381216717, testhost.net472.exe, MetadataReaderExtensionsHelper: Discovering extensions inside assembly 'Microsoft.VisualStudio.TestPlatform.Extensions.Trx.TestLogger, Version=15.0.0.0, Culture=neutral, PublicKeyToken=b03f5f7f11d50a3a' file path 'C:\Program Files\dotnet\sdk\9.0.304\Extensions\Microsoft.VisualStudio.TestPlatform.Extensions.Trx.TestLogger.dll'
TpTrace Verbose: 0 : 37132, 3, 2025/11/02, 20:03:33.071, 713381225803, testhost.net472.exe, TestPluginCache: Discovered the extensions using extension path ''.
TpTrace Verbose: 0 : 37132, 3, 2025/11/02, 20:03:33.071, 713381226551, testhost.net472.exe, TestPluginCache: Discoverers are ''.
TpTrace Verbose: 0 : 37132, 3, 2025/11/02, 20:03:33.071, 713381227045, testhost.net472.exe, TestPluginCache: Executors are ''.
TpTrace Verbose: 0 : 37132, 3, 2025/11/02, 20:03:33.071, 713381227593, testhost.net472.exe, TestPluginCache: Executors2 are ''.
TpTrace Verbose: 0 : 37132, 3, 2025/11/02, 20:03:33.071, 713381227886, testhost.net472.exe, TestPluginCache: Setting providers are ''.
TpTrace Verbose: 0 : 37132, 3, 2025/11/02, 20:03:33.071, 713381228171, testhost.net472.exe, TestPluginCache: Loggers are ''.
TpTrace Verbose: 0 : 37132, 3, 2025/11/02, 20:03:33.071, 713381228382, testhost.net472.exe, TestPluginCache: TestHosts are ''.
TpTrace Verbose: 0 : 37132, 3, 2025/11/02, 20:03:33.071, 713381228640, testhost.net472.exe, TestPluginCache: DataCollectors are ''.
TpTrace Verbose: 0 : 37132, 3, 2025/11/02, 20:03:33.074, 713381268840, testhost.net472.exe, TestExecutorService: Loaded the executors
TpTrace Verbose: 0 : 37132, 3, 2025/11/02, 20:03:33.076, 713381281497, testhost.net472.exe, TestPluginCache.DiscoverTestExtensions: finding test extensions in assemblies ends with: TestAdapter.dll TPluginInfo: Microsoft.VisualStudio.TestPlatform.Common.ExtensionFramework.Utilities.TestSettingsProviderPluginInformation TExtension: Microsoft.VisualStudio.TestPlatform.ObjectModel.Adapter.ISettingsProvider
TpTrace Verbose: 0 : 37132, 3, 2025/11/02, 20:03:33.076, 713381282590, testhost.net472.exe, TestPluginCache.GetExtensionPaths: Filtered extension paths: 
TpTrace Verbose: 0 : 37132, 3, 2025/11/02, 20:03:33.076, 713381282930, testhost.net472.exe, TestPluginCache.GetExtensionPaths: Added default extension paths: C:\Program Files\dotnet\sdk\9.0.304\Extensions\Microsoft.Diagnostics.NETCore.Client.dll
C:\Program Files\dotnet\sdk\9.0.304\Extensions\Microsoft.TestPlatform.Extensions.BlameDataCollector.dll
C:\Program Files\dotnet\sdk\9.0.304\Extensions\Microsoft.TestPlatform.Extensions.EventLogCollector.dll
C:\Program Files\dotnet\sdk\9.0.304\Extensions\Microsoft.TestPlatform.TestHostRuntimeProvider.dll
C:\Program Files\dotnet\sdk\9.0.304\Extensions\Microsoft.VisualStudio.TestPlatform.Extensions.Html.TestLogger.dll
C:\Program Files\dotnet\sdk\9.0.304\Extensions\Microsoft.VisualStudio.TestPlatform.Extensions.Trx.TestLogger.dll
C:\Users\Dante Salvador\OneDrive\Documents\Task\order-submission-system\tests\OrderSubmissionSystem.Application.Tests\bin\Debug\net472\Microsoft.VisualStudio.TestPlatform.MSTest.TestAdapter.dll
TpTrace Verbose: 0 : 37132, 3, 2025/11/02, 20:03:33.076, 713381283170, testhost.net472.exe, TestPluginCache.GetExtensionPaths: Added unfilterableExtensionPaths: 
TpTrace Information: 0 : 37132, 3, 2025/11/02, 20:03:33.076, 713381284411, testhost.net472.exe, AssemblyResolver.AddSearchDirectories: Adding more searchDirectories C:\Program Files\dotnet\sdk\9.0.304\Extensions,C:\Users\Dante Salvador\OneDrive\Documents\Task\order-submission-system\tests\OrderSubmissionSystem.Application.Tests\bin\Debug\net472,C:\Program Files\dotnet\sdk\9.0.304\TestHostNetFramework
TpTrace Verbose: 0 : 37132, 3, 2025/11/02, 20:03:33.076, 713381284795, testhost.net472.exe, TestPluginCache.DiscoverTestExtensions: Discovering the extensions using extension path.
TpTrace Verbose: 0 : 37132, 3, 2025/11/02, 20:03:33.076, 713381285037, testhost.net472.exe, TestPluginCache.GetExtensionPaths: Filtered extension paths: 
TpTrace Verbose: 0 : 37132, 3, 2025/11/02, 20:03:33.076, 713381285255, testhost.net472.exe, TestPluginCache.GetExtensionPaths: Added default extension paths: C:\Program Files\dotnet\sdk\9.0.304\Extensions\Microsoft.Diagnostics.NETCore.Client.dll
C:\Program Files\dotnet\sdk\9.0.304\Extensions\Microsoft.TestPlatform.Extensions.BlameDataCollector.dll
C:\Program Files\dotnet\sdk\9.0.304\Extensions\Microsoft.TestPlatform.Extensions.EventLogCollector.dll
C:\Program Files\dotnet\sdk\9.0.304\Extensions\Microsoft.TestPlatform.TestHostRuntimeProvider.dll
C:\Program Files\dotnet\sdk\9.0.304\Extensions\Microsoft.VisualStudio.TestPlatform.Extensions.Html.TestLogger.dll
C:\Program Files\dotnet\sdk\9.0.304\Extensions\Microsoft.VisualStudio.TestPlatform.Extensions.Trx.TestLogger.dll
C:\Users\Dante Salvador\OneDrive\Documents\Task\order-submission-system\tests\OrderSubmissionSystem.Application.Tests\bin\Debug\net472\Microsoft.VisualStudio.TestPlatform.MSTest.TestAdapter.dll
TpTrace Verbose: 0 : 37132, 3, 2025/11/02, 20:03:33.076, 713381285532, testhost.net472.exe, TestPluginCache.GetExtensionPaths: Added unfilterableExtensionPaths: 
TpTrace Verbose: 0 : 37132, 3, 2025/11/02, 20:03:33.076, 713381285811, testhost.net472.exe, TestPluginCache.DiscoverTestExtensions: Discovering the extensions using allExtensionPaths: C:\Program Files\dotnet\sdk\9.0.304\Extensions\Microsoft.Diagnostics.NETCore.Client.dll
C:\Program Files\dotnet\sdk\9.0.304\Extensions\Microsoft.TestPlatform.Extensions.BlameDataCollector.dll
C:\Program Files\dotnet\sdk\9.0.304\Extensions\Microsoft.TestPlatform.Extensions.EventLogCollector.dll
C:\Program Files\dotnet\sdk\9.0.304\Extensions\Microsoft.TestPlatform.TestHostRuntimeProvider.dll
C:\Program Files\dotnet\sdk\9.0.304\Extensions\Microsoft.VisualStudio.TestPlatform.Extensions.Html.TestLogger.dll
C:\Program Files\dotnet\sdk\9.0.304\Extensions\Microsoft.VisualStudio.TestPlatform.Extensions.Trx.TestLogger.dll
C:\Users\Dante Salvador\OneDrive\Documents\Task\order-submission-system\tests\OrderSubmissionSystem.Application.Tests\bin\Debug\net472\Microsoft.VisualStudio.TestPlatform.MSTest.TestAdapter.dll
TpTrace Information: 0 : 37132, 3, 2025/11/02, 20:03:33.076, 713381286359, testhost.net472.exe, AssemblyResolver.AddSearchDirectories: Adding more searchDirectories C:\Program Files\dotnet\sdk\9.0.304\Extensions,C:\Program Files\dotnet\sdk\9.0.304\TestHostNetFramework
TpTrace Information: 0 : 37132, 3, 2025/11/02, 20:03:33.076, 713381286656, testhost.net472.exe, AssemblyResolver.AddSearchDirectories: Adding more searchDirectories C:\Program Files\dotnet\sdk\9.0.304\Extensions,C:\Program Files\dotnet\sdk\9.0.304\TestHostNetFramework
TpTrace Information: 0 : 37132, 3, 2025/11/02, 20:03:33.076, 713381286967, testhost.net472.exe, AssemblyResolver.AddSearchDirectories: Adding more searchDirectories C:\Program Files\dotnet\sdk\9.0.304\Extensions,C:\Program Files\dotnet\sdk\9.0.304\TestHostNetFramework
TpTrace Information: 0 : 37132, 3, 2025/11/02, 20:03:33.076, 713381287194, testhost.net472.exe, AssemblyResolver.AddSearchDirectories: Adding more searchDirectories C:\Program Files\dotnet\sdk\9.0.304\Extensions,C:\Program Files\dotnet\sdk\9.0.304\TestHostNetFramework
TpTrace Information: 0 : 37132, 3, 2025/11/02, 20:03:33.076, 713381287449, testhost.net472.exe, AssemblyResolver.AddSearchDirectories: Adding more searchDirectories C:\Program Files\dotnet\sdk\9.0.304\Extensions,C:\Program Files\dotnet\sdk\9.0.304\TestHostNetFramework
TpTrace Information: 0 : 37132, 3, 2025/11/02, 20:03:33.076, 713381287701, testhost.net472.exe, AssemblyResolver.AddSearchDirectories: Adding more searchDirectories C:\Program Files\dotnet\sdk\9.0.304\Extensions,C:\Program Files\dotnet\sdk\9.0.304\TestHostNetFramework
TpTrace Information: 0 : 37132, 3, 2025/11/02, 20:03:33.076, 713381287974, testhost.net472.exe, AssemblyResolver.AddSearchDirectories: Adding more searchDirectories C:\Users\Dante Salvador\OneDrive\Documents\Task\order-submission-system\tests\OrderSubmissionSystem.Application.Tests\bin\Debug\net472,C:\Program Files\dotnet\sdk\9.0.304\TestHostNetFramework
TpTrace Verbose: 0 : 37132, 3, 2025/11/02, 20:03:33.076, 713381289093, testhost.net472.exe, MetadataReaderExtensionsHelper: Discovering extensions inside assembly 'Microsoft.Diagnostics.NETCore.Client, Version=0.2.12.17301, Culture=neutral, PublicKeyToken=31bf3856ad364e35' file path 'C:\Program Files\dotnet\sdk\9.0.304\Extensions\Microsoft.Diagnostics.NETCore.Client.dll'
TpTrace Warning: 0 : 37132, 3, 2025/11/02, 20:03:33.083, 713381358511, testhost.net472.exe, TestPluginDiscoverer: Failed to get types from assembly 'Microsoft.Diagnostics.NETCore.Client, Version=0.2.12.17301, Culture=neutral, PublicKeyToken=31bf3856ad364e35'. Error: System.Reflection.ReflectionTypeLoadException: Unable to load one or more of the requested types. Retrieve the LoaderExceptions property for more information.
   at System.Reflection.RuntimeModule.GetTypes(RuntimeModule module)
   at System.Reflection.RuntimeModule.GetTypes()
   at System.Reflection.Assembly.GetTypes()
   at Microsoft.VisualStudio.TestPlatform.Common.ExtensionFramework.TestPluginDiscoverer.GetTestExtensionsFromAssembly[TPluginInfo,TExtension](Assembly assembly, Dictionary`2 pluginInfos, String filePath) in /_/src/Microsoft.TestPlatform.Common/ExtensionFramework/TestPluginDiscoverer.cs:line 159
TpTrace Warning: 0 : 37132, 3, 2025/11/02, 20:03:33.084, 713381361242, testhost.net472.exe, LoaderExceptions: System.IO.FileNotFoundException: Could not load file or assembly 'Microsoft.Bcl.AsyncInterfaces, Version=6.0.0.0, Culture=neutral, PublicKeyToken=cc7b13ffcd2ddd51' or one of its dependencies. The system cannot find the file specified.
File name: 'Microsoft.Bcl.AsyncInterfaces, Version=6.0.0.0, Culture=neutral, PublicKeyToken=cc7b13ffcd2ddd51'
   at System.Reflection.RuntimeAssembly._nLoad(AssemblyName fileName, String codeBase, Evidence assemblySecurity, RuntimeAssembly locationHint, StackCrawlMark& stackMark, IntPtr pPrivHostBinder, Boolean throwOnFileNotFound, Boolean forIntrospection, Boolean suppressSecurityChecks)
   at System.Reflection.RuntimeAssembly.InternalLoadAssemblyName(AssemblyName assemblyRef, Evidence assemblySecurity, RuntimeAssembly reqAssembly, StackCrawlMark& stackMark, IntPtr pPrivHostBinder, Boolean throwOnFileNotFound, Boolean forIntrospection, Boolean suppressSecurityChecks)
   at System.Reflection.Assembly.Load(AssemblyName assemblyRef)
   at Microsoft.VisualStudio.TestPlatform.Common.ExtensionFramework.TestPluginCache.CurrentDomainAssemblyResolve(Object sender, AssemblyResolveEventArgs args) in /_/src/Microsoft.TestPlatform.Common/ExtensionFramework/TestPluginCache.cs:line 514
   at System.AppDomain.OnAssemblyResolveEvent(RuntimeAssembly assembly, String assemblyFullName)

WRN: Assembly binding logging is turned OFF.
To enable assembly bind failure logging, set the registry value [HKLM\Software\Microsoft\Fusion!EnableLog] (DWORD) to 1.
Note: There is some performance penalty associated with assembly bind failure logging.
To turn this feature off, remove the registry value [HKLM\Software\Microsoft\Fusion!EnableLog].

TpTrace Warning: 0 : 37132, 3, 2025/11/02, 20:03:33.084, 713381362428, testhost.net472.exe, LoaderExceptions: System.IO.FileNotFoundException: Could not load file or assembly 'Microsoft.Bcl.AsyncInterfaces, Version=6.0.0.0, Culture=neutral, PublicKeyToken=cc7b13ffcd2ddd51' or one of its dependencies. The system cannot find the file specified.
File name: 'Microsoft.Bcl.AsyncInterfaces, Version=6.0.0.0, Culture=neutral, PublicKeyToken=cc7b13ffcd2ddd51'
   at System.Reflection.RuntimeAssembly._nLoad(AssemblyName fileName, String codeBase, Evidence assemblySecurity, RuntimeAssembly locationHint, StackCrawlMark& stackMark, IntPtr pPrivHostBinder, Boolean throwOnFileNotFound, Boolean forIntrospection, Boolean suppressSecurityChecks)
   at System.Reflection.RuntimeAssembly.InternalLoadAssemblyName(AssemblyName assemblyRef, Evidence assemblySecurity, RuntimeAssembly reqAssembly, StackCrawlMark& stackMark, IntPtr pPrivHostBinder, Boolean throwOnFileNotFound, Boolean forIntrospection, Boolean suppressSecurityChecks)
   at System.Reflection.Assembly.Load(AssemblyName assemblyRef)
   at Microsoft.VisualStudio.TestPlatform.Common.ExtensionFramework.TestPluginCache.CurrentDomainAssemblyResolve(Object sender, AssemblyResolveEventArgs args) in /_/src/Microsoft.TestPlatform.Common/ExtensionFramework/TestPluginCache.cs:line 514
   at System.AppDomain.OnAssemblyResolveEvent(RuntimeAssembly assembly, String assemblyFullName)

WRN: Assembly binding logging is turned OFF.
To enable assembly bind failure logging, set the registry value [HKLM\Software\Microsoft\Fusion!EnableLog] (DWORD) to 1.
Note: There is some performance penalty associated with assembly bind failure logging.
To turn this feature off, remove the registry value [HKLM\Software\Microsoft\Fusion!EnableLog].

TpTrace Warning: 0 : 37132, 3, 2025/11/02, 20:03:33.084, 713381363893, testhost.net472.exe, LoaderExceptions: System.IO.FileLoadException: Could not load file or assembly 'file:///C:\Users\Dante Salvador\OneDrive\Documents\Task\order-submission-system\tests\OrderSubmissionSystem.Application.Tests\bin\Debug\net472\System.Threading.Tasks.Extensions.dll' or one of its dependencies. Operation is not supported. (Exception from HRESULT: 0x80131515)
File name: 'file:///C:\Users\Dante Salvador\OneDrive\Documents\Task\order-submission-system\tests\OrderSubmissionSystem.Application.Tests\bin\Debug\net472\System.Threading.Tasks.Extensions.dll' ---> System.NotSupportedException: An attempt was made to load an assembly from a network location which would have caused the assembly to be sandboxed in previous versions of the .NET Framework. This release of the .NET Framework does not enable CAS policy by default, so this load may be dangerous. If this load is not intended to sandbox the assembly, please enable the loadFromRemoteSources switch. See http://go.microsoft.com/fwlink/?LinkId=155569 for more information.
   at System.Reflection.RuntimeAssembly._nLoad(AssemblyName fileName, String codeBase, Evidence assemblySecurity, RuntimeAssembly locationHint, StackCrawlMark& stackMark, IntPtr pPrivHostBinder, Boolean throwOnFileNotFound, Boolean forIntrospection, Boolean suppressSecurityChecks)
   at System.Reflection.RuntimeAssembly.InternalLoadAssemblyName(AssemblyName assemblyRef, Evidence assemblySecurity, RuntimeAssembly reqAssembly, StackCrawlMark& stackMark, IntPtr pPrivHostBinder, Boolean throwOnFileNotFound, Boolean forIntrospection, Boolean suppressSecurityChecks)
   at System.Reflection.RuntimeAssembly.InternalLoadFrom(String assemblyFile, Evidence securityEvidence, Byte[] hashValue, AssemblyHashAlgorithm hashAlgorithm, Boolean forIntrospection, Boolean suppressSecurityChecks, StackCrawlMark& stackMark)
   at System.Reflection.Assembly.LoadFrom(String assemblyFile)
   at Microsoft.VisualStudio.TestPlatform.PlatformAbstractions.PlatformAssemblyLoadContext.LoadAssemblyFromPath(String assemblyPath) in /_/src/Microsoft.TestPlatform.PlatformAbstractions/net462/Runtime/PlatformAssemblyLoadContext.cs:line 23
   at Microsoft.VisualStudio.TestPlatform.Common.Utilities.AssemblyResolver.OnResolve(Object sender, AssemblyResolveEventArgs args) in /_/src/Microsoft.TestPlatform.Common/Utilities/AssemblyResolver.cs:line 202
   at System.AppDomain.OnAssemblyResolveEvent(RuntimeAssembly assembly, String assemblyFullName)


TpTrace Warning: 0 : 37132, 3, 2025/11/02, 20:03:33.085, 713381365121, testhost.net472.exe, LoaderExceptions: System.IO.FileLoadException: Could not load file or assembly 'file:///C:\Users\Dante Salvador\OneDrive\Documents\Task\order-submission-system\tests\OrderSubmissionSystem.Application.Tests\bin\Debug\net472\System.Threading.Tasks.Extensions.dll' or one of its dependencies. Operation is not supported. (Exception from HRESULT: 0x80131515)
File name: 'file:///C:\Users\Dante Salvador\OneDrive\Documents\Task\order-submission-system\tests\OrderSubmissionSystem.Application.Tests\bin\Debug\net472\System.Threading.Tasks.Extensions.dll' ---> System.NotSupportedException: An attempt was made to load an assembly from a network location which would have caused the assembly to be sandboxed in previous versions of the .NET Framework. This release of the .NET Framework does not enable CAS policy by default, so this load may be dangerous. If this load is not intended to sandbox the assembly, please enable the loadFromRemoteSources switch. See http://go.microsoft.com/fwlink/?LinkId=155569 for more information.
   at System.Reflection.RuntimeAssembly._nLoad(AssemblyName fileName, String codeBase, Evidence assemblySecurity, RuntimeAssembly locationHint, StackCrawlMark& stackMark, IntPtr pPrivHostBinder, Boolean throwOnFileNotFound, Boolean forIntrospection, Boolean suppressSecurityChecks)
   at System.Reflection.RuntimeAssembly.InternalLoadAssemblyName(AssemblyName assemblyRef, Evidence assemblySecurity, RuntimeAssembly reqAssembly, StackCrawlMark& stackMark, IntPtr pPrivHostBinder, Boolean throwOnFileNotFound, Boolean forIntrospection, Boolean suppressSecurityChecks)
   at System.Reflection.RuntimeAssembly.InternalLoadFrom(String assemblyFile, Evidence securityEvidence, Byte[] hashValue, AssemblyHashAlgorithm hashAlgorithm, Boolean forIntrospection, Boolean suppressSecurityChecks, StackCrawlMark& stackMark)
   at System.Reflection.Assembly.LoadFrom(String assemblyFile)
   at Microsoft.VisualStudio.TestPlatform.PlatformAbstractions.PlatformAssemblyLoadContext.LoadAssemblyFromPath(String assemblyPath) in /_/src/Microsoft.TestPlatform.PlatformAbstractions/net462/Runtime/PlatformAssemblyLoadContext.cs:line 23
   at Microsoft.VisualStudio.TestPlatform.Common.Utilities.AssemblyResolver.OnResolve(Object sender, AssemblyResolveEventArgs args) in /_/src/Microsoft.TestPlatform.Common/Utilities/AssemblyResolver.cs:line 202
   at System.AppDomain.OnAssemblyResolveEvent(RuntimeAssembly assembly, String assemblyFullName)


TpTrace Warning: 0 : 37132, 3, 2025/11/02, 20:03:33.085, 713381366815, testhost.net472.exe, LoaderExceptions: System.IO.FileLoadException: Could not load file or assembly 'file:///C:\Users\Dante Salvador\OneDrive\Documents\Task\order-submission-system\tests\OrderSubmissionSystem.Application.Tests\bin\Debug\net472\System.Threading.Tasks.Extensions.dll' or one of its dependencies. Operation is not supported. (Exception from HRESULT: 0x80131515)
File name: 'file:///C:\Users\Dante Salvador\OneDrive\Documents\Task\order-submission-system\tests\OrderSubmissionSystem.Application.Tests\bin\Debug\net472\System.Threading.Tasks.Extensions.dll' ---> System.NotSupportedException: An attempt was made to load an assembly from a network location which would have caused the assembly to be sandboxed in previous versions of the .NET Framework. This release of the .NET Framework does not enable CAS policy by default, so this load may be dangerous. If this load is not intended to sandbox the assembly, please enable the loadFromRemoteSources switch. See http://go.microsoft.com/fwlink/?LinkId=155569 for more information.
   at System.Reflection.RuntimeAssembly._nLoad(AssemblyName fileName, String codeBase, Evidence assemblySecurity, RuntimeAssembly locationHint, StackCrawlMark& stackMark, IntPtr pPrivHostBinder, Boolean throwOnFileNotFound, Boolean forIntrospection, Boolean suppressSecurityChecks)
   at System.Reflection.RuntimeAssembly.InternalLoadAssemblyName(AssemblyName assemblyRef, Evidence assemblySecurity, RuntimeAssembly reqAssembly, StackCrawlMark& stackMark, IntPtr pPrivHostBinder, Boolean throwOnFileNotFound, Boolean forIntrospection, Boolean suppressSecurityChecks)
   at System.Reflection.RuntimeAssembly.InternalLoadFrom(String assemblyFile, Evidence securityEvidence, Byte[] hashValue, AssemblyHashAlgorithm hashAlgorithm, Boolean forIntrospection, Boolean suppressSecurityChecks, StackCrawlMark& stackMark)
   at System.Reflection.Assembly.LoadFrom(String assemblyFile)
   at Microsoft.VisualStudio.TestPlatform.PlatformAbstractions.PlatformAssemblyLoadContext.LoadAssemblyFromPath(String assemblyPath) in /_/src/Microsoft.TestPlatform.PlatformAbstractions/net462/Runtime/PlatformAssemblyLoadContext.cs:line 23
   at Microsoft.VisualStudio.TestPlatform.Common.Utilities.AssemblyResolver.OnResolve(Object sender, AssemblyResolveEventArgs args) in /_/src/Microsoft.TestPlatform.Common/Utilities/AssemblyResolver.cs:line 202
   at System.AppDomain.OnAssemblyResolveEvent(RuntimeAssembly assembly, String assemblyFullName)


TpTrace Warning: 0 : 37132, 3, 2025/11/02, 20:03:33.085, 713381368131, testhost.net472.exe, LoaderExceptions: System.IO.FileLoadException: Could not load file or assembly 'file:///C:\Users\Dante Salvador\OneDrive\Documents\Task\order-submission-system\tests\OrderSubmissionSystem.Application.Tests\bin\Debug\net472\System.Threading.Tasks.Extensions.dll' or one of its dependencies. Operation is not supported. (Exception from HRESULT: 0x80131515)
File name: 'file:///C:\Users\Dante Salvador\OneDrive\Documents\Task\order-submission-system\tests\OrderSubmissionSystem.Application.Tests\bin\Debug\net472\System.Threading.Tasks.Extensions.dll' ---> System.NotSupportedException: An attempt was made to load an assembly from a network location which would have caused the assembly to be sandboxed in previous versions of the .NET Framework. This release of the .NET Framework does not enable CAS policy by default, so this load may be dangerous. If this load is not intended to sandbox the assembly, please enable the loadFromRemoteSources switch. See http://go.microsoft.com/fwlink/?LinkId=155569 for more information.
   at System.Reflection.RuntimeAssembly._nLoad(AssemblyName fileName, String codeBase, Evidence assemblySecurity, RuntimeAssembly locationHint, StackCrawlMark& stackMark, IntPtr pPrivHostBinder, Boolean throwOnFileNotFound, Boolean forIntrospection, Boolean suppressSecurityChecks)
   at System.Reflection.RuntimeAssembly.InternalLoadAssemblyName(AssemblyName assemblyRef, Evidence assemblySecurity, RuntimeAssembly reqAssembly, StackCrawlMark& stackMark, IntPtr pPrivHostBinder, Boolean throwOnFileNotFound, Boolean forIntrospection, Boolean suppressSecurityChecks)
   at System.Reflection.RuntimeAssembly.InternalLoadFrom(String assemblyFile, Evidence securityEvidence, Byte[] hashValue, AssemblyHashAlgorithm hashAlgorithm, Boolean forIntrospection, Boolean suppressSecurityChecks, StackCrawlMark& stackMark)
   at System.Reflection.Assembly.LoadFrom(String assemblyFile)
   at Microsoft.VisualStudio.TestPlatform.PlatformAbstractions.PlatformAssemblyLoadContext.LoadAssemblyFromPath(String assemblyPath) in /_/src/Microsoft.TestPlatform.PlatformAbstractions/net462/Runtime/PlatformAssemblyLoadContext.cs:line 23
   at Microsoft.VisualStudio.TestPlatform.Common.Utilities.AssemblyResolver.OnResolve(Object sender, AssemblyResolveEventArgs args) in /_/src/Microsoft.TestPlatform.Common/Utilities/AssemblyResolver.cs:line 202
   at System.AppDomain.OnAssemblyResolveEvent(RuntimeAssembly assembly, String assemblyFullName)


TpTrace Warning: 0 : 37132, 3, 2025/11/02, 20:03:33.085, 713381369291, testhost.net472.exe, LoaderExceptions: System.IO.FileLoadException: Could not load file or assembly 'file:///C:\Users\Dante Salvador\OneDrive\Documents\Task\order-submission-system\tests\OrderSubmissionSystem.Application.Tests\bin\Debug\net472\System.Threading.Tasks.Extensions.dll' or one of its dependencies. Operation is not supported. (Exception from HRESULT: 0x80131515)
File name: 'file:///C:\Users\Dante Salvador\OneDrive\Documents\Task\order-submission-system\tests\OrderSubmissionSystem.Application.Tests\bin\Debug\net472\System.Threading.Tasks.Extensions.dll' ---> System.NotSupportedException: An attempt was made to load an assembly from a network location which would have caused the assembly to be sandboxed in previous versions of the .NET Framework. This release of the .NET Framework does not enable CAS policy by default, so this load may be dangerous. If this load is not intended to sandbox the assembly, please enable the loadFromRemoteSources switch. See http://go.microsoft.com/fwlink/?LinkId=155569 for more information.
   at System.Reflection.RuntimeAssembly._nLoad(AssemblyName fileName, String codeBase, Evidence assemblySecurity, RuntimeAssembly locationHint, StackCrawlMark& stackMark, IntPtr pPrivHostBinder, Boolean throwOnFileNotFound, Boolean forIntrospection, Boolean suppressSecurityChecks)
   at System.Reflection.RuntimeAssembly.InternalLoadAssemblyName(AssemblyName assemblyRef, Evidence assemblySecurity, RuntimeAssembly reqAssembly, StackCrawlMark& stackMark, IntPtr pPrivHostBinder, Boolean throwOnFileNotFound, Boolean forIntrospection, Boolean suppressSecurityChecks)
   at System.Reflection.RuntimeAssembly.InternalLoadFrom(String assemblyFile, Evidence securityEvidence, Byte[] hashValue, AssemblyHashAlgorithm hashAlgorithm, Boolean forIntrospection, Boolean suppressSecurityChecks, StackCrawlMark& stackMark)
   at System.Reflection.Assembly.LoadFrom(String assemblyFile)
   at Microsoft.VisualStudio.TestPlatform.PlatformAbstractions.PlatformAssemblyLoadContext.LoadAssemblyFromPath(String assemblyPath) in /_/src/Microsoft.TestPlatform.PlatformAbstractions/net462/Runtime/PlatformAssemblyLoadContext.cs:line 23
   at Microsoft.VisualStudio.TestPlatform.Common.Utilities.AssemblyResolver.OnResolve(Object sender, AssemblyResolveEventArgs args) in /_/src/Microsoft.TestPlatform.Common/Utilities/AssemblyResolver.cs:line 202
   at System.AppDomain.OnAssemblyResolveEvent(RuntimeAssembly assembly, String assemblyFullName)


TpTrace Verbose: 0 : 37132, 3, 2025/11/02, 20:03:33.085, 713381371059, testhost.net472.exe, MetadataReaderExtensionsHelper: Discovering extensions inside assembly 'Microsoft.TestPlatform.Extensions.BlameDataCollector, Version=15.0.0.0, Culture=neutral, PublicKeyToken=b03f5f7f11d50a3a' file path 'C:\Program Files\dotnet\sdk\9.0.304\Extensions\Microsoft.TestPlatform.Extensions.BlameDataCollector.dll'
TpTrace Verbose: 0 : 37132, 3, 2025/11/02, 20:03:33.086, 713381380306, testhost.net472.exe, MetadataReaderExtensionsHelper: Discovering extensions inside assembly 'Microsoft.TestPlatform.Extensions.EventLogCollector, Version=15.0.0.0, Culture=neutral, PublicKeyToken=b03f5f7f11d50a3a' file path 'C:\Program Files\dotnet\sdk\9.0.304\Extensions\Microsoft.TestPlatform.Extensions.EventLogCollector.dll'
TpTrace Verbose: 0 : 37132, 3, 2025/11/02, 20:03:33.087, 713381391867, testhost.net472.exe, MetadataReaderExtensionsHelper: Discovering extensions inside assembly 'Microsoft.TestPlatform.TestHostRuntimeProvider, Version=15.0.0.0, Culture=neutral, PublicKeyToken=b03f5f7f11d50a3a' file path 'C:\Program Files\dotnet\sdk\9.0.304\Extensions\Microsoft.TestPlatform.TestHostRuntimeProvider.dll'
TpTrace Verbose: 0 : 37132, 3, 2025/11/02, 20:03:33.088, 713381399728, testhost.net472.exe, MetadataReaderExtensionsHelper: Discovering extensions inside assembly 'Microsoft.VisualStudio.TestPlatform.Extensions.Html.TestLogger, Version=15.0.0.0, Culture=neutral, PublicKeyToken=b03f5f7f11d50a3a' file path 'C:\Program Files\dotnet\sdk\9.0.304\Extensions\Microsoft.VisualStudio.TestPlatform.Extensions.Html.TestLogger.dll'
TpTrace Verbose: 0 : 37132, 3, 2025/11/02, 20:03:33.089, 713381412590, testhost.net472.exe, MetadataReaderExtensionsHelper: Discovering extensions inside assembly 'Microsoft.VisualStudio.TestPlatform.Extensions.Trx.TestLogger, Version=15.0.0.0, Culture=neutral, PublicKeyToken=b03f5f7f11d50a3a' file path 'C:\Program Files\dotnet\sdk\9.0.304\Extensions\Microsoft.VisualStudio.TestPlatform.Extensions.Trx.TestLogger.dll'
TpTrace Verbose: 0 : 37132, 3, 2025/11/02, 20:03:33.090, 713381423766, testhost.net472.exe, TestPluginCache: Discovered the extensions using extension path ''.
TpTrace Verbose: 0 : 37132, 3, 2025/11/02, 20:03:33.090, 713381424664, testhost.net472.exe, TestPluginCache: Discoverers are ''.
TpTrace Verbose: 0 : 37132, 3, 2025/11/02, 20:03:33.090, 713381424945, testhost.net472.exe, TestPluginCache: Executors are ''.
TpTrace Verbose: 0 : 37132, 3, 2025/11/02, 20:03:33.090, 713381425168, testhost.net472.exe, TestPluginCache: Executors2 are ''.
TpTrace Verbose: 0 : 37132, 3, 2025/11/02, 20:03:33.090, 713381426758, testhost.net472.exe, TestPluginCache: Setting providers are ''.
TpTrace Verbose: 0 : 37132, 3, 2025/11/02, 20:03:33.091, 713381437509, testhost.net472.exe, TestPluginCache: Loggers are ''.
TpTrace Verbose: 0 : 37132, 3, 2025/11/02, 20:03:33.091, 713381437995, testhost.net472.exe, TestPluginCache: TestHosts are ''.
TpTrace Verbose: 0 : 37132, 3, 2025/11/02, 20:03:33.091, 713381438185, testhost.net472.exe, TestPluginCache: DataCollectors are ''.
TpTrace Verbose: 0 : 37132, 3, 2025/11/02, 20:03:33.093, 713381450062, testhost.net472.exe, TestExecutorService: Loaded the settings providers
TpTrace Information: 0 : 37132, 3, 2025/11/02, 20:03:33.093, 713381451012, testhost.net472.exe, TestExecutorService: Loaded the extensions
TpTrace Information: 0 : 37132, 3, 2025/11/02, 20:03:33.093, 713381457643, testhost.net472.exe, TestRequestHandler.OnMessageReceived: Running job 'TestExecution.StartWithSources'.
TpTrace Information: 0 : 37132, 3, 2025/11/02, 20:03:33.217, 713382690475, testhost.net472.exe, TestDiscoveryManager: Discovering tests from sources C:\Users\Dante Salvador\OneDrive\Documents\Task\order-submission-system\tests\OrderSubmissionSystem.Application.Tests\bin\Debug\net472\OrderSubmissionSystem.Application.Tests.dll
TpTrace Verbose: 0 : 37132, 3, 2025/11/02, 20:03:33.222, 713382747108, testhost.net472.exe, TestPluginCache.DiscoverTestExtensions: finding test extensions in assemblies ends with: TestAdapter.dll TPluginInfo: Microsoft.VisualStudio.TestPlatform.Common.ExtensionFramework.Utilities.TestDiscovererPluginInformation TExtension: Microsoft.VisualStudio.TestPlatform.ObjectModel.Adapter.ITestDiscoverer
TpTrace Verbose: 0 : 37132, 3, 2025/11/02, 20:03:33.222, 713382748651, testhost.net472.exe, TestPluginCache.GetExtensionPaths: Filtered extension paths: 
TpTrace Verbose: 0 : 37132, 3, 2025/11/02, 20:03:33.222, 713382749034, testhost.net472.exe, TestPluginCache.GetExtensionPaths: Added default extension paths: C:\Program Files\dotnet\sdk\9.0.304\Extensions\Microsoft.Diagnostics.NETCore.Client.dll
C:\Program Files\dotnet\sdk\9.0.304\Extensions\Microsoft.TestPlatform.Extensions.BlameDataCollector.dll
C:\Program Files\dotnet\sdk\9.0.304\Extensions\Microsoft.TestPlatform.Extensions.EventLogCollector.dll
C:\Program Files\dotnet\sdk\9.0.304\Extensions\Microsoft.TestPlatform.TestHostRuntimeProvider.dll
C:\Program Files\dotnet\sdk\9.0.304\Extensions\Microsoft.VisualStudio.TestPlatform.Extensions.Html.TestLogger.dll
C:\Program Files\dotnet\sdk\9.0.304\Extensions\Microsoft.VisualStudio.TestPlatform.Extensions.Trx.TestLogger.dll
C:\Users\Dante Salvador\OneDrive\Documents\Task\order-submission-system\tests\OrderSubmissionSystem.Application.Tests\bin\Debug\net472\Microsoft.VisualStudio.TestPlatform.MSTest.TestAdapter.dll
TpTrace Verbose: 0 : 37132, 3, 2025/11/02, 20:03:33.222, 713382749348, testhost.net472.exe, TestPluginCache.GetExtensionPaths: Added unfilterableExtensionPaths: 
TpTrace Information: 0 : 37132, 3, 2025/11/02, 20:03:33.223, 713382750708, testhost.net472.exe, AssemblyResolver.AddSearchDirectories: Adding more searchDirectories C:\Program Files\dotnet\sdk\9.0.304\Extensions,C:\Users\Dante Salvador\OneDrive\Documents\Task\order-submission-system\tests\OrderSubmissionSystem.Application.Tests\bin\Debug\net472,C:\Program Files\dotnet\sdk\9.0.304\TestHostNetFramework
TpTrace Verbose: 0 : 37132, 3, 2025/11/02, 20:03:33.223, 713382751181, testhost.net472.exe, TestPluginCache.DiscoverTestExtensions: Discovering the extensions using extension path.
TpTrace Verbose: 0 : 37132, 3, 2025/11/02, 20:03:33.223, 713382751475, testhost.net472.exe, TestPluginCache.GetExtensionPaths: Filtered extension paths: 
TpTrace Verbose: 0 : 37132, 3, 2025/11/02, 20:03:33.223, 713382751719, testhost.net472.exe, TestPluginCache.GetExtensionPaths: Added default extension paths: C:\Program Files\dotnet\sdk\9.0.304\Extensions\Microsoft.Diagnostics.NETCore.Client.dll
C:\Program Files\dotnet\sdk\9.0.304\Extensions\Microsoft.TestPlatform.Extensions.BlameDataCollector.dll
C:\Program Files\dotnet\sdk\9.0.304\Extensions\Microsoft.TestPlatform.Extensions.EventLogCollector.dll
C:\Program Files\dotnet\sdk\9.0.304\Extensions\Microsoft.TestPlatform.TestHostRuntimeProvider.dll
C:\Program Files\dotnet\sdk\9.0.304\Extensions\Microsoft.VisualStudio.TestPlatform.Extensions.Html.TestLogger.dll
C:\Program Files\dotnet\sdk\9.0.304\Extensions\Microsoft.VisualStudio.TestPlatform.Extensions.Trx.TestLogger.dll
C:\Users\Dante Salvador\OneDrive\Documents\Task\order-submission-system\tests\OrderSubmissionSystem.Application.Tests\bin\Debug\net472\Microsoft.VisualStudio.TestPlatform.MSTest.TestAdapter.dll
TpTrace Verbose: 0 : 37132, 3, 2025/11/02, 20:03:33.223, 713382751996, testhost.net472.exe, TestPluginCache.GetExtensionPaths: Added unfilterableExtensionPaths: 
TpTrace Verbose: 0 : 37132, 3, 2025/11/02, 20:03:33.223, 713382752269, testhost.net472.exe, TestPluginCache.DiscoverTestExtensions: Discovering the extensions using allExtensionPaths: C:\Program Files\dotnet\sdk\9.0.304\Extensions\Microsoft.Diagnostics.NETCore.Client.dll
C:\Program Files\dotnet\sdk\9.0.304\Extensions\Microsoft.TestPlatform.Extensions.BlameDataCollector.dll
C:\Program Files\dotnet\sdk\9.0.304\Extensions\Microsoft.TestPlatform.Extensions.EventLogCollector.dll
C:\Program Files\dotnet\sdk\9.0.304\Extensions\Microsoft.TestPlatform.TestHostRuntimeProvider.dll
C:\Program Files\dotnet\sdk\9.0.304\Extensions\Microsoft.VisualStudio.TestPlatform.Extensions.Html.TestLogger.dll
C:\Program Files\dotnet\sdk\9.0.304\Extensions\Microsoft.VisualStudio.TestPlatform.Extensions.Trx.TestLogger.dll
C:\Users\Dante Salvador\OneDrive\Documents\Task\order-submission-system\tests\OrderSubmissionSystem.Application.Tests\bin\Debug\net472\Microsoft.VisualStudio.TestPlatform.MSTest.TestAdapter.dll
TpTrace Information: 0 : 37132, 3, 2025/11/02, 20:03:33.223, 713382752901, testhost.net472.exe, AssemblyResolver.AddSearchDirectories: Adding more searchDirectories C:\Program Files\dotnet\sdk\9.0.304\Extensions,C:\Program Files\dotnet\sdk\9.0.304\TestHostNetFramework
TpTrace Information: 0 : 37132, 3, 2025/11/02, 20:03:33.223, 713382753266, testhost.net472.exe, AssemblyResolver.AddSearchDirectories: Adding more searchDirectories C:\Program Files\dotnet\sdk\9.0.304\Extensions,C:\Program Files\dotnet\sdk\9.0.304\TestHostNetFramework
TpTrace Information: 0 : 37132, 3, 2025/11/02, 20:03:33.223, 713382753558, testhost.net472.exe, AssemblyResolver.AddSearchDirectories: Adding more searchDirectories C:\Program Files\dotnet\sdk\9.0.304\Extensions,C:\Program Files\dotnet\sdk\9.0.304\TestHostNetFramework
TpTrace Information: 0 : 37132, 3, 2025/11/02, 20:03:33.223, 713382753841, testhost.net472.exe, AssemblyResolver.AddSearchDirectories: Adding more searchDirectories C:\Program Files\dotnet\sdk\9.0.304\Extensions,C:\Program Files\dotnet\sdk\9.0.304\TestHostNetFramework
TpTrace Information: 0 : 37132, 3, 2025/11/02, 20:03:33.223, 713382754105, testhost.net472.exe, AssemblyResolver.AddSearchDirectories: Adding more searchDirectories C:\Program Files\dotnet\sdk\9.0.304\Extensions,C:\Program Files\dotnet\sdk\9.0.304\TestHostNetFramework
TpTrace Information: 0 : 37132, 3, 2025/11/02, 20:03:33.223, 713382754384, testhost.net472.exe, AssemblyResolver.AddSearchDirectories: Adding more searchDirectories C:\Program Files\dotnet\sdk\9.0.304\Extensions,C:\Program Files\dotnet\sdk\9.0.304\TestHostNetFramework
TpTrace Information: 0 : 37132, 3, 2025/11/02, 20:03:33.223, 713382754674, testhost.net472.exe, AssemblyResolver.AddSearchDirectories: Adding more searchDirectories C:\Users\Dante Salvador\OneDrive\Documents\Task\order-submission-system\tests\OrderSubmissionSystem.Application.Tests\bin\Debug\net472,C:\Program Files\dotnet\sdk\9.0.304\TestHostNetFramework
TpTrace Verbose: 0 : 37132, 3, 2025/11/02, 20:03:33.223, 713382756004, testhost.net472.exe, MetadataReaderExtensionsHelper: Discovering extensions inside assembly 'Microsoft.Diagnostics.NETCore.Client, Version=0.2.12.17301, Culture=neutral, PublicKeyToken=31bf3856ad364e35' file path 'C:\Program Files\dotnet\sdk\9.0.304\Extensions\Microsoft.Diagnostics.NETCore.Client.dll'
TpTrace Warning: 0 : 37132, 3, 2025/11/02, 20:03:33.225, 713382772097, testhost.net472.exe, TestPluginDiscoverer: Failed to get types from assembly 'Microsoft.Diagnostics.NETCore.Client, Version=0.2.12.17301, Culture=neutral, PublicKeyToken=31bf3856ad364e35'. Error: System.Reflection.ReflectionTypeLoadException: Unable to load one or more of the requested types. Retrieve the LoaderExceptions property for more information.
   at System.Reflection.RuntimeModule.GetTypes(RuntimeModule module)
   at System.Reflection.RuntimeModule.GetTypes()
   at System.Reflection.Assembly.GetTypes()
   at Microsoft.VisualStudio.TestPlatform.Common.ExtensionFramework.TestPluginDiscoverer.GetTestExtensionsFromAssembly[TPluginInfo,TExtension](Assembly assembly, Dictionary`2 pluginInfos, String filePath) in /_/src/Microsoft.TestPlatform.Common/ExtensionFramework/TestPluginDiscoverer.cs:line 159
TpTrace Warning: 0 : 37132, 3, 2025/11/02, 20:03:33.226, 713382774618, testhost.net472.exe, LoaderExceptions: System.IO.FileNotFoundException: Could not load file or assembly 'Microsoft.Bcl.AsyncInterfaces, Version=6.0.0.0, Culture=neutral, PublicKeyToken=cc7b13ffcd2ddd51' or one of its dependencies. The system cannot find the file specified.
File name: 'Microsoft.Bcl.AsyncInterfaces, Version=6.0.0.0, Culture=neutral, PublicKeyToken=cc7b13ffcd2ddd51'
   at System.Reflection.RuntimeAssembly._nLoad(AssemblyName fileName, String codeBase, Evidence assemblySecurity, RuntimeAssembly locationHint, StackCrawlMark& stackMark, IntPtr pPrivHostBinder, Boolean throwOnFileNotFound, Boolean forIntrospection, Boolean suppressSecurityChecks)
   at System.Reflection.RuntimeAssembly.InternalLoadAssemblyName(AssemblyName assemblyRef, Evidence assemblySecurity, RuntimeAssembly reqAssembly, StackCrawlMark& stackMark, IntPtr pPrivHostBinder, Boolean throwOnFileNotFound, Boolean forIntrospection, Boolean suppressSecurityChecks)
   at System.Reflection.Assembly.Load(AssemblyName assemblyRef)
   at Microsoft.VisualStudio.TestPlatform.Common.ExtensionFramework.TestPluginCache.CurrentDomainAssemblyResolve(Object sender, AssemblyResolveEventArgs args) in /_/src/Microsoft.TestPlatform.Common/ExtensionFramework/TestPluginCache.cs:line 514
   at System.AppDomain.OnAssemblyResolveEvent(RuntimeAssembly assembly, String assemblyFullName)

WRN: Assembly binding logging is turned OFF.
To enable assembly bind failure logging, set the registry value [HKLM\Software\Microsoft\Fusion!EnableLog] (DWORD) to 1.
Note: There is some performance penalty associated with assembly bind failure logging.
To turn this feature off, remove the registry value [HKLM\Software\Microsoft\Fusion!EnableLog].

TpTrace Warning: 0 : 37132, 3, 2025/11/02, 20:03:33.226, 713382775438, testhost.net472.exe, LoaderExceptions: System.IO.FileNotFoundException: Could not load file or assembly 'Microsoft.Bcl.AsyncInterfaces, Version=6.0.0.0, Culture=neutral, PublicKeyToken=cc7b13ffcd2ddd51' or one of its dependencies. The system cannot find the file specified.
File name: 'Microsoft.Bcl.AsyncInterfaces, Version=6.0.0.0, Culture=neutral, PublicKeyToken=cc7b13ffcd2ddd51'
   at System.Reflection.RuntimeAssembly._nLoad(AssemblyName fileName, String codeBase, Evidence assemblySecurity, RuntimeAssembly locationHint, StackCrawlMark& stackMark, IntPtr pPrivHostBinder, Boolean throwOnFileNotFound, Boolean forIntrospection, Boolean suppressSecurityChecks)
   at System.Reflection.RuntimeAssembly.InternalLoadAssemblyName(AssemblyName assemblyRef, Evidence assemblySecurity, RuntimeAssembly reqAssembly, StackCrawlMark& stackMark, IntPtr pPrivHostBinder, Boolean throwOnFileNotFound, Boolean forIntrospection, Boolean suppressSecurityChecks)
   at System.Reflection.Assembly.Load(AssemblyName assemblyRef)
   at Microsoft.VisualStudio.TestPlatform.Common.ExtensionFramework.TestPluginCache.CurrentDomainAssemblyResolve(Object sender, AssemblyResolveEventArgs args) in /_/src/Microsoft.TestPlatform.Common/ExtensionFramework/TestPluginCache.cs:line 514
   at System.AppDomain.OnAssemblyResolveEvent(RuntimeAssembly assembly, String assemblyFullName)

WRN: Assembly binding logging is turned OFF.
To enable assembly bind failure logging, set the registry value [HKLM\Software\Microsoft\Fusion!EnableLog] (DWORD) to 1.
Note: There is some performance penalty associated with assembly bind failure logging.
To turn this feature off, remove the registry value [HKLM\Software\Microsoft\Fusion!EnableLog].

TpTrace Warning: 0 : 37132, 3, 2025/11/02, 20:03:33.226, 713382776613, testhost.net472.exe, LoaderExceptions: System.IO.FileLoadException: Could not load file or assembly 'file:///C:\Users\Dante Salvador\OneDrive\Documents\Task\order-submission-system\tests\OrderSubmissionSystem.Application.Tests\bin\Debug\net472\System.Threading.Tasks.Extensions.dll' or one of its dependencies. Operation is not supported. (Exception from HRESULT: 0x80131515)
File name: 'file:///C:\Users\Dante Salvador\OneDrive\Documents\Task\order-submission-system\tests\OrderSubmissionSystem.Application.Tests\bin\Debug\net472\System.Threading.Tasks.Extensions.dll' ---> System.NotSupportedException: An attempt was made to load an assembly from a network location which would have caused the assembly to be sandboxed in previous versions of the .NET Framework. This release of the .NET Framework does not enable CAS policy by default, so this load may be dangerous. If this load is not intended to sandbox the assembly, please enable the loadFromRemoteSources switch. See http://go.microsoft.com/fwlink/?LinkId=155569 for more information.
   at System.Reflection.RuntimeAssembly._nLoad(AssemblyName fileName, String codeBase, Evidence assemblySecurity, RuntimeAssembly locationHint, StackCrawlMark& stackMark, IntPtr pPrivHostBinder, Boolean throwOnFileNotFound, Boolean forIntrospection, Boolean suppressSecurityChecks)
   at System.Reflection.RuntimeAssembly.InternalLoadAssemblyName(AssemblyName assemblyRef, Evidence assemblySecurity, RuntimeAssembly reqAssembly, StackCrawlMark& stackMark, IntPtr pPrivHostBinder, Boolean throwOnFileNotFound, Boolean forIntrospection, Boolean suppressSecurityChecks)
   at System.Reflection.RuntimeAssembly.InternalLoadFrom(String assemblyFile, Evidence securityEvidence, Byte[] hashValue, AssemblyHashAlgorithm hashAlgorithm, Boolean forIntrospection, Boolean suppressSecurityChecks, StackCrawlMark& stackMark)
   at System.Reflection.Assembly.LoadFrom(String assemblyFile)
   at Microsoft.VisualStudio.TestPlatform.PlatformAbstractions.PlatformAssemblyLoadContext.LoadAssemblyFromPath(String assemblyPath) in /_/src/Microsoft.TestPlatform.PlatformAbstractions/net462/Runtime/PlatformAssemblyLoadContext.cs:line 23
   at Microsoft.VisualStudio.TestPlatform.Common.Utilities.AssemblyResolver.OnResolve(Object sender, AssemblyResolveEventArgs args) in /_/src/Microsoft.TestPlatform.Common/Utilities/AssemblyResolver.cs:line 202
   at System.AppDomain.OnAssemblyResolveEvent(RuntimeAssembly assembly, String assemblyFullName)


TpTrace Warning: 0 : 37132, 3, 2025/11/02, 20:03:33.226, 713382778068, testhost.net472.exe, LoaderExceptions: System.IO.FileLoadException: Could not load file or assembly 'file:///C:\Users\Dante Salvador\OneDrive\Documents\Task\order-submission-system\tests\OrderSubmissionSystem.Application.Tests\bin\Debug\net472\System.Threading.Tasks.Extensions.dll' or one of its dependencies. Operation is not supported. (Exception from HRESULT: 0x80131515)
File name: 'file:///C:\Users\Dante Salvador\OneDrive\Documents\Task\order-submission-system\tests\OrderSubmissionSystem.Application.Tests\bin\Debug\net472\System.Threading.Tasks.Extensions.dll' ---> System.NotSupportedException: An attempt was made to load an assembly from a network location which would have caused the assembly to be sandboxed in previous versions of the .NET Framework. This release of the .NET Framework does not enable CAS policy by default, so this load may be dangerous. If this load is not intended to sandbox the assembly, please enable the loadFromRemoteSources switch. See http://go.microsoft.com/fwlink/?LinkId=155569 for more information.
   at System.Reflection.RuntimeAssembly._nLoad(AssemblyName fileName, String codeBase, Evidence assemblySecurity, RuntimeAssembly locationHint, StackCrawlMark& stackMark, IntPtr pPrivHostBinder, Boolean throwOnFileNotFound, Boolean forIntrospection, Boolean suppressSecurityChecks)
   at System.Reflection.RuntimeAssembly.InternalLoadAssemblyName(AssemblyName assemblyRef, Evidence assemblySecurity, RuntimeAssembly reqAssembly, StackCrawlMark& stackMark, IntPtr pPrivHostBinder, Boolean throwOnFileNotFound, Boolean forIntrospection, Boolean suppressSecurityChecks)
   at System.Reflection.RuntimeAssembly.InternalLoadFrom(String assemblyFile, Evidence securityEvidence, Byte[] hashValue, AssemblyHashAlgorithm hashAlgorithm, Boolean forIntrospection, Boolean suppressSecurityChecks, StackCrawlMark& stackMark)
   at System.Reflection.Assembly.LoadFrom(String assemblyFile)
   at Microsoft.VisualStudio.TestPlatform.PlatformAbstractions.PlatformAssemblyLoadContext.LoadAssemblyFromPath(String assemblyPath) in /_/src/Microsoft.TestPlatform.PlatformAbstractions/net462/Runtime/PlatformAssemblyLoadContext.cs:line 23
   at Microsoft.VisualStudio.TestPlatform.Common.Utilities.AssemblyResolver.OnResolve(Object sender, AssemblyResolveEventArgs args) in /_/src/Microsoft.TestPlatform.Common/Utilities/AssemblyResolver.cs:line 202
   at System.AppDomain.OnAssemblyResolveEvent(RuntimeAssembly assembly, String assemblyFullName)


TpTrace Warning: 0 : 37132, 3, 2025/11/02, 20:03:33.226, 713382778917, testhost.net472.exe, LoaderExceptions: System.IO.FileLoadException: Could not load file or assembly 'file:///C:\Users\Dante Salvador\OneDrive\Documents\Task\order-submission-system\tests\OrderSubmissionSystem.Application.Tests\bin\Debug\net472\System.Threading.Tasks.Extensions.dll' or one of its dependencies. Operation is not supported. (Exception from HRESULT: 0x80131515)
File name: 'file:///C:\Users\Dante Salvador\OneDrive\Documents\Task\order-submission-system\tests\OrderSubmissionSystem.Application.Tests\bin\Debug\net472\System.Threading.Tasks.Extensions.dll' ---> System.NotSupportedException: An attempt was made to load an assembly from a network location which would have caused the assembly to be sandboxed in previous versions of the .NET Framework. This release of the .NET Framework does not enable CAS policy by default, so this load may be dangerous. If this load is not intended to sandbox the assembly, please enable the loadFromRemoteSources switch. See http://go.microsoft.com/fwlink/?LinkId=155569 for more information.
   at System.Reflection.RuntimeAssembly._nLoad(AssemblyName fileName, String codeBase, Evidence assemblySecurity, RuntimeAssembly locationHint, StackCrawlMark& stackMark, IntPtr pPrivHostBinder, Boolean throwOnFileNotFound, Boolean forIntrospection, Boolean suppressSecurityChecks)
   at System.Reflection.RuntimeAssembly.InternalLoadAssemblyName(AssemblyName assemblyRef, Evidence assemblySecurity, RuntimeAssembly reqAssembly, StackCrawlMark& stackMark, IntPtr pPrivHostBinder, Boolean throwOnFileNotFound, Boolean forIntrospection, Boolean suppressSecurityChecks)
   at System.Reflection.RuntimeAssembly.InternalLoadFrom(String assemblyFile, Evidence securityEvidence, Byte[] hashValue, AssemblyHashAlgorithm hashAlgorithm, Boolean forIntrospection, Boolean suppressSecurityChecks, StackCrawlMark& stackMark)
   at System.Reflection.Assembly.LoadFrom(String assemblyFile)
   at Microsoft.VisualStudio.TestPlatform.PlatformAbstractions.PlatformAssemblyLoadContext.LoadAssemblyFromPath(String assemblyPath) in /_/src/Microsoft.TestPlatform.PlatformAbstractions/net462/Runtime/PlatformAssemblyLoadContext.cs:line 23
   at Microsoft.VisualStudio.TestPlatform.Common.Utilities.AssemblyResolver.OnResolve(Object sender, AssemblyResolveEventArgs args) in /_/src/Microsoft.TestPlatform.Common/Utilities/AssemblyResolver.cs:line 202
   at System.AppDomain.OnAssemblyResolveEvent(RuntimeAssembly assembly, String assemblyFullName)


TpTrace Warning: 0 : 37132, 3, 2025/11/02, 20:03:33.226, 713382779667, testhost.net472.exe, LoaderExceptions: System.IO.FileLoadException: Could not load file or assembly 'file:///C:\Users\Dante Salvador\OneDrive\Documents\Task\order-submission-system\tests\OrderSubmissionSystem.Application.Tests\bin\Debug\net472\System.Threading.Tasks.Extensions.dll' or one of its dependencies. Operation is not supported. (Exception from HRESULT: 0x80131515)
File name: 'file:///C:\Users\Dante Salvador\OneDrive\Documents\Task\order-submission-system\tests\OrderSubmissionSystem.Application.Tests\bin\Debug\net472\System.Threading.Tasks.Extensions.dll' ---> System.NotSupportedException: An attempt was made to load an assembly from a network location which would have caused the assembly to be sandboxed in previous versions of the .NET Framework. This release of the .NET Framework does not enable CAS policy by default, so this load may be dangerous. If this load is not intended to sandbox the assembly, please enable the loadFromRemoteSources switch. See http://go.microsoft.com/fwlink/?LinkId=155569 for more information.
   at System.Reflection.RuntimeAssembly._nLoad(AssemblyName fileName, String codeBase, Evidence assemblySecurity, RuntimeAssembly locationHint, StackCrawlMark& stackMark, IntPtr pPrivHostBinder, Boolean throwOnFileNotFound, Boolean forIntrospection, Boolean suppressSecurityChecks)
   at System.Reflection.RuntimeAssembly.InternalLoadAssemblyName(AssemblyName assemblyRef, Evidence assemblySecurity, RuntimeAssembly reqAssembly, StackCrawlMark& stackMark, IntPtr pPrivHostBinder, Boolean throwOnFileNotFound, Boolean forIntrospection, Boolean suppressSecurityChecks)
   at System.Reflection.RuntimeAssembly.InternalLoadFrom(String assemblyFile, Evidence securityEvidence, Byte[] hashValue, AssemblyHashAlgorithm hashAlgorithm, Boolean forIntrospection, Boolean suppressSecurityChecks, StackCrawlMark& stackMark)
   at System.Reflection.Assembly.LoadFrom(String assemblyFile)
   at Microsoft.VisualStudio.TestPlatform.PlatformAbstractions.PlatformAssemblyLoadContext.LoadAssemblyFromPath(String assemblyPath) in /_/src/Microsoft.TestPlatform.PlatformAbstractions/net462/Runtime/PlatformAssemblyLoadContext.cs:line 23
   at Microsoft.VisualStudio.TestPlatform.Common.Utilities.AssemblyResolver.OnResolve(Object sender, AssemblyResolveEventArgs args) in /_/src/Microsoft.TestPlatform.Common/Utilities/AssemblyResolver.cs:line 202
   at System.AppDomain.OnAssemblyResolveEvent(RuntimeAssembly assembly, String assemblyFullName)


TpTrace Warning: 0 : 37132, 3, 2025/11/02, 20:03:33.226, 713382780405, testhost.net472.exe, LoaderExceptions: System.IO.FileLoadException: Could not load file or assembly 'file:///C:\Users\Dante Salvador\OneDrive\Documents\Task\order-submission-system\tests\OrderSubmissionSystem.Application.Tests\bin\Debug\net472\System.Threading.Tasks.Extensions.dll' or one of its dependencies. Operation is not supported. (Exception from HRESULT: 0x80131515)
File name: 'file:///C:\Users\Dante Salvador\OneDrive\Documents\Task\order-submission-system\tests\OrderSubmissionSystem.Application.Tests\bin\Debug\net472\System.Threading.Tasks.Extensions.dll' ---> System.NotSupportedException: An attempt was made to load an assembly from a network location which would have caused the assembly to be sandboxed in previous versions of the .NET Framework. This release of the .NET Framework does not enable CAS policy by default, so this load may be dangerous. If this load is not intended to sandbox the assembly, please enable the loadFromRemoteSources switch. See http://go.microsoft.com/fwlink/?LinkId=155569 for more information.
   at System.Reflection.RuntimeAssembly._nLoad(AssemblyName fileName, String codeBase, Evidence assemblySecurity, RuntimeAssembly locationHint, StackCrawlMark& stackMark, IntPtr pPrivHostBinder, Boolean throwOnFileNotFound, Boolean forIntrospection, Boolean suppressSecurityChecks)
   at System.Reflection.RuntimeAssembly.InternalLoadAssemblyName(AssemblyName assemblyRef, Evidence assemblySecurity, RuntimeAssembly reqAssembly, StackCrawlMark& stackMark, IntPtr pPrivHostBinder, Boolean throwOnFileNotFound, Boolean forIntrospection, Boolean suppressSecurityChecks)
   at System.Reflection.RuntimeAssembly.InternalLoadFrom(String assemblyFile, Evidence securityEvidence, Byte[] hashValue, AssemblyHashAlgorithm hashAlgorithm, Boolean forIntrospection, Boolean suppressSecurityChecks, StackCrawlMark& stackMark)
   at System.Reflection.Assembly.LoadFrom(String assemblyFile)
   at Microsoft.VisualStudio.TestPlatform.PlatformAbstractions.PlatformAssemblyLoadContext.LoadAssemblyFromPath(String assemblyPath) in /_/src/Microsoft.TestPlatform.PlatformAbstractions/net462/Runtime/PlatformAssemblyLoadContext.cs:line 23
   at Microsoft.VisualStudio.TestPlatform.Common.Utilities.AssemblyResolver.OnResolve(Object sender, AssemblyResolveEventArgs args) in /_/src/Microsoft.TestPlatform.Common/Utilities/AssemblyResolver.cs:line 202
   at System.AppDomain.OnAssemblyResolveEvent(RuntimeAssembly assembly, String assemblyFullName)


TpTrace Verbose: 0 : 37132, 3, 2025/11/02, 20:03:33.226, 713382781498, testhost.net472.exe, MetadataReaderExtensionsHelper: Discovering extensions inside assembly 'Microsoft.TestPlatform.Extensions.BlameDataCollector, Version=15.0.0.0, Culture=neutral, PublicKeyToken=b03f5f7f11d50a3a' file path 'C:\Program Files\dotnet\sdk\9.0.304\Extensions\Microsoft.TestPlatform.Extensions.BlameDataCollector.dll'
TpTrace Verbose: 0 : 37132, 3, 2025/11/02, 20:03:33.227, 713382788325, testhost.net472.exe, MetadataReaderExtensionsHelper: Discovering extensions inside assembly 'Microsoft.TestPlatform.Extensions.EventLogCollector, Version=15.0.0.0, Culture=neutral, PublicKeyToken=b03f5f7f11d50a3a' file path 'C:\Program Files\dotnet\sdk\9.0.304\Extensions\Microsoft.TestPlatform.Extensions.EventLogCollector.dll'
TpTrace Verbose: 0 : 37132, 3, 2025/11/02, 20:03:33.228, 713382795162, testhost.net472.exe, MetadataReaderExtensionsHelper: Discovering extensions inside assembly 'Microsoft.TestPlatform.TestHostRuntimeProvider, Version=15.0.0.0, Culture=neutral, PublicKeyToken=b03f5f7f11d50a3a' file path 'C:\Program Files\dotnet\sdk\9.0.304\Extensions\Microsoft.TestPlatform.TestHostRuntimeProvider.dll'
TpTrace Verbose: 0 : 37132, 3, 2025/11/02, 20:03:33.228, 713382801475, testhost.net472.exe, MetadataReaderExtensionsHelper: Discovering extensions inside assembly 'Microsoft.VisualStudio.TestPlatform.Extensions.Html.TestLogger, Version=15.0.0.0, Culture=neutral, PublicKeyToken=b03f5f7f11d50a3a' file path 'C:\Program Files\dotnet\sdk\9.0.304\Extensions\Microsoft.VisualStudio.TestPlatform.Extensions.Html.TestLogger.dll'
TpTrace Verbose: 0 : 37132, 3, 2025/11/02, 20:03:33.229, 713382807867, testhost.net472.exe, MetadataReaderExtensionsHelper: Discovering extensions inside assembly 'Microsoft.VisualStudio.TestPlatform.Extensions.Trx.TestLogger, Version=15.0.0.0, Culture=neutral, PublicKeyToken=b03f5f7f11d50a3a' file path 'C:\Program Files\dotnet\sdk\9.0.304\Extensions\Microsoft.VisualStudio.TestPlatform.Extensions.Trx.TestLogger.dll'
TpTrace Verbose: 0 : 37132, 3, 2025/11/02, 20:03:33.230, 713382814689, testhost.net472.exe, TestPluginCache: Discovered the extensions using extension path ''.
TpTrace Verbose: 0 : 37132, 3, 2025/11/02, 20:03:33.230, 713382815306, testhost.net472.exe, TestPluginCache: Discoverers are ''.
TpTrace Verbose: 0 : 37132, 3, 2025/11/02, 20:03:33.230, 713382815587, testhost.net472.exe, TestPluginCache: Executors are ''.
TpTrace Verbose: 0 : 37132, 3, 2025/11/02, 20:03:33.230, 713382815816, testhost.net472.exe, TestPluginCache: Executors2 are ''.
TpTrace Verbose: 0 : 37132, 3, 2025/11/02, 20:03:33.230, 713382816039, testhost.net472.exe, TestPluginCache: Setting providers are ''.
TpTrace Verbose: 0 : 37132, 3, 2025/11/02, 20:03:33.230, 713382816234, testhost.net472.exe, TestPluginCache: Loggers are ''.
TpTrace Verbose: 0 : 37132, 3, 2025/11/02, 20:03:33.230, 713382816544, testhost.net472.exe, TestPluginCache: TestHosts are ''.
TpTrace Verbose: 0 : 37132, 3, 2025/11/02, 20:03:33.230, 713382816787, testhost.net472.exe, TestPluginCache: DataCollectors are ''.
TpTrace Warning: 0 : 37132, 3, 2025/11/02, 20:03:33.231, 713382825124, testhost.net472.exe, No test is available in C:\Users\Dante Salvador\OneDrive\Documents\Task\order-submission-system\tests\OrderSubmissionSystem.Application.Tests\bin\Debug\net472\OrderSubmissionSystem.Application.Tests.dll. Make sure that test discoverer & executors are registered and platform & framework version settings are appropriate and try again.
TpTrace Verbose: 0 : 37132, 3, 2025/11/02, 20:03:33.231, 713382825901, testhost.net472.exe, TestRequestHandler.SendData: sending data from testhost: {"Version":7,"MessageType":"TestSession.Message","Payload":{"MessageLevel":1,"Message":"No test is available in C:\\Users\\Dante Salvador\\OneDrive\\Documents\\Task\\order-submission-system\\tests\\OrderSubmissionSystem.Application.Tests\\bin\\Debug\\net472\\OrderSubmissionSystem.Application.Tests.dll. Make sure that test discoverer & executors are registered and platform & framework version settings are appropriate and try again."}}
TpTrace Verbose: 0 : 37132, 3, 2025/11/02, 20:03:33.231, 713382826923, testhost.net472.exe, MulticastDelegateUtilities.SafeInvoke: TestRunMessageLoggerProxy.SendMessage: Invoking callback 1/1 for Microsoft.VisualStudio.TestPlatform.CrossPlatEngine.Execution.RunTestsWithSources., took 0 ms.
TpTrace Information: 0 : 37132, 3, 2025/11/02, 20:03:33.247, 713382993183, testhost.net472.exe, Sending test run complete
TpTrace Verbose: 0 : 37132, 3, 2025/11/02, 20:03:33.276, 713383276542, testhost.net472.exe, TestRequestHandler.SendData: sending data from testhost: {"Version":7,"MessageType":"TestExecution.Completed","Payload":{"TestRunCompleteArgs":{"TestRunStatistics":{"ExecutedTests":0,"Stats":{}},"IsCanceled":false,"IsAborted":false,"Error":null,"AttachmentSets":[],"InvokedDataCollectors":[],"ElapsedTimeInRunningTests":"00:00:00.0083433","Metrics":{},"DiscoveredExtensions":{"TestDiscoverers":[],"TestExecutors":[],"TestExecutors2":[],"TestSettingsProviders":[]}},"LastRunTests":{"NewTestResults":[],"TestRunStatistics":{"ExecutedTests":0,"Stats":{}},"ActiveTests":[]},"RunAttachments":[],"ExecutorUris":[]}}
TpTrace Verbose: 0 : 37132, 3, 2025/11/02, 20:03:33.276, 713383280872, testhost.net472.exe, BaseRunTests.RunTests: Run is complete.
TpTrace Verbose: 0 : 37132, 8, 2025/11/02, 20:03:33.276, 713383283520, testhost.net472.exe, TcpClientExtensions.MessageLoopAsync: NotifyDataAvailable remoteEndPoint: 127.0.0.1:59250 localEndPoint: 127.0.0.1:59251
TpTrace Information: 0 : 37132, 8, 2025/11/02, 20:03:33.276, 713383284528, testhost.net472.exe, TestRequestHandler.OnMessageReceived: received message: (TestSession.Terminate) -> {"MessageType":"TestSession.Terminate","Payload":null}
TpTrace Information: 0 : 37132, 8, 2025/11/02, 20:03:33.276, 713383284916, testhost.net472.exe, Session End message received from server. Closing the connection.
TpTrace Information: 0 : 37132, 8, 2025/11/02, 20:03:33.277, 713383290499, testhost.net472.exe, SocketClient.Stop: Stop communication from server endpoint: 127.0.0.1:059250
TpTrace Information: 0 : 37132, 8, 2025/11/02, 20:03:33.277, 713383291041, testhost.net472.exe, SocketClient: Stop: Cancellation requested. Stopping message loop.
TpTrace Information: 0 : 37132, 1, 2025/11/02, 20:03:33.277, 713383291905, testhost.net472.exe, SocketClient.Stop: Stop communication from server endpoint: 127.0.0.1:059250
TpTrace Information: 0 : 37132, 1, 2025/11/02, 20:03:33.277, 713383292536, testhost.net472.exe, SocketClient: Stop: Cancellation requested. Stopping message loop.
TpTrace Verbose: 0 : 37132, 8, 2025/11/02, 20:03:33.277, 713383293098, testhost.net472.exe, LengthPrefixCommunicationChannel.Dispose: Dispose reader and writer.
TpTrace Information: 0 : 37132, 8, 2025/11/02, 20:03:33.277, 713383293562, testhost.net472.exe, Closing the connection !
TpTrace Verbose: 0 : 37132, 8, 2025/11/02, 20:03:33.277, 713383293899, testhost.net472.exe, MulticastDelegateUtilities.SafeInvoke: LengthPrefixCommunicationChannel: MessageReceived: Invoking callback 1/1 for Microsoft.VisualStudio.TestPlatform.CommunicationUtilities.TestRequestHandler., took 0 ms.
TpTrace Verbose: 0 : 37132, 1, 2025/11/02, 20:03:33.277, 713383293637, testhost.net472.exe, LengthPrefixCommunicationChannel.Dispose: Dispose reader and writer.
TpTrace Information: 0 : 37132, 1, 2025/11/02, 20:03:33.278, 713383296907, testhost.net472.exe, Testhost process exiting.
TpTrace Information: 0 : 37132, 8, 2025/11/02, 20:03:33.278, 713383297987, testhost.net472.exe, SocketClient.PrivateStop: Stop communication from server endpoint: 127.0.0.1:059250, error:
TpTrace Verbose: 0 : 37132, 8, 2025/11/02, 20:03:33.278, 713383300122, testhost.net472.exe, LengthPrefixCommunicationChannel.Dispose: Dispose reader and writer.
TpTrace Verbose: 0 : 37132, 8, 2025/11/02, 20:03:33.278, 713383300695, testhost.net472.exe, TcpClientExtensions.MessageLoopAsync: exiting MessageLoopAsync remoteEndPoint: 127.0.0.1:59250 localEndPoint: 127.0.0.1:59251
