  Determining projects to restore...
  All projects are up-to-date for restore.
  OrderSubmissionSystem.Domain -> C:\Users\Dante Salvador\OneDrive\Documents\Task\order-submission-system\src\OrderSubmissionSystem.Domain\bin\Debug\OrderSubmissionSystem.Domain.dll
  OrderSubmissionSystem.Application -> C:\Users\Dante Salvador\OneDrive\Documents\Task\order-submission-system\src\OrderSubmissionSystem.Application\bin\Debug\OrderSubmissionSystem.Application.dll
  OrderSubmissionSystem.Infrastructure -> C:\Users\Dante Salvador\OneDrive\Documents\Task\order-submission-system\src\OrderSubmissionSystem.Infrastructure\bin\Debug\OrderSubmissionSystem.Infrastructure.dll
C:\Program Files\dotnet\sdk\9.0.304\Microsoft.Common.CurrentVersion.targets(2433,5): warning MSB3277: Found conflicts between different versions of "System.Runtime.CompilerServices.Unsafe" that could not be resolved. [C:\Users\Dante Salvador\OneDrive\Documents\Task\order-submission-system\tests\OrderSubmissionSystem.Application.Tests\OrderSubmissionSystem.Application.Tests.csproj]
C:\Program Files\dotnet\sdk\9.0.304\Microsoft.Common.CurrentVersion.targets(2433,5): warning MSB3277: There was a conflict between "System.Runtime.CompilerServices.Unsafe, Version=4.0.4.1, Culture=neutral, PublicKeyToken=b03f5f7f11d50a3a" and "System.Runtime.CompilerServices.Unsafe, Version=6.0.0.0, Culture=neutral, PublicKeyToken=b03f5f7f11d50a3a". [C:\Users\Dante Salvador\OneDrive\Documents\Task\order-submission-system\tests\OrderSubmissionSystem.Application.Tests\OrderSubmissionSystem.Application.Tests.csproj]
C:\Program Files\dotnet\sdk\9.0.304\Microsoft.Common.CurrentVersion.targets(2433,5): warning MSB3277:     "System.Runtime.CompilerServices.Unsafe, Version=4.0.4.1, Culture=neutral, PublicKeyToken=b03f5f7f11d50a3a" was chosen because it was primary and "System.Runtime.CompilerServices.Unsafe, Version=6.0.0.0, Culture=neutral, PublicKeyToken=b03f5f7f11d50a3a" was not. [C:\Users\Dante Salvador\OneDrive\Documents\Task\order-submission-system\tests\OrderSubmissionSystem.Application.Tests\OrderSubmissionSystem.Application.Tests.csproj]
C:\Program Files\dotnet\sdk\9.0.304\Microsoft.Common.CurrentVersion.targets(2433,5): warning MSB3277:     References which depend on "System.Runtime.CompilerServices.Unsafe, Version=4.0.4.1, Culture=neutral, PublicKeyToken=b03f5f7f11d50a3a" [C:\Users\Dante Salvador\.nuget\packages\system.runtime.compilerservices.unsafe\4.5.3\ref\net461\System.Runtime.CompilerServices.Unsafe.dll]. [C:\Users\Dante Salvador\OneDrive\Documents\Task\order-submission-system\tests\OrderSubmissionSystem.Application.Tests\OrderSubmissionSystem.Application.Tests.csproj]
C:\Program Files\dotnet\sdk\9.0.304\Microsoft.Common.CurrentVersion.targets(2433,5): warning MSB3277:         C:\Users\Dante Salvador\.nuget\packages\system.runtime.compilerservices.unsafe\4.5.3\ref\net461\System.Runtime.CompilerServices.Unsafe.dll [C:\Users\Dante Salvador\OneDrive\Documents\Task\order-submission-system\tests\OrderSubmissionSystem.Application.Tests\OrderSubmissionSystem.Application.Tests.csproj]
C:\Program Files\dotnet\sdk\9.0.304\Microsoft.Common.CurrentVersion.targets(2433,5): warning MSB3277:           Project file item includes which caused reference "C:\Users\Dante Salvador\.nuget\packages\system.runtime.compilerservices.unsafe\4.5.3\ref\net461\System.Runtime.CompilerServices.Unsafe.dll". [C:\Users\Dante Salvador\OneDrive\Documents\Task\order-submission-system\tests\OrderSubmissionSystem.Application.Tests\OrderSubmissionSystem.Application.Tests.csproj]
C:\Program Files\dotnet\sdk\9.0.304\Microsoft.Common.CurrentVersion.targets(2433,5): warning MSB3277:             C:\Users\Dante Salvador\.nuget\packages\system.runtime.compilerservices.unsafe\4.5.3\ref\net461\System.Runtime.CompilerServices.Unsafe.dll [C:\Users\Dante Salvador\OneDrive\Documents\Task\order-submission-system\tests\OrderSubmissionSystem.Application.Tests\OrderSubmissionSystem.Application.Tests.csproj]
C:\Program Files\dotnet\sdk\9.0.304\Microsoft.Common.CurrentVersion.targets(2433,5): warning MSB3277:     References which depend on or have been unified to "System.Runtime.CompilerServices.Unsafe, Version=6.0.0.0, Culture=neutral, PublicKeyToken=b03f5f7f11d50a3a" []. [C:\Users\Dante Salvador\OneDrive\Documents\Task\order-submission-system\tests\OrderSubmissionSystem.Application.Tests\OrderSubmissionSystem.Application.Tests.csproj]
C:\Program Files\dotnet\sdk\9.0.304\Microsoft.Common.CurrentVersion.targets(2433,5): warning MSB3277:         C:\Users\Dante Salvador\.nuget\packages\system.threading.tasks.extensions\4.5.4\lib\net461\System.Threading.Tasks.Extensions.dll [C:\Users\Dante Salvador\OneDrive\Documents\Task\order-submission-system\tests\OrderSubmissionSystem.Application.Tests\OrderSubmissionSystem.Application.Tests.csproj]
C:\Program Files\dotnet\sdk\9.0.304\Microsoft.Common.CurrentVersion.targets(2433,5): warning MSB3277:           Project file item includes which caused reference "C:\Users\Dante Salvador\.nuget\packages\system.threading.tasks.extensions\4.5.4\lib\net461\System.Threading.Tasks.Extensions.dll". [C:\Users\Dante Salvador\OneDrive\Documents\Task\order-submission-system\tests\OrderSubmissionSystem.Application.Tests\OrderSubmissionSystem.Application.Tests.csproj]
C:\Program Files\dotnet\sdk\9.0.304\Microsoft.Common.CurrentVersion.targets(2433,5): warning MSB3277:             C:\Users\Dante Salvador\.nuget\packages\system.threading.tasks.extensions\4.5.4\lib\net461\System.Threading.Tasks.Extensions.dll [C:\Users\Dante Salvador\OneDrive\Documents\Task\order-submission-system\tests\OrderSubmissionSystem.Application.Tests\OrderSubmissionSystem.Application.Tests.csproj]
C:\Program Files\dotnet\sdk\9.0.304\Microsoft.Common.CurrentVersion.targets(2433,5): warning MSB3277:             C:\Users\Dante Salvador\.nuget\packages\moq\4.20.70\lib\net462\Moq.dll [C:\Users\Dante Salvador\OneDrive\Documents\Task\order-submission-system\tests\OrderSubmissionSystem.Application.Tests\OrderSubmissionSystem.Application.Tests.csproj]
C:\Program Files\dotnet\sdk\9.0.304\Microsoft.Common.CurrentVersion.targets(2433,5): warning MSB3277:             C:\Users\Dante Salvador\OneDrive\Documents\Task\order-submission-system\src\OrderSubmissionSystem.Application\bin\Debug\OrderSubmissionSystem.Application.dll [C:\Users\Dante Salvador\OneDrive\Documents\Task\order-submission-system\tests\OrderSubmissionSystem.Application.Tests\OrderSubmissionSystem.Application.Tests.csproj]
C:\Program Files\dotnet\sdk\9.0.304\Microsoft.Common.CurrentVersion.targets(2433,5): warning MSB3277:             C:\Users\Dante Salvador\OneDrive\Documents\Task\order-submission-system\src\OrderSubmissionSystem.Infrastructure\bin\Debug\OrderSubmissionSystem.Infrastructure.dll [C:\Users\Dante Salvador\OneDrive\Documents\Task\order-submission-system\tests\OrderSubmissionSystem.Application.Tests\OrderSubmissionSystem.Application.Tests.csproj]
C:\Program Files\dotnet\sdk\9.0.304\Microsoft.Common.CurrentVersion.targets(2433,5): warning MSB3277:         C:\Users\Dante Salvador\OneDrive\Documents\Task\order-submission-system\src\OrderSubmissionSystem.Application\bin\Debug\System.Diagnostics.DiagnosticSource.dll [C:\Users\Dante Salvador\OneDrive\Documents\Task\order-submission-system\tests\OrderSubmissionSystem.Application.Tests\OrderSubmissionSystem.Application.Tests.csproj]
C:\Program Files\dotnet\sdk\9.0.304\Microsoft.Common.CurrentVersion.targets(2433,5): warning MSB3277:           Project file item includes which caused reference "C:\Users\Dante Salvador\OneDrive\Documents\Task\order-submission-system\src\OrderSubmissionSystem.Application\bin\Debug\System.Diagnostics.DiagnosticSource.dll". [C:\Users\Dante Salvador\OneDrive\Documents\Task\order-submission-system\tests\OrderSubmissionSystem.Application.Tests\OrderSubmissionSystem.Application.Tests.csproj]
C:\Program Files\dotnet\sdk\9.0.304\Microsoft.Common.CurrentVersion.targets(2433,5): warning MSB3277:             C:\Users\Dante Salvador\OneDrive\Documents\Task\order-submission-system\src\OrderSubmissionSystem.Application\bin\Debug\OrderSubmissionSystem.Application.dll [C:\Users\Dante Salvador\OneDrive\Documents\Task\order-submission-system\tests\OrderSubmissionSystem.Application.Tests\OrderSubmissionSystem.Application.Tests.csproj]
C:\Program Files\dotnet\sdk\9.0.304\Microsoft.Common.CurrentVersion.targets(2433,5): warning MSB3277:             C:\Users\Dante Salvador\OneDrive\Documents\Task\order-submission-system\src\OrderSubmissionSystem.Infrastructure\bin\Debug\OrderSubmissionSystem.Infrastructure.dll [C:\Users\Dante Salvador\OneDrive\Documents\Task\order-submission-system\tests\OrderSubmissionSystem.Application.Tests\OrderSubmissionSystem.Application.Tests.csproj]
C:\Program Files\dotnet\sdk\9.0.304\Microsoft.Common.CurrentVersion.targets(2433,5): warning MSB3277:         C:\Users\Dante Salvador\OneDrive\Documents\Task\order-submission-system\src\OrderSubmissionSystem.Application\bin\Debug\System.Memory.dll [C:\Users\Dante Salvador\OneDrive\Documents\Task\order-submission-system\tests\OrderSubmissionSystem.Application.Tests\OrderSubmissionSystem.Application.Tests.csproj]
C:\Program Files\dotnet\sdk\9.0.304\Microsoft.Common.CurrentVersion.targets(2433,5): warning MSB3277:           Project file item includes which caused reference "C:\Users\Dante Salvador\OneDrive\Documents\Task\order-submission-system\src\OrderSubmissionSystem.Application\bin\Debug\System.Memory.dll". [C:\Users\Dante Salvador\OneDrive\Documents\Task\order-submission-system\tests\OrderSubmissionSystem.Application.Tests\OrderSubmissionSystem.Application.Tests.csproj]
C:\Program Files\dotnet\sdk\9.0.304\Microsoft.Common.CurrentVersion.targets(2433,5): warning MSB3277:             C:\Users\Dante Salvador\OneDrive\Documents\Task\order-submission-system\src\OrderSubmissionSystem.Application\bin\Debug\OrderSubmissionSystem.Application.dll [C:\Users\Dante Salvador\OneDrive\Documents\Task\order-submission-system\tests\OrderSubmissionSystem.Application.Tests\OrderSubmissionSystem.Application.Tests.csproj]
C:\Program Files\dotnet\sdk\9.0.304\Microsoft.Common.CurrentVersion.targets(2433,5): warning MSB3277:             C:\Users\Dante Salvador\OneDrive\Documents\Task\order-submission-system\src\OrderSubmissionSystem.Infrastructure\bin\Debug\OrderSubmissionSystem.Infrastructure.dll [C:\Users\Dante Salvador\OneDrive\Documents\Task\order-submission-system\tests\OrderSubmissionSystem.Application.Tests\OrderSubmissionSystem.Application.Tests.csproj]
C:\Program Files\dotnet\sdk\9.0.304\Microsoft.Common.CurrentVersion.targets(2433,5): warning MSB3277: Found conflicts between different versions of "System.Runtime.CompilerServices.Unsafe" that could not be resolved. [C:\Users\Dante Salvador\OneDrive\Documents\Task\order-submission-system\tests\OrderSubmissionSystem.UnitTests\OrderSubmissionSystem.UnitTests.csproj]
C:\Program Files\dotnet\sdk\9.0.304\Microsoft.Common.CurrentVersion.targets(2433,5): warning MSB3277: There was a conflict between "System.Runtime.CompilerServices.Unsafe, Version=4.0.4.1, Culture=neutral, PublicKeyToken=b03f5f7f11d50a3a" and "System.Runtime.CompilerServices.Unsafe, Version=6.0.0.0, Culture=neutral, PublicKeyToken=b03f5f7f11d50a3a". [C:\Users\Dante Salvador\OneDrive\Documents\Task\order-submission-system\tests\OrderSubmissionSystem.UnitTests\OrderSubmissionSystem.UnitTests.csproj]
C:\Program Files\dotnet\sdk\9.0.304\Microsoft.Common.CurrentVersion.targets(2433,5): warning MSB3277:     "System.Runtime.CompilerServices.Unsafe, Version=4.0.4.1, Culture=neutral, PublicKeyToken=b03f5f7f11d50a3a" was chosen because it was primary and "System.Runtime.CompilerServices.Unsafe, Version=6.0.0.0, Culture=neutral, PublicKeyToken=b03f5f7f11d50a3a" was not. [C:\Users\Dante Salvador\OneDrive\Documents\Task\order-submission-system\tests\OrderSubmissionSystem.UnitTests\OrderSubmissionSystem.UnitTests.csproj]
C:\Program Files\dotnet\sdk\9.0.304\Microsoft.Common.CurrentVersion.targets(2433,5): warning MSB3277:     References which depend on "System.Runtime.CompilerServices.Unsafe, Version=4.0.4.1, Culture=neutral, PublicKeyToken=b03f5f7f11d50a3a" [C:\Users\Dante Salvador\.nuget\packages\system.runtime.compilerservices.unsafe\4.5.3\ref\net461\System.Runtime.CompilerServices.Unsafe.dll]. [C:\Users\Dante Salvador\OneDrive\Documents\Task\order-submission-system\tests\OrderSubmissionSystem.UnitTests\OrderSubmissionSystem.UnitTests.csproj]
C:\Program Files\dotnet\sdk\9.0.304\Microsoft.Common.CurrentVersion.targets(2433,5): warning MSB3277:         C:\Users\Dante Salvador\.nuget\packages\system.runtime.compilerservices.unsafe\4.5.3\ref\net461\System.Runtime.CompilerServices.Unsafe.dll [C:\Users\Dante Salvador\OneDrive\Documents\Task\order-submission-system\tests\OrderSubmissionSystem.UnitTests\OrderSubmissionSystem.UnitTests.csproj]
C:\Program Files\dotnet\sdk\9.0.304\Microsoft.Common.CurrentVersion.targets(2433,5): warning MSB3277:           Project file item includes which caused reference "C:\Users\Dante Salvador\.nuget\packages\system.runtime.compilerservices.unsafe\4.5.3\ref\net461\System.Runtime.CompilerServices.Unsafe.dll". [C:\Users\Dante Salvador\OneDrive\Documents\Task\order-submission-system\tests\OrderSubmissionSystem.UnitTests\OrderSubmissionSystem.UnitTests.csproj]
C:\Program Files\dotnet\sdk\9.0.304\Microsoft.Common.CurrentVersion.targets(2433,5): warning MSB3277:             C:\Users\Dante Salvador\.nuget\packages\system.runtime.compilerservices.unsafe\4.5.3\ref\net461\System.Runtime.CompilerServices.Unsafe.dll [C:\Users\Dante Salvador\OneDrive\Documents\Task\order-submission-system\tests\OrderSubmissionSystem.UnitTests\OrderSubmissionSystem.UnitTests.csproj]
C:\Program Files\dotnet\sdk\9.0.304\Microsoft.Common.CurrentVersion.targets(2433,5): warning MSB3277:     References which depend on or have been unified to "System.Runtime.CompilerServices.Unsafe, Version=6.0.0.0, Culture=neutral, PublicKeyToken=b03f5f7f11d50a3a" []. [C:\Users\Dante Salvador\OneDrive\Documents\Task\order-submission-system\tests\OrderSubmissionSystem.UnitTests\OrderSubmissionSystem.UnitTests.csproj]
C:\Program Files\dotnet\sdk\9.0.304\Microsoft.Common.CurrentVersion.targets(2433,5): warning MSB3277:         C:\Users\Dante Salvador\.nuget\packages\system.threading.tasks.extensions\4.5.4\lib\net461\System.Threading.Tasks.Extensions.dll [C:\Users\Dante Salvador\OneDrive\Documents\Task\order-submission-system\tests\OrderSubmissionSystem.UnitTests\OrderSubmissionSystem.UnitTests.csproj]
C:\Program Files\dotnet\sdk\9.0.304\Microsoft.Common.CurrentVersion.targets(2433,5): warning MSB3277:           Project file item includes which caused reference "C:\Users\Dante Salvador\.nuget\packages\system.threading.tasks.extensions\4.5.4\lib\net461\System.Threading.Tasks.Extensions.dll". [C:\Users\Dante Salvador\OneDrive\Documents\Task\order-submission-system\tests\OrderSubmissionSystem.UnitTests\OrderSubmissionSystem.UnitTests.csproj]
C:\Program Files\dotnet\sdk\9.0.304\Microsoft.Common.CurrentVersion.targets(2433,5): warning MSB3277:             C:\Users\Dante Salvador\.nuget\packages\system.threading.tasks.extensions\4.5.4\lib\net461\System.Threading.Tasks.Extensions.dll [C:\Users\Dante Salvador\OneDrive\Documents\Task\order-submission-system\tests\OrderSubmissionSystem.UnitTests\OrderSubmissionSystem.UnitTests.csproj]
C:\Program Files\dotnet\sdk\9.0.304\Microsoft.Common.CurrentVersion.targets(2433,5): warning MSB3277:             C:\Users\Dante Salvador\.nuget\packages\moq\4.20.70\lib\net462\Moq.dll [C:\Users\Dante Salvador\OneDrive\Documents\Task\order-submission-system\tests\OrderSubmissionSystem.UnitTests\OrderSubmissionSystem.UnitTests.csproj]
C:\Program Files\dotnet\sdk\9.0.304\Microsoft.Common.CurrentVersion.targets(2433,5): warning MSB3277:             C:\Users\Dante Salvador\OneDrive\Documents\Task\order-submission-system\src\OrderSubmissionSystem.Application\bin\Debug\OrderSubmissionSystem.Application.dll [C:\Users\Dante Salvador\OneDrive\Documents\Task\order-submission-system\tests\OrderSubmissionSystem.UnitTests\OrderSubmissionSystem.UnitTests.csproj]
C:\Program Files\dotnet\sdk\9.0.304\Microsoft.Common.CurrentVersion.targets(2433,5): warning MSB3277:             C:\Users\Dante Salvador\OneDrive\Documents\Task\order-submission-system\src\OrderSubmissionSystem.Infrastructure\bin\Debug\OrderSubmissionSystem.Infrastructure.dll [C:\Users\Dante Salvador\OneDrive\Documents\Task\order-submission-system\tests\OrderSubmissionSystem.UnitTests\OrderSubmissionSystem.UnitTests.csproj]
C:\Program Files\dotnet\sdk\9.0.304\Microsoft.Common.CurrentVersion.targets(2433,5): warning MSB3277:         C:\Users\Dante Salvador\OneDrive\Documents\Task\order-submission-system\src\OrderSubmissionSystem.Application\bin\Debug\System.Diagnostics.DiagnosticSource.dll [C:\Users\Dante Salvador\OneDrive\Documents\Task\order-submission-system\tests\OrderSubmissionSystem.UnitTests\OrderSubmissionSystem.UnitTests.csproj]
C:\Program Files\dotnet\sdk\9.0.304\Microsoft.Common.CurrentVersion.targets(2433,5): warning MSB3277:           Project file item includes which caused reference "C:\Users\Dante Salvador\OneDrive\Documents\Task\order-submission-system\src\OrderSubmissionSystem.Application\bin\Debug\System.Diagnostics.DiagnosticSource.dll". [C:\Users\Dante Salvador\OneDrive\Documents\Task\order-submission-system\tests\OrderSubmissionSystem.UnitTests\OrderSubmissionSystem.UnitTests.csproj]
C:\Program Files\dotnet\sdk\9.0.304\Microsoft.Common.CurrentVersion.targets(2433,5): warning MSB3277:             C:\Users\Dante Salvador\OneDrive\Documents\Task\order-submission-system\src\OrderSubmissionSystem.Application\bin\Debug\OrderSubmissionSystem.Application.dll [C:\Users\Dante Salvador\OneDrive\Documents\Task\order-submission-system\tests\OrderSubmissionSystem.UnitTests\OrderSubmissionSystem.UnitTests.csproj]
C:\Program Files\dotnet\sdk\9.0.304\Microsoft.Common.CurrentVersion.targets(2433,5): warning MSB3277:             C:\Users\Dante Salvador\OneDrive\Documents\Task\order-submission-system\src\OrderSubmissionSystem.Infrastructure\bin\Debug\OrderSubmissionSystem.Infrastructure.dll [C:\Users\Dante Salvador\OneDrive\Documents\Task\order-submission-system\tests\OrderSubmissionSystem.UnitTests\OrderSubmissionSystem.UnitTests.csproj]
C:\Program Files\dotnet\sdk\9.0.304\Microsoft.Common.CurrentVersion.targets(2433,5): warning MSB3277:         C:\Users\Dante Salvador\OneDrive\Documents\Task\order-submission-system\src\OrderSubmissionSystem.Application\bin\Debug\System.Memory.dll [C:\Users\Dante Salvador\OneDrive\Documents\Task\order-submission-system\tests\OrderSubmissionSystem.UnitTests\OrderSubmissionSystem.UnitTests.csproj]
C:\Program Files\dotnet\sdk\9.0.304\Microsoft.Common.CurrentVersion.targets(2433,5): warning MSB3277:           Project file item includes which caused reference "C:\Users\Dante Salvador\OneDrive\Documents\Task\order-submission-system\src\OrderSubmissionSystem.Application\bin\Debug\System.Memory.dll". [C:\Users\Dante Salvador\OneDrive\Documents\Task\order-submission-system\tests\OrderSubmissionSystem.UnitTests\OrderSubmissionSystem.UnitTests.csproj]
C:\Program Files\dotnet\sdk\9.0.304\Microsoft.Common.CurrentVersion.targets(2433,5): warning MSB3277:             C:\Users\Dante Salvador\OneDrive\Documents\Task\order-submission-system\src\OrderSubmissionSystem.Application\bin\Debug\OrderSubmissionSystem.Application.dll [C:\Users\Dante Salvador\OneDrive\Documents\Task\order-submission-system\tests\OrderSubmissionSystem.UnitTests\OrderSubmissionSystem.UnitTests.csproj]
C:\Program Files\dotnet\sdk\9.0.304\Microsoft.Common.CurrentVersion.targets(2433,5): warning MSB3277:             C:\Users\Dante Salvador\OneDrive\Documents\Task\order-submission-system\src\OrderSubmissionSystem.Infrastructure\bin\Debug\OrderSubmissionSystem.Infrastructure.dll [C:\Users\Dante Salvador\OneDrive\Documents\Task\order-submission-system\tests\OrderSubmissionSystem.UnitTests\OrderSubmissionSystem.UnitTests.csproj]
  OrderSubmissionSystem.Api -> C:\Users\Dante Salvador\OneDrive\Documents\Task\order-submission-system\src\OrderSubmissionSystem\OrderSubmissionSystem.Api\bin\OrderSubmissionSystem.Api.dll
  OrderSubmissionSystem.Application.Tests -> C:\Users\Dante Salvador\OneDrive\Documents\Task\order-submission-system\tests\OrderSubmissionSystem.Application.Tests\bin\Debug\net472\OrderSubmissionSystem.Application.Tests.dll
Test run for C:\Users\Dante Salvador\OneDrive\Documents\Task\order-submission-system\tests\OrderSubmissionSystem.Application.Tests\bin\Debug\net472\OrderSubmissionSystem.Application.Tests.dll (.NETFramework,Version=v4.7.2)
  OrderSubmissionSystem.UnitTests -> C:\Users\Dante Salvador\OneDrive\Documents\Task\order-submission-system\tests\OrderSubmissionSystem.UnitTests\bin\Debug\net472\OrderSubmissionSystem.UnitTests.dll
C:\Program Files\dotnet\sdk\9.0.304\Microsoft.Common.CurrentVersion.targets(2433,5): warning MSB3277: Found conflicts between different versions of "Newtonsoft.Json" that could not be resolved. [C:\Users\Dante Salvador\OneDrive\Documents\Task\order-submission-system\tests\OrderSubmissionSystem.Api.IntegrationTests\OrderSubmissionSystem.Api.IntegrationTests.csproj]
C:\Program Files\dotnet\sdk\9.0.304\Microsoft.Common.CurrentVersion.targets(2433,5): warning MSB3277: There was a conflict between "Newtonsoft.Json, Version=6.0.0.0, Culture=neutral, PublicKeyToken=30ad4fe6b2a6aeed" and "Newtonsoft.Json, Version=13.0.0.0, Culture=neutral, PublicKeyToken=30ad4fe6b2a6aeed". [C:\Users\Dante Salvador\OneDrive\Documents\Task\order-submission-system\tests\OrderSubmissionSystem.Api.IntegrationTests\OrderSubmissionSystem.Api.IntegrationTests.csproj]
C:\Program Files\dotnet\sdk\9.0.304\Microsoft.Common.CurrentVersion.targets(2433,5): warning MSB3277:     "Newtonsoft.Json, Version=6.0.0.0, Culture=neutral, PublicKeyToken=30ad4fe6b2a6aeed" was chosen because it was primary and "Newtonsoft.Json, Version=13.0.0.0, Culture=neutral, PublicKeyToken=30ad4fe6b2a6aeed" was not. [C:\Users\Dante Salvador\OneDrive\Documents\Task\order-submission-system\tests\OrderSubmissionSystem.Api.IntegrationTests\OrderSubmissionSystem.Api.IntegrationTests.csproj]
C:\Program Files\dotnet\sdk\9.0.304\Microsoft.Common.CurrentVersion.targets(2433,5): warning MSB3277:     References which depend on "Newtonsoft.Json, Version=6.0.0.0, Culture=neutral, PublicKeyToken=30ad4fe6b2a6aeed" [C:\Users\Dante Salvador\.nuget\packages\newtonsoft.json\6.0.4\lib\net45\Newtonsoft.Json.dll]. [C:\Users\Dante Salvador\OneDrive\Documents\Task\order-submission-system\tests\OrderSubmissionSystem.Api.IntegrationTests\OrderSubmissionSystem.Api.IntegrationTests.csproj]
C:\Program Files\dotnet\sdk\9.0.304\Microsoft.Common.CurrentVersion.targets(2433,5): warning MSB3277:         C:\Users\Dante Salvador\.nuget\packages\newtonsoft.json\6.0.4\lib\net45\Newtonsoft.Json.dll [C:\Users\Dante Salvador\OneDrive\Documents\Task\order-submission-system\tests\OrderSubmissionSystem.Api.IntegrationTests\OrderSubmissionSystem.Api.IntegrationTests.csproj]
C:\Program Files\dotnet\sdk\9.0.304\Microsoft.Common.CurrentVersion.targets(2433,5): warning MSB3277:           Project file item includes which caused reference "C:\Users\Dante Salvador\.nuget\packages\newtonsoft.json\6.0.4\lib\net45\Newtonsoft.Json.dll". [C:\Users\Dante Salvador\OneDrive\Documents\Task\order-submission-system\tests\OrderSubmissionSystem.Api.IntegrationTests\OrderSubmissionSystem.Api.IntegrationTests.csproj]
C:\Program Files\dotnet\sdk\9.0.304\Microsoft.Common.CurrentVersion.targets(2433,5): warning MSB3277:             C:\Users\Dante Salvador\.nuget\packages\newtonsoft.json\6.0.4\lib\net45\Newtonsoft.Json.dll [C:\Users\Dante Salvador\OneDrive\Documents\Task\order-submission-system\tests\OrderSubmissionSystem.Api.IntegrationTests\OrderSubmissionSystem.Api.IntegrationTests.csproj]
C:\Program Files\dotnet\sdk\9.0.304\Microsoft.Common.CurrentVersion.targets(2433,5): warning MSB3277:     References which depend on or have been unified to "Newtonsoft.Json, Version=13.0.0.0, Culture=neutral, PublicKeyToken=30ad4fe6b2a6aeed" []. [C:\Users\Dante Salvador\OneDrive\Documents\Task\order-submission-system\tests\OrderSubmissionSystem.Api.IntegrationTests\OrderSubmissionSystem.Api.IntegrationTests.csproj]
C:\Program Files\dotnet\sdk\9.0.304\Microsoft.Common.CurrentVersion.targets(2433,5): warning MSB3277:         C:\Users\Dante Salvador\OneDrive\Documents\Task\order-submission-system\src\OrderSubmissionSystem\OrderSubmissionSystem.Api\bin\OrderSubmissionSystem.Api.dll [C:\Users\Dante Salvador\OneDrive\Documents\Task\order-submission-system\tests\OrderSubmissionSystem.Api.IntegrationTests\OrderSubmissionSystem.Api.IntegrationTests.csproj]
C:\Program Files\dotnet\sdk\9.0.304\Microsoft.Common.CurrentVersion.targets(2433,5): warning MSB3277:           Project file item includes which caused reference "C:\Users\Dante Salvador\OneDrive\Documents\Task\order-submission-system\src\OrderSubmissionSystem\OrderSubmissionSystem.Api\bin\OrderSubmissionSystem.Api.dll". [C:\Users\Dante Salvador\OneDrive\Documents\Task\order-submission-system\tests\OrderSubmissionSystem.Api.IntegrationTests\OrderSubmissionSystem.Api.IntegrationTests.csproj]
C:\Program Files\dotnet\sdk\9.0.304\Microsoft.Common.CurrentVersion.targets(2433,5): warning MSB3277:             C:\Users\Dante Salvador\OneDrive\Documents\Task\order-submission-system\src\OrderSubmissionSystem\OrderSubmissionSystem.Api\bin\OrderSubmissionSystem.Api.dll [C:\Users\Dante Salvador\OneDrive\Documents\Task\order-submission-system\tests\OrderSubmissionSystem.Api.IntegrationTests\OrderSubmissionSystem.Api.IntegrationTests.csproj]
C:\Program Files\dotnet\sdk\9.0.304\Microsoft.Common.CurrentVersion.targets(2433,5): warning MSB3277:         C:\Users\Dante Salvador\OneDrive\Documents\Task\order-submission-system\src\OrderSubmissionSystem.Infrastructure\bin\Debug\OrderSubmissionSystem.Infrastructure.dll [C:\Users\Dante Salvador\OneDrive\Documents\Task\order-submission-system\tests\OrderSubmissionSystem.Api.IntegrationTests\OrderSubmissionSystem.Api.IntegrationTests.csproj]
C:\Program Files\dotnet\sdk\9.0.304\Microsoft.Common.CurrentVersion.targets(2433,5): warning MSB3277:           Project file item includes which caused reference "C:\Users\Dante Salvador\OneDrive\Documents\Task\order-submission-system\src\OrderSubmissionSystem.Infrastructure\bin\Debug\OrderSubmissionSystem.Infrastructure.dll". [C:\Users\Dante Salvador\OneDrive\Documents\Task\order-submission-system\tests\OrderSubmissionSystem.Api.IntegrationTests\OrderSubmissionSystem.Api.IntegrationTests.csproj]
C:\Program Files\dotnet\sdk\9.0.304\Microsoft.Common.CurrentVersion.targets(2433,5): warning MSB3277:             C:\Users\Dante Salvador\OneDrive\Documents\Task\order-submission-system\src\OrderSubmissionSystem.Infrastructure\bin\Debug\OrderSubmissionSystem.Infrastructure.dll [C:\Users\Dante Salvador\OneDrive\Documents\Task\order-submission-system\tests\OrderSubmissionSystem.Api.IntegrationTests\OrderSubmissionSystem.Api.IntegrationTests.csproj]
C:\Program Files\dotnet\sdk\9.0.304\Microsoft.Common.CurrentVersion.targets(2433,5): warning MSB3277:             C:\Users\Dante Salvador\OneDrive\Documents\Task\order-submission-system\src\OrderSubmissionSystem\OrderSubmissionSystem.Api\bin\OrderSubmissionSystem.Api.dll [C:\Users\Dante Salvador\OneDrive\Documents\Task\order-submission-system\tests\OrderSubmissionSystem.Api.IntegrationTests\OrderSubmissionSystem.Api.IntegrationTests.csproj]
C:\Program Files\dotnet\sdk\9.0.304\Microsoft.Common.CurrentVersion.targets(2433,5): warning MSB3277:         C:\Users\Dante Salvador\.nuget\packages\microsoft.aspnet.webapi.client\5.2.9\lib\net45\System.Net.Http.Formatting.dll [C:\Users\Dante Salvador\OneDrive\Documents\Task\order-submission-system\tests\OrderSubmissionSystem.Api.IntegrationTests\OrderSubmissionSystem.Api.IntegrationTests.csproj]
C:\Program Files\dotnet\sdk\9.0.304\Microsoft.Common.CurrentVersion.targets(2433,5): warning MSB3277:           Project file item includes which caused reference "C:\Users\Dante Salvador\.nuget\packages\microsoft.aspnet.webapi.client\5.2.9\lib\net45\System.Net.Http.Formatting.dll". [C:\Users\Dante Salvador\OneDrive\Documents\Task\order-submission-system\tests\OrderSubmissionSystem.Api.IntegrationTests\OrderSubmissionSystem.Api.IntegrationTests.csproj]
C:\Program Files\dotnet\sdk\9.0.304\Microsoft.Common.CurrentVersion.targets(2433,5): warning MSB3277:             C:\Users\Dante Salvador\.nuget\packages\microsoft.aspnet.webapi.client\5.2.9\lib\net45\System.Net.Http.Formatting.dll [C:\Users\Dante Salvador\OneDrive\Documents\Task\order-submission-system\tests\OrderSubmissionSystem.Api.IntegrationTests\OrderSubmissionSystem.Api.IntegrationTests.csproj]
C:\Program Files\dotnet\sdk\9.0.304\Microsoft.Common.CurrentVersion.targets(2433,5): warning MSB3277:             C:\Users\Dante Salvador\OneDrive\Documents\Task\order-submission-system\src\OrderSubmissionSystem\OrderSubmissionSystem.Api\bin\OrderSubmissionSystem.Api.dll [C:\Users\Dante Salvador\OneDrive\Documents\Task\order-submission-system\tests\OrderSubmissionSystem.Api.IntegrationTests\OrderSubmissionSystem.Api.IntegrationTests.csproj]
C:\Program Files\dotnet\sdk\9.0.304\Microsoft.Common.CurrentVersion.targets(2433,5): warning MSB3277:             C:\Users\Dante Salvador\.nuget\packages\microsoft.aspnet.webapi.core\5.2.9\lib\net45\System.Web.Http.dll [C:\Users\Dante Salvador\OneDrive\Documents\Task\order-submission-system\tests\OrderSubmissionSystem.Api.IntegrationTests\OrderSubmissionSystem.Api.IntegrationTests.csproj]
C:\Program Files\dotnet\sdk\9.0.304\Microsoft.Common.CurrentVersion.targets(2433,5): warning MSB3277:         C:\Users\Dante Salvador\.nuget\packages\microsoft.aspnet.webapi.core\5.2.9\lib\net45\System.Web.Http.dll [C:\Users\Dante Salvador\OneDrive\Documents\Task\order-submission-system\tests\OrderSubmissionSystem.Api.IntegrationTests\OrderSubmissionSystem.Api.IntegrationTests.csproj]
C:\Program Files\dotnet\sdk\9.0.304\Microsoft.Common.CurrentVersion.targets(2433,5): warning MSB3277:           Project file item includes which caused reference "C:\Users\Dante Salvador\.nuget\packages\microsoft.aspnet.webapi.core\5.2.9\lib\net45\System.Web.Http.dll". [C:\Users\Dante Salvador\OneDrive\Documents\Task\order-submission-system\tests\OrderSubmissionSystem.Api.IntegrationTests\OrderSubmissionSystem.Api.IntegrationTests.csproj]
C:\Program Files\dotnet\sdk\9.0.304\Microsoft.Common.CurrentVersion.targets(2433,5): warning MSB3277:             C:\Users\Dante Salvador\.nuget\packages\microsoft.aspnet.webapi.core\5.2.9\lib\net45\System.Web.Http.dll [C:\Users\Dante Salvador\OneDrive\Documents\Task\order-submission-system\tests\OrderSubmissionSystem.Api.IntegrationTests\OrderSubmissionSystem.Api.IntegrationTests.csproj]
C:\Program Files\dotnet\sdk\9.0.304\Microsoft.Common.CurrentVersion.targets(2433,5): warning MSB3277:             C:\Users\Dante Salvador\OneDrive\Documents\Task\order-submission-system\src\OrderSubmissionSystem\OrderSubmissionSystem.Api\bin\OrderSubmissionSystem.Api.dll [C:\Users\Dante Salvador\OneDrive\Documents\Task\order-submission-system\tests\OrderSubmissionSystem.Api.IntegrationTests\OrderSubmissionSystem.Api.IntegrationTests.csproj]
C:\Program Files\dotnet\sdk\9.0.304\Microsoft.Common.CurrentVersion.targets(2433,5): warning MSB3277:         C:\Users\Dante Salvador\OneDrive\Documents\Task\order-submission-system\src\OrderSubmissionSystem\OrderSubmissionSystem.Api\bin\Swashbuckle.Core.dll [C:\Users\Dante Salvador\OneDrive\Documents\Task\order-submission-system\tests\OrderSubmissionSystem.Api.IntegrationTests\OrderSubmissionSystem.Api.IntegrationTests.csproj]
C:\Program Files\dotnet\sdk\9.0.304\Microsoft.Common.CurrentVersion.targets(2433,5): warning MSB3277:           Project file item includes which caused reference "C:\Users\Dante Salvador\OneDrive\Documents\Task\order-submission-system\src\OrderSubmissionSystem\OrderSubmissionSystem.Api\bin\Swashbuckle.Core.dll". [C:\Users\Dante Salvador\OneDrive\Documents\Task\order-submission-system\tests\OrderSubmissionSystem.Api.IntegrationTests\OrderSubmissionSystem.Api.IntegrationTests.csproj]
C:\Program Files\dotnet\sdk\9.0.304\Microsoft.Common.CurrentVersion.targets(2433,5): warning MSB3277:             C:\Users\Dante Salvador\OneDrive\Documents\Task\order-submission-system\src\OrderSubmissionSystem\OrderSubmissionSystem.Api\bin\OrderSubmissionSystem.Api.dll [C:\Users\Dante Salvador\OneDrive\Documents\Task\order-submission-system\tests\OrderSubmissionSystem.Api.IntegrationTests\OrderSubmissionSystem.Api.IntegrationTests.csproj]
Test run for C:\Users\Dante Salvador\OneDrive\Documents\Task\order-submission-system\tests\OrderSubmissionSystem.UnitTests\bin\Debug\net472\OrderSubmissionSystem.UnitTests.dll (.NETFramework,Version=v4.7.2)
VSTest version 17.14.1 (x64)

VSTest version 17.14.1 (x64)

Starting test execution, please wait...
C:\Users\Dante Salvador\OneDrive\Documents\Task\order-submission-system\tests\OrderSubmissionSystem.Api.IntegrationTests\OrdersControllerTests.cs(36,73): error CS1056: Unexpected character '`' [C:\Users\Dante Salvador\OneDrive\Documents\Task\order-submission-system\tests\OrderSubmissionSystem.Api.IntegrationTests\OrderSubmissionSystem.Api.IntegrationTests.csproj]
C:\Users\Dante Salvador\OneDrive\Documents\Task\order-submission-system\tests\OrderSubmissionSystem.Api.IntegrationTests\OrdersControllerTests.cs(36,93): error CS1003: Syntax error, ',' expected [C:\Users\Dante Salvador\OneDrive\Documents\Task\order-submission-system\tests\OrderSubmissionSystem.Api.IntegrationTests\OrderSubmissionSystem.Api.IntegrationTests.csproj]
C:\Users\Dante Salvador\OneDrive\Documents\Task\order-submission-system\tests\OrderSubmissionSystem.Api.IntegrationTests\OrdersControllerTests.cs(36,94): error CS1002: ; expected [C:\Users\Dante Salvador\OneDrive\Documents\Task\order-submission-system\tests\OrderSubmissionSystem.Api.IntegrationTests\OrderSubmissionSystem.Api.IntegrationTests.csproj]
C:\Users\Dante Salvador\OneDrive\Documents\Task\order-submission-system\tests\OrderSubmissionSystem.Api.IntegrationTests\OrdersControllerTests.cs(69,73): error CS1056: Unexpected character '`' [C:\Users\Dante Salvador\OneDrive\Documents\Task\order-submission-system\tests\OrderSubmissionSystem.Api.IntegrationTests\OrderSubmissionSystem.Api.IntegrationTests.csproj]
C:\Users\Dante Salvador\OneDrive\Documents\Task\order-submission-system\tests\OrderSubmissionSystem.Api.IntegrationTests\OrdersControllerTests.cs(69,93): error CS1003: Syntax error, ',' expected [C:\Users\Dante Salvador\OneDrive\Documents\Task\order-submission-system\tests\OrderSubmissionSystem.Api.IntegrationTests\OrderSubmissionSystem.Api.IntegrationTests.csproj]
C:\Users\Dante Salvador\OneDrive\Documents\Task\order-submission-system\tests\OrderSubmissionSystem.Api.IntegrationTests\OrdersControllerTests.cs(69,94): error CS1002: ; expected [C:\Users\Dante Salvador\OneDrive\Documents\Task\order-submission-system\tests\OrderSubmissionSystem.Api.IntegrationTests\OrderSubmissionSystem.Api.IntegrationTests.csproj]
C:\Users\Dante Salvador\OneDrive\Documents\Task\order-submission-system\tests\OrderSubmissionSystem.Api.IntegrationTests\OrdersControllerTests.cs(91,70): error CS1056: Unexpected character '`' [C:\Users\Dante Salvador\OneDrive\Documents\Task\order-submission-system\tests\OrderSubmissionSystem.Api.IntegrationTests\OrderSubmissionSystem.Api.IntegrationTests.csproj]
C:\Users\Dante Salvador\OneDrive\Documents\Task\order-submission-system\tests\OrderSubmissionSystem.Api.IntegrationTests\OrdersControllerTests.cs(91,90): error CS1003: Syntax error, ',' expected [C:\Users\Dante Salvador\OneDrive\Documents\Task\order-submission-system\tests\OrderSubmissionSystem.Api.IntegrationTests\OrderSubmissionSystem.Api.IntegrationTests.csproj]
C:\Users\Dante Salvador\OneDrive\Documents\Task\order-submission-system\tests\OrderSubmissionSystem.Api.IntegrationTests\OrdersControllerTests.cs(91,91): error CS1002: ; expected [C:\Users\Dante Salvador\OneDrive\Documents\Task\order-submission-system\tests\OrderSubmissionSystem.Api.IntegrationTests\OrderSubmissionSystem.Api.IntegrationTests.csproj]
Starting test execution, please wait...
A total of 1 test files matched the specified pattern.
A total of 1 test files matched the specified pattern.
Failed to load extensions from file 'C:\Users\Dante Salvador\OneDrive\Documents\Task\order-submission-system\tests\OrderSubmissionSystem.Application.Tests\bin\Debug\net472\Microsoft.VisualStudio.TestPlatform.MSTest.TestAdapter.dll'. Please use /diag for more information.
Failed to load extensions from file 'C:\Users\Dante Salvador\OneDrive\Documents\Task\order-submission-system\tests\OrderSubmissionSystem.UnitTests\bin\Debug\net472\xunit.runner.visualstudio.testadapter.dll'. Please use /diag for more information.
No test is available in C:\Users\Dante Salvador\OneDrive\Documents\Task\order-submission-system\tests\OrderSubmissionSystem.Application.Tests\bin\Debug\net472\OrderSubmissionSystem.Application.Tests.dll. Make sure that test discoverer & executors are registered and platform & framework version settings are appropriate and try again.
No test is available in C:\Users\Dante Salvador\OneDrive\Documents\Task\order-submission-system\tests\OrderSubmissionSystem.UnitTests\bin\Debug\net472\OrderSubmissionSystem.UnitTests.dll. Make sure that test discoverer & executors are registered and platform & framework version settings are appropriate and try again.


Additionally, path to test adapters can be specified using /TestAdapterPath command. Example  /TestAdapterPath:<pathToCustomAdapters>.
Additionally, path to test adapters can be specified using /TestAdapterPath command. Example  /TestAdapterPath:<pathToCustomAdapters>.

Workload updates are available. Run `dotnet workload list` for more information.
